filename : 10, Label: [28 30 16], Prediction: [  9.99590218e-01   2.81949644e-04   4.36246082e-05]
filename : 1013, Label: [20 13 18], Prediction: [ 0.95954639  0.02133549  0.0125193 ]
filename : 103, Label: [15  3 16], Prediction: [ 0.43838832  0.40762854  0.03228055]
filename : 1048, Label: [26 25 24], Prediction: [ 0.73124129  0.19678883  0.04181827]
filename : 1064, Label: [ 5  4 25], Prediction: [ 0.56588876  0.37771547  0.02293436]
filename : 1085, Label: [ 7 28  5], Prediction: [ 0.4251726   0.25063789  0.12006918]
filename : 1100, Label: [12  7 10], Prediction: [ 0.7567575   0.08584203  0.07539965]
filename : 1121, Label: [17 26 21], Prediction: [ 0.62544805  0.17169331  0.11292761]
filename : 1141, Label: [26 21 29], Prediction: [ 0.68524337  0.26950416  0.03036183]
filename : 1163, Label: [28 24 13], Prediction: [ 0.51088142  0.41681901  0.05130639]
filename : 1185, Label: [3 4 7], Prediction: [  9.98336494e-01   8.52766738e-04   3.07389622e-04]
filename : 1199, Label: [ 8  2 28], Prediction: [ 0.8556419   0.13938035  0.00260738]
filename : 1217, Label: [10  5  6], Prediction: [ 0.3579286   0.29821944  0.12891644]
filename : 1232, Label: [21 13 20], Prediction: [ 0.60634094  0.21909475  0.09941838]
filename : 1250, Label: [26  6  4], Prediction: [ 0.82468539  0.05900064  0.045499  ]
filename : 1267, Label: [12  3  4], Prediction: [ 0.57153994  0.39509854  0.01703672]
filename : 1285, Label: [30  2 29], Prediction: [ 0.66198868  0.29811227  0.01409575]
filename : 131, Label: [6 5 4], Prediction: [ 0.43261328  0.12659276  0.10106587]
filename : 1327, Label: [12 19 30], Prediction: [ 0.99215162  0.00242302  0.0023879 ]
filename : 1350, Label: [15  7  9], Prediction: [ 0.93764079  0.05105223  0.00566741]
filename : 1371, Label: [20 13 16], Prediction: [ 0.97737533  0.01253582  0.00449104]
filename : 1386, Label: [ 5 23 11], Prediction: [ 0.73461789  0.09894258  0.07786378]
filename : 1400, Label: [29 20 27], Prediction: [ 0.38165042  0.24086463  0.17012215]
filename : 142, Label: [25  4  3], Prediction: [ 0.98853058  0.0083302   0.00255861]
filename : 1435, Label: [30 12 20], Prediction: [  9.99772251e-01   1.44443577e-04   2.46818217e-05]
filename : 1454, Label: [6 4 3], Prediction: [ 0.75796109  0.11318788  0.06018953]
filename : 147, Label: [26 25 27], Prediction: [ 0.92276138  0.03880624  0.02754485]
filename : 1488, Label: [ 4 23  5], Prediction: [ 0.75302231  0.13206944  0.05452555]
filename : 1506, Label: [20 13  9], Prediction: [ 0.8489719   0.05841184  0.03986544]
filename : 1528, Label: [7 5 3], Prediction: [ 0.73988807  0.18213354  0.05892501]
filename : 1543, Label: [25  4 26], Prediction: [ 0.63818747  0.30490202  0.04781026]
filename : 1563, Label: [24 26 27], Prediction: [  9.98718858e-01   1.23518740e-03   3.83452898e-05]
filename : 158, Label: [18 22 30], Prediction: [ 0.3561483   0.30853909  0.0955143 ]
filename : 1593, Label: [ 3 25  4], Prediction: [ 0.83924162  0.04787773  0.02914054]
filename : 1604, Label: [28  3 25], Prediction: [  9.99999762e-01   1.25193026e-07   6.89942468e-08]
filename : 1619, Label: [15 16  8], Prediction: [  9.99991894e-01   2.96812368e-06   2.10437975e-06]
filename : 1633, Label: [ 8 17  6], Prediction: [ 0.48746854  0.26987049  0.06464723]
filename : 1645, Label: [18 27 23], Prediction: [ 0.56395483  0.35920101  0.04399654]
filename : 1666, Label: [17  2  8], Prediction: [ 0.95584625  0.01989858  0.01660329]
filename : 168, Label: [ 4 12 10], Prediction: [ 0.4555077   0.33581677  0.08099425]
filename : 1699, Label: [23 26 25], Prediction: [ 0.35849252  0.26894405  0.19167137]
filename : 1708, Label: [22  5 20], Prediction: [ 0.84985322  0.04019462  0.03089267]
filename : 1726, Label: [26 25  6], Prediction: [ 0.81917232  0.04486199  0.03945477]
filename : 1753, Label: [13 20 15], Prediction: [ 0.48341006  0.38747007  0.03094522]
filename : 1771, Label: [16 26 19], Prediction: [ 0.5624938   0.23101008  0.08299801]
filename : 1787, Label: [3 4 6], Prediction: [ 0.4589729   0.43322521  0.09464506]
filename : 1801, Label: [20 13 24], Prediction: [ 0.68715322  0.15308063  0.07612645]
filename : 1820, Label: [17 26 18], Prediction: [ 0.75332361  0.137624    0.03503967]
filename : 1837, Label: [18 11 21], Prediction: [ 0.6955201   0.12921031  0.07936054]
filename : 185, Label: [20 16  6], Prediction: [ 0.66770464  0.29072446  0.03501171]
filename : 1869, Label: [21 26 29], Prediction: [ 0.99156439  0.00433522  0.00354298]
filename : 1898, Label: [21 27 26], Prediction: [ 0.35833088  0.21889006  0.15940909]
filename : 1909, Label: [20 13 15], Prediction: [  9.99087811e-01   6.80662633e-04   1.48714069e-04]
filename : 1931, Label: [12  4 24], Prediction: [ 0.39654076  0.34657383  0.23906779]
filename : 1948, Label: [26 25 24], Prediction: [ 0.77659422  0.1056803   0.0398654 ]
filename : 1969, Label: [14 21 29], Prediction: [ 0.97213113  0.02461077  0.00110359]
filename : 1988, Label: [14 21 11], Prediction: [  9.99915123e-01   5.57841558e-05   9.63571983e-06]
filename : 2001, Label: [20 16 26], Prediction: [ 0.47875178  0.45281914  0.02258508]
filename : 2020, Label: [17 18  8], Prediction: [  9.94098902e-01   3.81756108e-03   9.70316934e-04]
filename : 2036, Label: [13  8  9], Prediction: [ 0.92953426  0.04836067  0.00915887]
filename : 2053, Label: [14  6  9], Prediction: [ 0.45945519  0.26817924  0.12923382]
filename : 2075, Label: [22  5 26], Prediction: [ 0.64121038  0.13040972  0.06209726]
filename : 2094, Label: [3 6 5], Prediction: [ 0.77749342  0.1679683   0.02226029]
filename : 2114, Label: [ 9 18 13], Prediction: [ 0.37478071  0.23143984  0.1043577 ]
filename : 2135, Label: [3 7 6], Prediction: [ 0.93626577  0.03354617  0.01411385]
filename : 2154, Label: [15 30 19], Prediction: [ 0.48389629  0.12417822  0.09936856]
filename : 2170, Label: [26 24 22], Prediction: [  9.99935031e-01   3.95521711e-05   9.09443952e-06]
filename : 2187, Label: [28 25  3], Prediction: [  9.66557443e-01   3.14672478e-02   8.09258781e-04]
filename : 2199, Label: [20 24 26], Prediction: [  9.98893201e-01   9.76032054e-04   3.69588706e-05]
filename : 2210, Label: [28 30 27], Prediction: [ 0.95838457  0.02070063  0.00743993]
filename : 2229, Label: [18 30  6], Prediction: [ 0.53806686  0.44645277  0.00492409]
filename : 2249, Label: [15 23  9], Prediction: [  9.95354891e-01   1.81804178e-03   5.93155622e-04]
filename : 2266, Label: [16 10  8], Prediction: [ 0.59210563  0.28191128  0.0732424 ]
filename : 2287, Label: [30 18 16], Prediction: [  9.97209370e-01   2.10621231e-03   2.75997911e-04]
filename : 2300, Label: [18 21 20], Prediction: [ 0.92661619  0.04515199  0.01243585]
filename : 2327, Label: [18 20  9], Prediction: [ 0.35205933  0.18685292  0.16474615]
filename : 2342, Label: [22 27 19], Prediction: [ 0.45133379  0.26452994  0.13542557]
filename : 2362, Label: [23 27  9], Prediction: [ 0.38348883  0.34342712  0.09132445]
filename : 2378, Label: [12 10  3], Prediction: [ 0.74128371  0.20472027  0.03221656]
filename : 2401, Label: [22  6  3], Prediction: [ 0.87221766  0.05118208  0.02969915]
filename : 2418, Label: [ 3 25  2], Prediction: [ 0.69449639  0.14616288  0.03559704]
filename : 2443, Label: [28  2 30], Prediction: [ 0.61890066  0.32219064  0.02973531]
filename : 2458, Label: [16 10  9], Prediction: [ 0.62391287  0.18490298  0.08948714]
filename : 2472, Label: [ 5 25  4], Prediction: [ 0.77369571  0.14096661  0.05921719]
filename : 2488, Label: [25  5  4], Prediction: [ 0.95706254  0.03160593  0.0054231 ]
filename : 2511, Label: [24 26 27], Prediction: [  9.56781209e-01   4.09231111e-02   7.40584102e-04]
filename : 2527, Label: [18 11 15], Prediction: [  9.53819275e-01   4.48496900e-02   5.51518577e-04]
filename : 2554, Label: [19 15 21], Prediction: [ 0.65860415  0.27326152  0.03494063]
filename : 2575, Label: [4 3 6], Prediction: [ 0.56787962  0.15969892  0.07632107]
filename : 2586, Label: [20  6 18], Prediction: [ 0.60091978  0.14229845  0.14014608]
filename : 2608, Label: [ 7  8 15], Prediction: [ 0.4986476   0.4029831   0.04654336]
filename : 2630, Label: [11 10 16], Prediction: [ 0.98821729  0.00689389  0.00199966]
filename : 2650, Label: [20 24 13], Prediction: [ 0.60414809  0.24949706  0.04891074]
filename : 2668, Label: [ 8 19 16], Prediction: [ 0.26246667  0.14268667  0.13788298]
filename : 268, Label: [13  8 26], Prediction: [ 0.61958319  0.19902295  0.06592583]
filename : 2696, Label: [14 21 13], Prediction: [  9.80244637e-01   1.88169181e-02   5.15972846e-04]
filename : 2724, Label: [30 20 18], Prediction: [ 0.70161158  0.22915775  0.04592266]
filename : 2739, Label: [12 30 19], Prediction: [ 0.98845404  0.00484204  0.00285151]
filename : 2760, Label: [ 3 23  6], Prediction: [ 0.54205555  0.26412129  0.07489104]
filename : 2785, Label: [19 12 21], Prediction: [ 0.9163329   0.02514097  0.0251296 ]
filename : 2800, Label: [14 11 12], Prediction: [ 0.42884111  0.17556964  0.13794403]
filename : 2819, Label: [23 11  6], Prediction: [ 0.9344148   0.02865519  0.01694711]
filename : 2832, Label: [28 29  3], Prediction: [  9.99616623e-01   3.38438025e-04   3.53383875e-05]
filename : 285, Label: [13 20  9], Prediction: [ 0.77191538  0.13499714  0.06841366]
filename : 2872, Label: [23 26 25], Prediction: [  9.17290509e-01   8.00637677e-02   8.78508843e-04]
filename : 2896, Label: [19 16 13], Prediction: [ 0.64760268  0.14111623  0.07552488]
filename : 2915, Label: [12 24 10], Prediction: [ 0.88825405  0.06564943  0.03560266]
filename : 2930, Label: [ 6 10  5], Prediction: [ 0.87728435  0.10481273  0.01050423]
filename : 2948, Label: [12  2 16], Prediction: [ 0.26617461  0.23507755  0.19556375]
filename : 2964, Label: [ 8 20  7], Prediction: [ 0.59817863  0.2105875   0.07432744]
filename : 2983, Label: [14 21  6], Prediction: [  9.99921679e-01   3.19772189e-05   1.29079181e-05]
filename : 3000, Label: [23  6 27], Prediction: [ 0.99089527  0.00303175  0.00184201]
filename : 3020, Label: [ 6 19 21], Prediction: [ 0.26930895  0.26261801  0.10798675]
filename : 3033, Label: [18 30 20], Prediction: [ 0.99152923  0.00257789  0.00202065]
filename : 3048, Label: [19 15 16], Prediction: [ 0.54690915  0.12822507  0.11403704]
filename : 3062, Label: [26  4  3], Prediction: [ 0.98100775  0.00782437  0.00332498]
filename : 3077, Label: [24 26 27], Prediction: [ 0.98916888  0.00868294  0.0012543 ]
filename : 3098, Label: [27 15 20], Prediction: [ 0.444563    0.14298658  0.13975407]
filename : 3114, Label: [17  2 18], Prediction: [ 0.42529866  0.36494854  0.08440388]
filename : 3128, Label: [19 20 13], Prediction: [ 0.31158355  0.19194479  0.12136324]
filename : 3142, Label: [26  6 22], Prediction: [ 0.288037    0.21419391  0.21212895]
filename : 3159, Label: [15  3  2], Prediction: [ 0.73832041  0.16278116  0.04308588]
filename : 3170, Label: [ 7  8 17], Prediction: [ 0.92065883  0.05692409  0.00515465]
filename : 3188, Label: [28  5  3], Prediction: [ 0.44921449  0.2520186   0.23094752]
filename : 3202, Label: [10  7 20], Prediction: [ 0.76451677  0.0790847   0.07028367]
filename : 3219, Label: [14 11 21], Prediction: [  9.99997854e-01   1.49031473e-06   4.78266372e-07]
filename : 3242, Label: [24 27 22], Prediction: [ 0.79551828  0.15685779  0.01835481]
filename : 3256, Label: [23 27 26], Prediction: [ 0.37244573  0.34791708  0.12837546]
filename : 3276, Label: [ 6 20 15], Prediction: [ 0.4724074   0.31326565  0.07090444]
filename : 3291, Label: [15 23 16], Prediction: [ 0.98401678  0.0101703   0.00201949]
filename : 3306, Label: [12 16 10], Prediction: [ 0.53587294  0.16628322  0.14304437]
filename : 3329, Label: [21 14 22], Prediction: [ 0.44376346  0.3383069   0.09850284]
filename : 3351, Label: [29 26 19], Prediction: [ 0.3784852   0.23425692  0.11775955]
filename : 3374, Label: [14  6 25], Prediction: [ 0.2965101   0.16220647  0.1279113 ]
filename : 3392, Label: [29 26  7], Prediction: [ 0.55365986  0.33197507  0.07801197]
filename : 3413, Label: [20 17 13], Prediction: [ 0.47878346  0.21216305  0.08811808]
filename : 3430, Label: [ 5 10 26], Prediction: [ 0.46138358  0.17624933  0.12488285]
filename : 3444, Label: [30 12 24], Prediction: [ 0.46119153  0.22882652  0.13569346]
filename : 3459, Label: [25 20  2], Prediction: [ 0.67291772  0.06219172  0.05488131]
filename : 3471, Label: [13  8  9], Prediction: [ 0.74019682  0.17758057  0.06893891]
filename : 3484, Label: [24 27 30], Prediction: [ 0.42648593  0.37018245  0.18565075]
filename : 3501, Label: [28 12  2], Prediction: [ 0.4275623   0.24039638  0.12161823]
filename : 352, Label: [20  6 26], Prediction: [ 0.59708494  0.24977703  0.07957618]
filename : 3536, Label: [ 3 25 28], Prediction: [ 0.31282985  0.26355273  0.24023986]
filename : 3553, Label: [20 15 13], Prediction: [ 0.94287646  0.02023742  0.016692  ]
filename : 357, Label: [12 14 24], Prediction: [ 0.98923373  0.00569849  0.00305171]
filename : 3589, Label: [8 7 9], Prediction: [ 0.5991478   0.35210764  0.0443334 ]
filename : 3605, Label: [28 29 26], Prediction: [ 0.8892327   0.07138734  0.03072067]
filename : 363, Label: [11 23 18], Prediction: [ 0.76717681  0.08767385  0.06118028]
filename : 365, Label: [18 30 28], Prediction: [ 0.81585991  0.15147786  0.02232239]
filename : 3665, Label: [20 24 30], Prediction: [ 0.77472883  0.12262183  0.0283647 ]
filename : 3680, Label: [20 29 26], Prediction: [ 0.71739078  0.09394414  0.07872591]
filename : 3698, Label: [26  6 22], Prediction: [ 0.59583271  0.08361207  0.06495301]
filename : 3724, Label: [12  8  3], Prediction: [ 0.95586509  0.01774205  0.0066284 ]
filename : 3739, Label: [27 25 12], Prediction: [ 0.91475928  0.01995191  0.01499902]
filename : 3752, Label: [3 4 6], Prediction: [ 0.65457141  0.24537878  0.06769132]
filename : 3767, Label: [ 3 12  4], Prediction: [ 0.57132345  0.23802936  0.17440194]
filename : 3785, Label: [ 6 26 23], Prediction: [ 0.60240155  0.12655455  0.08702468]
filename : 3803, Label: [15 23  4], Prediction: [  9.99823153e-01   6.15025128e-05   2.37334789e-05]
filename : 3833, Label: [21 29 30], Prediction: [ 0.37453732  0.19974497  0.15943581]
filename : 3851, Label: [22 27 21], Prediction: [ 0.88792324  0.03655289  0.03527639]
filename : 3870, Label: [29 15 19], Prediction: [ 0.78446412  0.09931225  0.02790848]
filename : 3891, Label: [24 25 27], Prediction: [ 0.88759565  0.07674437  0.01874299]
filename : 3915, Label: [23  3  7], Prediction: [  9.60609257e-01   3.69993038e-02   7.70120823e-04]
filename : 3929, Label: [20 26 23], Prediction: [ 0.81666982  0.08570664  0.05265697]
filename : 3950, Label: [15  7 23], Prediction: [ 0.99353653  0.00223058  0.00154042]
filename : 3962, Label: [26 24  4], Prediction: [ 0.91653883  0.03951548  0.0323271 ]
filename : 3978, Label: [28  3  2], Prediction: [  9.99999642e-01   3.42148581e-07   3.45934978e-08]
filename : 3999, Label: [26 20 16], Prediction: [ 0.49689317  0.39734992  0.06830274]
filename : 4020, Label: [12 30 28], Prediction: [  9.99983311e-01   1.27602943e-05   1.12011492e-06]
filename : 4037, Label: [11 13 10], Prediction: [ 0.65747255  0.11530501  0.06679492]
filename : 4056, Label: [ 7  9 27], Prediction: [ 0.59133828  0.16660601  0.06549714]
filename : 4071, Label: [20 26 16], Prediction: [  9.99634743e-01   2.46039242e-04   7.74967193e-05]
filename : 4085, Label: [12 14 13], Prediction: [ 0.55456585  0.16612695  0.16456987]
filename : 410, Label: [12  4  3], Prediction: [ 0.81148094  0.10622146  0.07174762]
filename : 4111, Label: [ 8  7 17], Prediction: [ 0.84252137  0.08511215  0.01981744]
filename : 4127, Label: [7 8 3], Prediction: [ 0.94462639  0.04519157  0.00754996]
filename : 4143, Label: [14  6 11], Prediction: [  9.99434173e-01   5.36515319e-04   8.29165037e-06]
filename : 4173, Label: [22  6  4], Prediction: [ 0.77675736  0.18214694  0.01765137]
filename : 4194, Label: [10 20 26], Prediction: [ 0.61441857  0.33106607  0.0217973 ]
filename : 4216, Label: [27 19 21], Prediction: [ 0.54242164  0.31414241  0.07439554]
filename : 4235, Label: [13  8  9], Prediction: [  9.98340368e-01   6.98301126e-04   1.95093438e-04]
filename : 4257, Label: [26  6 25], Prediction: [ 0.97344697  0.01027485  0.00760344]
filename : 428, Label: [23  7  5], Prediction: [ 0.60117847  0.22635764  0.0851576 ]
filename : 4298, Label: [ 3 15 10], Prediction: [ 0.9353255   0.0147626   0.01397826]
filename : 4320, Label: [11 23  6], Prediction: [ 0.96479601  0.01371934  0.00709205]
filename : 4345, Label: [22 26  4], Prediction: [ 0.70376378  0.19767076  0.03282284]
filename : 4359, Label: [13  8  7], Prediction: [ 0.78602684  0.13620669  0.01836001]
filename : 438, Label: [24 14 25], Prediction: [ 0.9390744   0.03630107  0.00857708]
filename : 4398, Label: [ 4  3 12], Prediction: [ 0.91506714  0.07368832  0.00306852]
filename : 4413, Label: [29  8 26], Prediction: [ 0.72934985  0.1826259   0.06081768]
filename : 4435, Label: [ 3 12 19], Prediction: [ 0.42620933  0.37470904  0.06679035]
filename : 4457, Label: [18 23 27], Prediction: [ 0.60136175  0.25627965  0.06567512]
filename : 4484, Label: [ 3 23  5], Prediction: [ 0.48336148  0.2083618   0.1547967 ]
filename : 451, Label: [19 23 22], Prediction: [ 0.59626138  0.23792171  0.14644679]
filename : 453, Label: [12  8  4], Prediction: [  9.99996543e-01   1.49198797e-06   1.45348690e-06]
filename : 4550, Label: [27 22 28], Prediction: [ 0.76548338  0.1979467   0.01540228]
filename : 4569, Label: [ 6 23  4], Prediction: [ 0.69792104  0.22854452  0.02999199]
filename : 4587, Label: [30 18 21], Prediction: [ 0.98341399  0.00824061  0.00475071]
filename : 4608, Label: [14 21  9], Prediction: [ 0.98290449  0.00762544  0.00284951]
filename : 4629, Label: [23 18  3], Prediction: [ 0.47519764  0.44083193  0.02896493]
filename : 4645, Label: [27  9 28], Prediction: [ 0.97755229  0.01896421  0.00304843]
filename : 4659, Label: [21 25 13], Prediction: [ 0.22722498  0.11123122  0.10019576]
filename : 468, Label: [20  7 13], Prediction: [ 0.99378079  0.00325287  0.00221962]
filename : 4702, Label: [30 12 27], Prediction: [  9.99993563e-01   4.97862220e-06   8.16395811e-07]
filename : 4728, Label: [11 18 15], Prediction: [ 0.42781717  0.24293919  0.18704271]
filename : 4741, Label: [14  6 11], Prediction: [  9.99995708e-01   2.28986619e-06   9.11085579e-07]
filename : 4767, Label: [22 26 20], Prediction: [ 0.69305247  0.22079952  0.08127814]
filename : 4779, Label: [23 18  6], Prediction: [ 0.55867332  0.22551659  0.08514893]
filename : 4792, Label: [12 13 30], Prediction: [ 0.9876852   0.0034542   0.00293235]
filename : 4817, Label: [20  9  7], Prediction: [ 0.8204785   0.08420298  0.03529466]
filename : 4830, Label: [15 17 29], Prediction: [ 0.98472518  0.01318683  0.00131618]
filename : 4847, Label: [27  9  8], Prediction: [ 0.8718155   0.11180407  0.00653225]
filename : 4868, Label: [11 16 10], Prediction: [ 0.97341591  0.01654785  0.00444983]
filename : 4884, Label: [15 19 16], Prediction: [ 0.9531846   0.02651695  0.01635797]
filename : 4907, Label: [10 13 16], Prediction: [ 0.35926425  0.35074621  0.08722834]
filename : 4922, Label: [13 26  4], Prediction: [ 0.71965116  0.24976566  0.01827465]
filename : 4940, Label: [30 28 27], Prediction: [ 0.54271078  0.37725899  0.04043045]
filename : 4963, Label: [ 4  6 12], Prediction: [ 0.77586138  0.10882916  0.07234322]
filename : 4981, Label: [12  8  3], Prediction: [ 0.80528903  0.13346852  0.01591325]
filename : 4999, Label: [10 15 16], Prediction: [ 0.80855644  0.18167184  0.00825026]
filename : 5014, Label: [ 6 14 26], Prediction: [ 0.84737027  0.12440845  0.02087349]
filename : 5033, Label: [ 7 20 15], Prediction: [ 0.70785338  0.21188565  0.04085576]
filename : 5053, Label: [13  4 28], Prediction: [ 0.25639275  0.16728961  0.14420573]
filename : 5072, Label: [26 13 19], Prediction: [ 0.24202666  0.20181094  0.14588062]
filename : 5090, Label: [22 21 26], Prediction: [ 0.68857324  0.16631593  0.08186858]
filename : 5107, Label: [ 7 20 26], Prediction: [ 0.43261194  0.27626306  0.0676346 ]
filename : 5124, Label: [14 21 30], Prediction: [  9.99998689e-01   4.41168879e-07   3.27281583e-07]
filename : 5143, Label: [18 23 11], Prediction: [ 0.69522816  0.12432691  0.07204074]
filename : 5165, Label: [16  9 10], Prediction: [ 0.99187124  0.00401003  0.00289291]
filename : 5178, Label: [ 8 13 28], Prediction: [ 0.71517366  0.16367556  0.09029166]
filename : 5195, Label: [30 29  3], Prediction: [ 0.95128942  0.02775526  0.01216523]
filename : 5207, Label: [14 11 21], Prediction: [  9.99984622e-01   3.40351062e-06   3.05436902e-06]
filename : 5225, Label: [ 4 25 26], Prediction: [ 0.68924576  0.14276837  0.11949844]
filename : 525, Label: [26 28 23], Prediction: [ 0.75062865  0.09481519  0.06972594]
filename : 5266, Label: [20 13 29], Prediction: [ 0.57451266  0.40235937  0.00926196]
filename : 5282, Label: [12  9 11], Prediction: [ 0.75552094  0.11431526  0.06510161]
filename : 5309, Label: [27 22 28], Prediction: [ 0.88704014  0.037564    0.03409785]
filename : 5324, Label: [ 5 22 27], Prediction: [ 0.40723407  0.36245996  0.21513999]
filename : 5340, Label: [15 16  8], Prediction: [ 0.68258905  0.29131198  0.01254634]
filename : 5360, Label: [14 30 15], Prediction: [ 0.53504175  0.09343996  0.07662429]
filename : 5385, Label: [10 26 12], Prediction: [  9.99995112e-01   1.88317824e-06   1.38324219e-06]
filename : 5402, Label: [23 25  3], Prediction: [ 0.50149423  0.25061491  0.17407808]
filename : 5412, Label: [ 3 12  8], Prediction: [ 0.90702999  0.04005739  0.0269074 ]
filename : 5427, Label: [26  6 25], Prediction: [ 0.53358257  0.08937621  0.08307459]
filename : 5449, Label: [27 11 22], Prediction: [ 0.82762241  0.11107016  0.03716885]
filename : 5461, Label: [24 27 12], Prediction: [ 0.99179989  0.00348983  0.00318893]
filename : 5473, Label: [18 30 11], Prediction: [ 0.96893388  0.0258852   0.00407016]
filename : 5492, Label: [27 22 12], Prediction: [ 0.97675169  0.02060164  0.00212053]
filename : 5502, Label: [21 19 15], Prediction: [ 0.98523152  0.00769745  0.00190342]
filename : 5518, Label: [10 11 16], Prediction: [ 0.90188247  0.05881266  0.02334614]
filename : 5535, Label: [17  9  8], Prediction: [ 0.96649551  0.01124403  0.0100193 ]
filename : 5557, Label: [ 2 20 17], Prediction: [ 0.35349885  0.30846825  0.14966002]
filename : 5569, Label: [3 7 5], Prediction: [ 0.38328302  0.23101577  0.20906223]
filename : 5583, Label: [24 27 30], Prediction: [ 0.90254074  0.07363246  0.00514692]
filename : 5598, Label: [26 13  8], Prediction: [ 0.81780422  0.09336849  0.01922916]
filename : 5614, Label: [16 10  6], Prediction: [ 0.87317044  0.11122841  0.00858025]
filename : 5626, Label: [15  3 19], Prediction: [ 0.91545182  0.03291548  0.0170617 ]
filename : 5640, Label: [20 13  9], Prediction: [ 0.69061059  0.08348463  0.0751757 ]
filename : 5657, Label: [26 24 22], Prediction: [ 0.62310559  0.24253772  0.04402006]
filename : 5674, Label: [13  9 20], Prediction: [ 0.52317548  0.29138005  0.09164564]
filename : 5697, Label: [24 28 25], Prediction: [ 0.56019396  0.23536424  0.09648979]
filename : 5713, Label: [17 19 26], Prediction: [ 0.69973779  0.19062281  0.082483  ]
filename : 5726, Label: [12 22  8], Prediction: [ 0.42311463  0.22040434  0.08979124]
filename : 5741, Label: [ 6 16 23], Prediction: [  9.98250782e-01   6.44647283e-04   2.60071130e-04]
filename : 5760, Label: [30 18 12], Prediction: [ 0.98151684  0.00913059  0.00345457]
filename : 5791, Label: [ 3 12  4], Prediction: [ 0.72947621  0.17415538  0.08489046]
filename : 5811, Label: [12 21 30], Prediction: [ 0.49798086  0.25131604  0.15600632]
filename : 5829, Label: [23  5  6], Prediction: [  9.94778991e-01   2.46005366e-03   9.19494196e-04]
filename : 585, Label: [26 15  8], Prediction: [ 0.38541862  0.33511484  0.04372754]
filename : 5868, Label: [30 27 28], Prediction: [  9.99984860e-01   1.34687762e-05   1.24052076e-06]
filename : 5886, Label: [13 20 28], Prediction: [ 0.44840437  0.44270667  0.03013388]
filename : 5904, Label: [ 7  9 15], Prediction: [ 0.62114108  0.25048071  0.09550332]
filename : 5928, Label: [24 27 25], Prediction: [ 0.87615961  0.10575486  0.01474463]
filename : 5940, Label: [30 11 12], Prediction: [ 0.48809859  0.37306938  0.05988516]
filename : 5959, Label: [28 25  2], Prediction: [ 0.67157465  0.29535893  0.01716119]
filename : 5980, Label: [30 29 21], Prediction: [  9.98852611e-01   7.06819061e-04   1.95845219e-04]
filename : 5997, Label: [28 13  8], Prediction: [ 0.91211492  0.08396622  0.00139503]
filename : 617, Label: [27 22  2], Prediction: [ 0.50146085  0.16526689  0.14251888]
filename : 631, Label: [ 3 15  7], Prediction: [ 0.95456183  0.03587077  0.00900541]
filename : 654, Label: [20 10 13], Prediction: [  9.96771038e-01   2.19947263e-03   7.35707348e-04]
filename : 668, Label: [4 3 6], Prediction: [ 0.8484208   0.08890663  0.02860697]
filename : 684, Label: [25 23 26], Prediction: [ 0.71315849  0.12345172  0.04435106]
filename : 705, Label: [13 26  8], Prediction: [ 0.360075    0.21493441  0.16103978]
filename : 72, Label: [15  7  6], Prediction: [ 0.34851032  0.34155026  0.09803208]
filename : 737, Label: [20 15  7], Prediction: [ 0.85321712  0.08647309  0.01654551]
filename : 754, Label: [24 12 30], Prediction: [ 0.52040917  0.25700209  0.06848002]
filename : 775, Label: [25 30 22], Prediction: [ 0.23000586  0.18769582  0.14034241]
filename : 790, Label: [28 30 27], Prediction: [ 0.94999361  0.01286173  0.00762879]
filename : 808, Label: [12  8  3], Prediction: [ 0.84643626  0.11686981  0.02627303]
filename : 828, Label: [ 8  3 12], Prediction: [ 0.67929786  0.23700969  0.04891187]
filename : 844, Label: [21 15 22], Prediction: [ 0.88057041  0.03401273  0.0260714 ]
filename : 861, Label: [ 9 15 17], Prediction: [ 0.56433648  0.2370234   0.15939553]
filename : 88, Label: [30 28 18], Prediction: [  9.99956131e-01   2.52604095e-05   1.45886424e-05]
filename : 898, Label: [ 6  4 26], Prediction: [ 0.58070201  0.15321292  0.14055033]
filename : 91, Label: [24 20 30], Prediction: [ 0.35059395  0.27161816  0.1321716 ]
filename : 930, Label: [6 4 5], Prediction: [ 0.26120153  0.22602823  0.2048341 ]
filename : 947, Label: [22 20 26], Prediction: [ 0.63102937  0.13147804  0.09235006]
filename : 962, Label: [20 23 15], Prediction: [ 0.57127327  0.34991497  0.03473902]
filename : 979, Label: [30 27 24], Prediction: [ 0.94454247  0.01507407  0.0112491 ]
