filename : 10, Label: 27, Prediction: [  9.10911262e-01   8.58326033e-02   9.02371597e-04]
filename : 1005, Label: 17, Prediction: [  9.58794057e-01   3.85240689e-02   6.10924559e-04]
filename : 1013, Label: 19, Prediction: [ 0.52833045  0.17549457  0.05827921]
filename : 1021, Label: 11, Prediction: [ 0.86800963  0.12154099  0.00244673]
filename : 103, Label: 14, Prediction: [ 0.78827882  0.05390528  0.02990038]
filename : 1037, Label: 17, Prediction: [ 0.78957599  0.19607675  0.00742527]
filename : 1048, Label: 22, Prediction: [ 0.33849511  0.1762235   0.16620164]
filename : 1059, Label: 24, Prediction: [ 0.94771987  0.00674148  0.00644841]
filename : 106, Label: 22, Prediction: [ 0.68647176  0.29836878  0.00457469]
filename : 1070, Label: 24, Prediction: [ 0.50037915  0.37195846  0.0507559 ]
filename : 1078, Label: 4, Prediction: [ 0.53383267  0.32513228  0.0476694 ]
filename : 1086, Label: 15, Prediction: [ 0.82277143  0.08477044  0.02295103]
filename : 1093, Label: 8, Prediction: [ 0.89209741  0.02515606  0.01826271]
filename : 1102, Label: 23, Prediction: [ 0.83297813  0.06059415  0.04233434]
filename : 1113, Label: 7, Prediction: [ 0.93922573  0.0268354   0.00538481]
filename : 1122, Label: 16, Prediction: [ 0.77155191  0.08152455  0.05875816]
filename : 1128, Label: 9, Prediction: [ 0.66227347  0.18356229  0.0456052 ]
filename : 1138, Label: 23, Prediction: [ 0.44405231  0.25197944  0.2132272 ]
filename : 1145, Label: 14, Prediction: [ 0.41230074  0.18790716  0.07122549]
filename : 1154, Label: 11, Prediction: [ 0.62654781  0.19680472  0.0438842 ]
filename : 1168, Label: 8, Prediction: [ 0.58671159  0.12186611  0.09884967]
filename : 118, Label: 23, Prediction: [ 0.53136742  0.3699649   0.0177544 ]
filename : 1187, Label: 24, Prediction: [ 0.55645746  0.24195634  0.12936461]
filename : 1194, Label: 20, Prediction: [ 0.42707166  0.21321319  0.15436748]
filename : 1196, Label: 13, Prediction: [ 0.89054376  0.06726896  0.02484409]
filename : 1202, Label: 13, Prediction: [ 0.99569148  0.00171188  0.00111714]
filename : 1213, Label: 6, Prediction: [ 0.44787833  0.15738411  0.06922863]
filename : 1222, Label: 29, Prediction: [ 0.76666671  0.20284013  0.01036888]
filename : 1230, Label: 20, Prediction: [ 0.55081886  0.26691028  0.11405136]
filename : 124, Label: 25, Prediction: [ 0.62982661  0.18122722  0.03270238]
filename : 1248, Label: 24, Prediction: [ 0.7303443   0.15150814  0.06215486]
filename : 1254, Label: 25, Prediction: [ 0.39876768  0.26859313  0.0731208 ]
filename : 1256, Label: 13, Prediction: [ 0.98252642  0.0040649   0.00275037]
filename : 1262, Label: 19, Prediction: [ 0.82091415  0.08956366  0.03645463]
filename : 1271, Label: 26, Prediction: [ 0.34671     0.13146573  0.08411655]
filename : 1284, Label: 5, Prediction: [ 0.54365695  0.16022077  0.10023299]
filename : 1291, Label: 13, Prediction: [  9.95400608e-01   3.09143937e-03   4.86222300e-04]
filename : 1309, Label: 26, Prediction: [ 0.38705781  0.22851226  0.18536451]
filename : 1316, Label: 24, Prediction: [ 0.49165946  0.41623479  0.03011882]
filename : 1321, Label: 26, Prediction: [ 0.71410239  0.19072437  0.0305061 ]
filename : 1327, Label: 6, Prediction: [ 0.18583404  0.16136624  0.15575622]
filename : 1340, Label: 14, Prediction: [ 0.92581838  0.03068521  0.02536968]
filename : 1350, Label: 8, Prediction: [ 0.55941665  0.15686747  0.11420097]
filename : 1363, Label: 23, Prediction: [ 0.96773261  0.00578132  0.00544997]
filename : 1371, Label: 19, Prediction: [ 0.5746758   0.13622162  0.09052353]
filename : 1379, Label: 19, Prediction: [ 0.99186969  0.00142461  0.00137328]
filename : 1386, Label: 8, Prediction: [ 0.41598627  0.14604771  0.11802334]
filename : 1393, Label: 24, Prediction: [ 0.99580848  0.00151488  0.00110186]
filename : 1396, Label: 13, Prediction: [ 0.86779308  0.09011222  0.01297799]
filename : 1401, Label: 14, Prediction: [ 0.87823963  0.04025902  0.03607507]
filename : 141, Label: 20, Prediction: [  9.99518633e-01   1.63381250e-04   1.46423423e-04]
filename : 1420, Label: 7, Prediction: [ 0.91388601  0.03737111  0.0245691 ]
filename : 1428, Label: 2, Prediction: [ 0.67788506  0.16830702  0.03925734]
filename : 1436, Label: 29, Prediction: [ 0.18181702  0.17073025  0.14177856]
filename : 1449, Label: 16, Prediction: [ 0.35987034  0.13250437  0.10951876]
filename : 1455, Label: 5, Prediction: [ 0.80688691  0.04941757  0.03018495]
filename : 1457, Label: 14, Prediction: [ 0.27971843  0.23971298  0.07394388]
filename : 1466, Label: 5, Prediction: [ 0.24742861  0.13359974  0.1055683 ]
filename : 1475, Label: 8, Prediction: [ 0.91855431  0.02365619  0.01904469]
filename : 1482, Label: 24, Prediction: [ 0.97479677  0.01604032  0.00586446]
filename : 1491, Label: 29, Prediction: [ 0.5246219   0.34065083  0.04555796]
filename : 1501, Label: 7, Prediction: [ 0.41493708  0.32258138  0.23021501]
filename : 1511, Label: 5, Prediction: [ 0.72300917  0.11880176  0.06460626]
filename : 1521, Label: 13, Prediction: [  9.98584747e-01   5.48704062e-04   5.06326964e-04]
filename : 1526, Label: 5, Prediction: [ 0.7598201   0.15511909  0.02214806]
filename : 1533, Label: 3, Prediction: [ 0.37925601  0.24396357  0.15074016]
filename : 1539, Label: 10, Prediction: [ 0.57165438  0.39220092  0.01031678]
filename : 1548, Label: 9, Prediction: [ 0.73265672  0.09989744  0.0484431 ]
filename : 1561, Label: 27, Prediction: [ 0.99232084  0.00628608  0.00115386]
filename : 157, Label: 18, Prediction: [ 0.69566828  0.12679689  0.07690911]
filename : 1575, Label: 25, Prediction: [ 0.31524473  0.15112095  0.07945459]
filename : 1583, Label: 12, Prediction: [ 0.54277068  0.07886217  0.07372125]
filename : 1585, Label: 7, Prediction: [ 0.40832445  0.39861026  0.11861441]
filename : 1592, Label: 24, Prediction: [ 0.86840361  0.06064579  0.02777095]
filename : 16, Label: 13, Prediction: [ 0.97416979  0.00994397  0.00282706]
filename : 1603, Label: 12, Prediction: [ 0.56906223  0.09335767  0.074993  ]
filename : 1610, Label: 23, Prediction: [ 0.61093205  0.2975311   0.02129607]
filename : 1615, Label: 25, Prediction: [ 0.29891875  0.17413901  0.16290012]
filename : 1622, Label: 3, Prediction: [ 0.52138835  0.25411135  0.11329804]
filename : 163, Label: 8, Prediction: [ 0.69117028  0.1293987   0.10770923]
filename : 1633, Label: 7, Prediction: [  9.95264173e-01   2.22040527e-03   4.40418196e-04]
filename : 164, Label: 13, Prediction: [  9.99451339e-01   1.02682898e-04   9.79819088e-05]
filename : 1645, Label: 26, Prediction: [ 0.97538561  0.00866684  0.00498999]
filename : 1660, Label: 24, Prediction: [ 0.75948822  0.07274348  0.06277588]
filename : 1666, Label: 28, Prediction: [ 0.32027483  0.27445436  0.14352827]
filename : 1672, Label: 19, Prediction: [ 0.53712529  0.23148416  0.10200349]
filename : 168, Label: 2, Prediction: [ 0.62421185  0.10035077  0.08147442]
filename : 1689, Label: 24, Prediction: [ 0.83114767  0.12078778  0.0220167 ]
filename : 1691, Label: 11, Prediction: [ 0.98603445  0.0030229   0.00282749]
filename : 170, Label: 27, Prediction: [  9.96576726e-01   2.20216997e-03   8.48891854e-04]
filename : 1704, Label: 22, Prediction: [ 0.90636063  0.05845288  0.01555021]
filename : 1712, Label: 6, Prediction: [ 0.787907    0.09534281  0.05993287]
filename : 1721, Label: 16, Prediction: [ 0.35708568  0.26561585  0.14784075]
filename : 173, Label: 7, Prediction: [ 0.6154117   0.13280697  0.05988438]
filename : 1740, Label: 2, Prediction: [ 0.68874741  0.11402867  0.0399324 ]
filename : 1754, Label: 17, Prediction: [ 0.54466075  0.10677668  0.0803818 ]
filename : 1759, Label: 6, Prediction: [ 0.20345598  0.16747457  0.14777315]
filename : 1766, Label: 27, Prediction: [ 0.55091125  0.44348282  0.00318659]
filename : 1777, Label: 11, Prediction: [ 0.41520655  0.22044069  0.10382037]
filename : 1784, Label: 3, Prediction: [ 0.89510167  0.05257316  0.01292092]
filename : 1790, Label: 8, Prediction: [ 0.74303246  0.12680015  0.05978417]
filename : 18, Label: 20, Prediction: [ 0.86778295  0.04954884  0.02369554]
filename : 1804, Label: 26, Prediction: [ 0.8225264   0.13528322  0.03355499]
filename : 1815, Label: 23, Prediction: [ 0.28460178  0.2620717   0.20976222]
filename : 1817, Label: 17, Prediction: [ 0.95702583  0.02794636  0.00497458]
filename : 1826, Label: 21, Prediction: [ 0.47189572  0.1849798   0.07128092]
filename : 1834, Label: 26, Prediction: [  9.93199050e-01   5.50662214e-03   4.17711533e-04]
filename : 1842, Label: 13, Prediction: [ 0.34001833  0.16198546  0.16039303]
filename : 1848, Label: 14, Prediction: [ 0.63340324  0.17687763  0.11769442]
filename : 1855, Label: 13, Prediction: [ 0.93261296  0.02394746  0.01052845]
filename : 1864, Label: 5, Prediction: [ 0.96848696  0.01971005  0.00363106]
filename : 1879, Label: 5, Prediction: [ 0.95341861  0.01360003  0.010229  ]
filename : 1881, Label: 7, Prediction: [ 0.38054922  0.19563814  0.14685518]
filename : 1892, Label: 25, Prediction: [ 0.70776194  0.10469358  0.08717983]
filename : 1900, Label: 27, Prediction: [  9.98872340e-01   6.84115919e-04   3.74057505e-04]
filename : 1908, Label: 26, Prediction: [ 0.17179812  0.11807302  0.1172992 ]
filename : 1923, Label: 19, Prediction: [ 0.46311879  0.27296609  0.0580529 ]
filename : 1929, Label: 3, Prediction: [ 0.45075199  0.41604951  0.04130719]
filename : 1939, Label: 10, Prediction: [ 0.42037788  0.17957684  0.06194383]
filename : 1945, Label: 16, Prediction: [ 0.39701742  0.10040951  0.09369055]
filename : 1948, Label: 24, Prediction: [ 0.85668951  0.0708075   0.0613567 ]
filename : 1960, Label: 29, Prediction: [  9.96276557e-01   1.90343731e-03   6.59143087e-04]
filename : 1969, Label: 13, Prediction: [ 0.99366188  0.00265559  0.00112481]
filename : 1979, Label: 19, Prediction: [ 0.81828457  0.04014592  0.0234906 ]
filename : 1988, Label: 13, Prediction: [ 0.73590648  0.13756356  0.03101128]
filename : 1997, Label: 11, Prediction: [ 0.4883545   0.21158321  0.17464016]
filename : 2001, Label: 19, Prediction: [ 0.46010512  0.27367753  0.10511866]
filename : 2013, Label: 22, Prediction: [ 0.82507479  0.10613075  0.02203691]
filename : 2014, Label: 27, Prediction: [ 0.50020087  0.13186355  0.06652229]
filename : 2021, Label: 5, Prediction: [ 0.9668256   0.01615663  0.00671986]
filename : 2029, Label: 22, Prediction: [ 0.80885381  0.09418765  0.04989384]
filename : 2038, Label: 16, Prediction: [ 0.62929219  0.09545773  0.03334965]
filename : 2046, Label: 9, Prediction: [ 0.48612642  0.14839913  0.14123546]
filename : 2054, Label: 7, Prediction: [ 0.89187294  0.02317162  0.02316453]
filename : 2066, Label: 29, Prediction: [ 0.93468684  0.05912149  0.00209707]
filename : 2076, Label: 14, Prediction: [ 0.73320031  0.18263952  0.02050951]
filename : 2078, Label: 3, Prediction: [ 0.61407399  0.11661503  0.0935864 ]
filename : 2091, Label: 19, Prediction: [ 0.31903458  0.18904096  0.17199385]
filename : 21, Label: 18, Prediction: [ 0.41055498  0.36765128  0.05356434]
filename : 2108, Label: 11, Prediction: [ 0.90149623  0.07105943  0.00755139]
filename : 2117, Label: 24, Prediction: [ 0.85770029  0.08471227  0.01332092]
filename : 2131, Label: 7, Prediction: [ 0.42414019  0.29218906  0.20904852]
filename : 2138, Label: 16, Prediction: [ 0.3842406   0.22057997  0.19943525]
filename : 2149, Label: 25, Prediction: [ 0.82795858  0.06146563  0.02443865]
filename : 2151, Label: 19, Prediction: [ 0.84256089  0.05351226  0.0379866 ]
filename : 2158, Label: 22, Prediction: [  9.96744990e-01   1.03997998e-03   8.50354438e-04]
filename : 2167, Label: 7, Prediction: [ 0.66186589  0.09319784  0.06496131]
filename : 2174, Label: 29, Prediction: [ 0.29346758  0.23244266  0.13373339]
filename : 2183, Label: 27, Prediction: [ 0.73342204  0.1251214   0.10180608]
filename : 2191, Label: 13, Prediction: [  9.99566019e-01   3.22744134e-04   4.44588841e-05]
filename : 2197, Label: 21, Prediction: [ 0.32517543  0.22610123  0.15630913]
filename : 2201, Label: 29, Prediction: [ 0.46021229  0.099269    0.06896216]
filename : 2202, Label: 2, Prediction: [  9.90582108e-01   4.58580721e-03   9.53288632e-04]
filename : 221, Label: 8, Prediction: [ 0.69567299  0.16123576  0.0806023 ]
filename : 2218, Label: 10, Prediction: [ 0.38516524  0.26551121  0.1575902 ]
filename : 2228, Label: 19, Prediction: [ 0.5285598   0.19393286  0.08836534]
filename : 2238, Label: 8, Prediction: [ 0.7851221   0.17554198  0.01662928]
filename : 2248, Label: 21, Prediction: [ 0.47476912  0.1513036   0.07681949]
filename : 2256, Label: 26, Prediction: [ 0.87634826  0.03267641  0.03216537]
filename : 2265, Label: 14, Prediction: [ 0.62478757  0.3006323   0.03201502]
filename : 2266, Label: 9, Prediction: [ 0.47449756  0.22514579  0.07781979]
filename : 2278, Label: 14, Prediction: [ 0.46030307  0.25070357  0.10634568]
filename : 2287, Label: 17, Prediction: [  9.91477191e-01   7.54617760e-03   4.56864334e-04]
filename : 2297, Label: 6, Prediction: [ 0.2901226   0.13834928  0.08323217]
filename : 2300, Label: 18, Prediction: [ 0.60229152  0.17604858  0.08960492]
filename : 2312, Label: 25, Prediction: [ 0.76211554  0.10220107  0.02671302]
filename : 2327, Label: 12, Prediction: [ 0.68392307  0.23876619  0.04202758]
filename : 2336, Label: 16, Prediction: [  9.95155454e-01   1.49974984e-03   8.82871624e-04]
filename : 2337, Label: 3, Prediction: [ 0.60823303  0.16199207  0.14239626]
filename : 2344, Label: 16, Prediction: [ 0.68858886  0.04617444  0.04163979]
filename : 2351, Label: 29, Prediction: [ 0.38147458  0.3238143   0.20696925]
filename : 2364, Label: 14, Prediction: [ 0.28633669  0.2735146   0.24398467]
filename : 2371, Label: 8, Prediction: [ 0.62693644  0.08544318  0.07908679]
filename : 2380, Label: 13, Prediction: [ 0.95009983  0.0184577   0.01497744]
filename : 2389, Label: 17, Prediction: [ 0.2978403   0.1692877   0.13362199]
filename : 2402, Label: 24, Prediction: [ 0.91059393  0.03325677  0.02238474]
filename : 2403, Label: 29, Prediction: [ 0.92352027  0.04291922  0.01136717]
filename : 2414, Label: 13, Prediction: [  9.99659419e-01   2.40221008e-04   3.96409851e-05]
filename : 242, Label: 8, Prediction: [ 0.19364034  0.18063617  0.1449143 ]
filename : 2433, Label: 10, Prediction: [ 0.58800167  0.3849017   0.00720509]
filename : 2446, Label: 19, Prediction: [ 0.31838152  0.2255879   0.11208275]
filename : 2453, Label: 8, Prediction: [ 0.81440479  0.08180954  0.03424792]
filename : 246, Label: 29, Prediction: [ 0.73731959  0.19806722  0.02561351]
filename : 2467, Label: 5, Prediction: [ 0.39654252  0.121946    0.11918602]
filename : 2470, Label: 13, Prediction: [  9.99556720e-01   2.84073147e-04   6.25123139e-05]
filename : 2477, Label: 12, Prediction: [ 0.97146261  0.00848905  0.00365512]
filename : 2484, Label: 27, Prediction: [ 0.57075566  0.38433781  0.0112688 ]
filename : 2499, Label: 8, Prediction: [ 0.89271146  0.06728526  0.0347505 ]
filename : 251, Label: 20, Prediction: [ 0.57616395  0.09685322  0.06727985]
filename : 2515, Label: 24, Prediction: [ 0.40743732  0.3281202   0.05808289]
filename : 2523, Label: 16, Prediction: [ 0.4953925   0.17159028  0.07078529]
filename : 2541, Label: 6, Prediction: [ 0.43257141  0.27901754  0.19238745]
filename : 2542, Label: 29, Prediction: [ 0.4563823   0.20218496  0.12935042]
filename : 2553, Label: 24, Prediction: [ 0.9645505   0.01535639  0.00608498]
filename : 2569, Label: 6, Prediction: [ 0.88258672  0.05745641  0.01171026]
filename : 2574, Label: 3, Prediction: [ 0.33225322  0.23323308  0.21190685]
filename : 2580, Label: 12, Prediction: [ 0.59601474  0.18535718  0.07560656]
filename : 2585, Label: 1, Prediction: [ 0.74907362  0.09449383  0.0356588 ]
filename : 26, Label: 13, Prediction: [ 0.83219725  0.15261683  0.00719486]
filename : 2607, Label: 7, Prediction: [ 0.51544577  0.32614741  0.0702939 ]
filename : 2608, Label: 7, Prediction: [ 0.3103306   0.26937288  0.11120861]
filename : 2618, Label: 27, Prediction: [ 0.43779448  0.21706438  0.20738755]
filename : 2630, Label: 8, Prediction: [ 0.54047984  0.35212839  0.02925531]
filename : 264, Label: 3, Prediction: [ 0.48292115  0.09205867  0.04903951]
filename : 2650, Label: 25, Prediction: [ 0.43681353  0.10932554  0.0862895 ]
filename : 266, Label: 5, Prediction: [ 0.6155538   0.08181612  0.05733022]
filename : 2668, Label: 7, Prediction: [ 0.85618162  0.03695019  0.03592371]
filename : 2675, Label: 11, Prediction: [ 0.62228906  0.07438171  0.06830108]
filename : 2676, Label: 14, Prediction: [ 0.45340842  0.19729918  0.15586098]
filename : 2681, Label: 25, Prediction: [ 0.34092885  0.15028328  0.12290794]
filename : 2686, Label: 12, Prediction: [ 0.81720942  0.05176065  0.03860237]
filename : 2699, Label: 25, Prediction: [ 0.33569416  0.22079544  0.1132203 ]
filename : 2711, Label: 21, Prediction: [ 0.26126578  0.23686162  0.13081713]
filename : 2726, Label: 4, Prediction: [ 0.82553607  0.04456867  0.0393577 ]
filename : 2734, Label: 9, Prediction: [ 0.4777098  0.0931049  0.0909138]
filename : 274, Label: 16, Prediction: [ 0.84157032  0.09988119  0.01020009]
filename : 2740, Label: 11, Prediction: [ 0.41031656  0.14693238  0.0809946 ]
filename : 2750, Label: 24, Prediction: [  9.98713136e-01   3.95078561e-04   3.93660797e-04]
filename : 2765, Label: 8, Prediction: [ 0.55698901  0.16706698  0.06809413]
filename : 2773, Label: 16, Prediction: [ 0.30682403  0.25666213  0.13693739]
filename : 2789, Label: 19, Prediction: [ 0.9557395   0.03099277  0.00320143]
filename : 2797, Label: 22, Prediction: [ 0.98591101  0.00302206  0.00236342]
filename : 2805, Label: 19, Prediction: [ 0.85692739  0.096262    0.0330086 ]
filename : 2813, Label: 12, Prediction: [ 0.81907922  0.04001133  0.02766824]
filename : 2815, Label: 18, Prediction: [ 0.62130171  0.19406997  0.12118041]
filename : 2822, Label: 21, Prediction: [ 0.29500943  0.25600174  0.16124603]
filename : 2830, Label: 26, Prediction: [ 0.61568588  0.30548182  0.06623162]
filename : 2838, Label: 2, Prediction: [ 0.41798681  0.37769529  0.08656028]
filename : 2845, Label: 21, Prediction: [ 0.900217    0.0276232   0.02390132]
filename : 2858, Label: 4, Prediction: [ 0.94811159  0.02808535  0.01048601]
filename : 2869, Label: 19, Prediction: [ 0.20716204  0.18081149  0.12788981]
filename : 2877, Label: 9, Prediction: [ 0.57859182  0.14162727  0.06986025]
filename : 2878, Label: 19, Prediction: [ 0.35453781  0.33470491  0.10841043]
filename : 2894, Label: 22, Prediction: [ 0.45438397  0.15977608  0.08510499]
filename : 2902, Label: 26, Prediction: [ 0.90592051  0.04083551  0.01174768]
filename : 2912, Label: 13, Prediction: [  9.99752581e-01   1.24796366e-04   6.58508652e-05]
filename : 292, Label: 28, Prediction: [ 0.51746172  0.31338879  0.11026344]
filename : 293, Label: 27, Prediction: [  8.80330443e-01   1.18861549e-01   4.13687230e-04]
filename : 2940, Label: 14, Prediction: [ 0.82330221  0.06430233  0.02374013]
filename : 2946, Label: 7, Prediction: [ 0.59287053  0.105065    0.09920695]
filename : 2948, Label: 3, Prediction: [ 0.66452628  0.23040366  0.02938831]
filename : 2956, Label: 21, Prediction: [ 0.59678447  0.29309589  0.04205412]
filename : 2964, Label: 28, Prediction: [ 0.39681613  0.35794553  0.06808479]
filename : 2970, Label: 14, Prediction: [ 0.46070132  0.37361345  0.08858402]
filename : 2983, Label: 24, Prediction: [ 0.65763748  0.18206091  0.05373702]
filename : 2993, Label: 22, Prediction: [ 0.6929912   0.15015888  0.05657312]
filename : 3000, Label: 26, Prediction: [ 0.49319455  0.28659344  0.13165876]
filename : 3011, Label: 17, Prediction: [ 0.43347043  0.16354592  0.08196124]
filename : 3013, Label: 26, Prediction: [ 0.47571149  0.34166276  0.14434817]
filename : 3021, Label: 12, Prediction: [ 0.27522776  0.19070773  0.13858125]
filename : 3026, Label: 16, Prediction: [ 0.61217219  0.19099034  0.0437081 ]
filename : 3034, Label: 18, Prediction: [ 0.58771163  0.29114619  0.05667525]
filename : 3042, Label: 6, Prediction: [ 0.45760125  0.37593269  0.10334368]
filename : 305, Label: 18, Prediction: [ 0.49565136  0.40280005  0.02676846]
filename : 3059, Label: 11, Prediction: [ 0.4048183   0.15460736  0.08476986]
filename : 3063, Label: 9, Prediction: [ 0.48647389  0.13208847  0.12907608]
filename : 3064, Label: 26, Prediction: [ 0.55697489  0.3361935   0.04268362]
filename : 307, Label: 29, Prediction: [ 0.90813851  0.03393019  0.02021198]
filename : 3083, Label: 6, Prediction: [ 0.25075209  0.18469651  0.1778506 ]
filename : 3091, Label: 8, Prediction: [ 0.90213174  0.04039232  0.02919467]
filename : 31, Label: 13, Prediction: [ 0.28094471  0.23500293  0.17044193]
filename : 3108, Label: 23, Prediction: [ 0.53730971  0.12981461  0.06130099]
filename : 3119, Label: 2, Prediction: [ 0.41888607  0.22186209  0.121944  ]
filename : 3125, Label: 5, Prediction: [ 0.57948661  0.10174112  0.09136532]
filename : 3126, Label: 11, Prediction: [ 0.27787203  0.16982026  0.16183367]
filename : 3132, Label: 23, Prediction: [ 0.66269654  0.26449281  0.02740773]
filename : 3139, Label: 2, Prediction: [ 0.98952687  0.0048234   0.00336896]
filename : 3148, Label: 25, Prediction: [ 0.7579416   0.06294127  0.05151601]
filename : 3157, Label: 7, Prediction: [ 0.71934605  0.08952177  0.0651205 ]
filename : 3161, Label: 7, Prediction: [ 0.29848173  0.16740707  0.15422247]
filename : 3168, Label: 11, Prediction: [ 0.5577985   0.24617851  0.08154116]
filename : 3177, Label: 4, Prediction: [ 0.37412906  0.35613713  0.08889086]
filename : 3179, Label: 19, Prediction: [ 0.73816395  0.18543683  0.06080265]
filename : 3187, Label: 27, Prediction: [ 0.53386688  0.36558425  0.02939043]
filename : 3195, Label: 14, Prediction: [ 0.92013431  0.03944454  0.01136189]
filename : 3200, Label: 11, Prediction: [ 0.31997317  0.26443726  0.21123388]
filename : 321, Label: 26, Prediction: [ 0.37443146  0.30695823  0.13533309]
filename : 3218, Label: 19, Prediction: [ 0.77584898  0.14076017  0.02994841]
filename : 3232, Label: 23, Prediction: [  9.98440802e-01   7.35444715e-04   4.23156656e-04]
filename : 3240, Label: 15, Prediction: [ 0.97211152  0.02183353  0.00152602]
filename : 3242, Label: 23, Prediction: [ 0.66528034  0.18173189  0.10522144]
filename : 3248, Label: 7, Prediction: [ 0.96735662  0.00908578  0.0078951 ]
filename : 3256, Label: 5, Prediction: [ 0.60152626  0.16566263  0.08321696]
filename : 3262, Label: 14, Prediction: [ 0.26472038  0.21699731  0.17271765]
filename : 3276, Label: 16, Prediction: [ 0.53837591  0.10375831  0.0897922 ]
filename : 3283, Label: 7, Prediction: [ 0.82358307  0.07479018  0.03026812]
filename : 3291, Label: 14, Prediction: [ 0.74329638  0.10115537  0.03643186]
filename : 3300, Label: 13, Prediction: [  9.97896671e-01   3.41896113e-04   3.02460685e-04]
filename : 3301, Label: 19, Prediction: [ 0.79758513  0.11073124  0.04099965]
filename : 3310, Label: 29, Prediction: [  9.98850226e-01   6.26282825e-04   1.03672282e-04]
filename : 3322, Label: 8, Prediction: [ 0.31485006  0.28697765  0.15026473]
filename : 3331, Label: 29, Prediction: [ 0.71987569  0.15471125  0.04762938]
filename : 3348, Label: 17, Prediction: [ 0.36742523  0.31309482  0.10280658]
filename : 3352, Label: 3, Prediction: [ 0.92741412  0.03680888  0.00713919]
filename : 3364, Label: 15, Prediction: [ 0.38635924  0.12139664  0.06933827]
filename : 3377, Label: 10, Prediction: [ 0.26319954  0.24955064  0.17417781]
filename : 3380, Label: 1, Prediction: [ 0.28855491  0.23445308  0.15754759]
filename : 339, Label: 19, Prediction: [ 0.86255282  0.09218115  0.01881639]
filename : 3395, Label: 19, Prediction: [ 0.56641376  0.14448531  0.10922518]
filename : 3410, Label: 19, Prediction: [ 0.49039188  0.21309276  0.04662702]
filename : 3416, Label: 19, Prediction: [ 0.39299509  0.22384569  0.08719745]
filename : 3421, Label: 5, Prediction: [ 0.36991224  0.21861498  0.13230637]
filename : 3433, Label: 4, Prediction: [ 0.67030185  0.0932953   0.0915214 ]
filename : 344, Label: 27, Prediction: [  9.89805996e-01   9.08761378e-03   7.23588280e-04]
filename : 3440, Label: 12, Prediction: [ 0.16698927  0.16115069  0.15359038]
filename : 3448, Label: 16, Prediction: [ 0.22601061  0.17654927  0.17555968]
filename : 3454, Label: 7, Prediction: [ 0.91416556  0.01714573  0.01236002]
filename : 3462, Label: 25, Prediction: [ 0.63512987  0.11239108  0.07541979]
filename : 347, Label: 2, Prediction: [ 0.23810808  0.18482848  0.08200424]
filename : 3474, Label: 3, Prediction: [ 0.35040519  0.3357977   0.11107229]
filename : 3482, Label: 16, Prediction: [ 0.76977003  0.13467218  0.02236981]
filename : 3489, Label: 23, Prediction: [ 0.72192079  0.21297364  0.02036162]
filename : 3491, Label: 19, Prediction: [ 0.26364151  0.15856084  0.09389114]
filename : 350, Label: 2, Prediction: [ 0.93930417  0.0490789   0.00782266]
filename : 3506, Label: 16, Prediction: [ 0.86800683  0.03727702  0.02010058]
filename : 3519, Label: 29, Prediction: [ 0.50061309  0.30871037  0.05180035]
filename : 3523, Label: 16, Prediction: [ 0.69047457  0.19356635  0.03206912]
filename : 3535, Label: 4, Prediction: [ 0.61756641  0.18953684  0.05909683]
filename : 3547, Label: 19, Prediction: [ 0.96624291  0.01317052  0.0059637 ]
filename : 3551, Label: 3, Prediction: [ 0.19654226  0.18712318  0.13634455]
filename : 3553, Label: 14, Prediction: [ 0.76219648  0.0977839   0.04523824]
filename : 3561, Label: 12, Prediction: [ 0.57138771  0.13093358  0.04176865]
filename : 357, Label: 13, Prediction: [ 0.91154397  0.02752148  0.01407687]
filename : 3581, Label: 19, Prediction: [ 0.58681315  0.35210508  0.02078929]
filename : 3589, Label: 7, Prediction: [ 0.99238789  0.00304547  0.00214525]
filename : 3596, Label: 21, Prediction: [ 0.23614736  0.11979881  0.07915568]
filename : 3605, Label: 27, Prediction: [ 0.36680061  0.3400133   0.12275812]
filename : 3614, Label: 22, Prediction: [ 0.82012504  0.07081547  0.05062474]
filename : 3616, Label: 24, Prediction: [ 0.66915292  0.08663093  0.06415663]
filename : 3630, Label: 26, Prediction: [ 0.46752155  0.1897205   0.13792461]
filename : 3645, Label: 7, Prediction: [ 0.91910523  0.06349698  0.00647781]
filename : 3650, Label: 2, Prediction: [ 0.29474205  0.25972238  0.19692431]
filename : 3657, Label: 29, Prediction: [ 0.53888756  0.33264709  0.09393374]
filename : 3668, Label: 23, Prediction: [ 0.81450766  0.1086923   0.0366579 ]
filename : 3676, Label: 5, Prediction: [ 0.91136748  0.02893943  0.01950309]
filename : 3682, Label: 23, Prediction: [ 0.40851751  0.31319606  0.04935758]
filename : 3686, Label: 20, Prediction: [ 0.90734935  0.02359423  0.01766724]
filename : 3693, Label: 13, Prediction: [ 0.68426186  0.28894591  0.01370569]
filename : 3706, Label: 28, Prediction: [ 0.25065917  0.20492113  0.17870928]
filename : 3714, Label: 22, Prediction: [ 0.6783753   0.12368659  0.07559082]
filename : 3727, Label: 17, Prediction: [  9.65861678e-01   3.36511880e-02   1.90905310e-04]
filename : 3733, Label: 4, Prediction: [ 0.58725053  0.13324562  0.07058395]
filename : 3742, Label: 23, Prediction: [ 0.52307451  0.17939149  0.04588322]
filename : 3749, Label: 8, Prediction: [ 0.46401593  0.38410649  0.05022664]
filename : 375, Label: 16, Prediction: [ 0.46498865  0.41426867  0.03713629]
filename : 376, Label: 26, Prediction: [ 0.53056353  0.3010056   0.02540482]
filename : 3764, Label: 4, Prediction: [ 0.89640415  0.04835296  0.02472468]
filename : 3770, Label: 25, Prediction: [ 0.43737569  0.3622151   0.13026771]
filename : 3780, Label: 25, Prediction: [ 0.45838577  0.33554834  0.15978581]
filename : 3793, Label: 7, Prediction: [ 0.9469856   0.01538724  0.01019138]
filename : 380, Label: 13, Prediction: [ 0.81988442  0.15711491  0.01212183]
filename : 3808, Label: 14, Prediction: [ 0.68856859  0.14897862  0.04331043]
filename : 381, Label: 7, Prediction: [ 0.78686666  0.19820993  0.01114387]
filename : 3828, Label: 16, Prediction: [ 0.97277993  0.00990523  0.00663686]
filename : 384, Label: 13, Prediction: [  9.97950375e-01   1.18975621e-03   3.18280829e-04]
filename : 3847, Label: 23, Prediction: [ 0.41829118  0.38625252  0.0488678 ]
filename : 386, Label: 14, Prediction: [ 0.54957622  0.14532523  0.09187499]
filename : 387, Label: 13, Prediction: [  9.98850942e-01   4.42197255e-04   4.22133919e-04]
filename : 388, Label: 5, Prediction: [ 0.50085706  0.18397938  0.16591026]
filename : 3890, Label: 25, Prediction: [ 0.30814174  0.18390267  0.13342762]
filename : 3891, Label: 23, Prediction: [ 0.60204935  0.28527254  0.06546897]
filename : 3902, Label: 22, Prediction: [ 0.50410885  0.07765079  0.07519563]
filename : 3915, Label: 6, Prediction: [ 0.89473325  0.05444437  0.01210061]
filename : 3923, Label: 13, Prediction: [ 0.90022212  0.02263917  0.01915738]
filename : 3929, Label: 22, Prediction: [ 0.44561449  0.20716889  0.1437083 ]
filename : 3938, Label: 5, Prediction: [ 0.84273911  0.09235332  0.01917958]
filename : 3950, Label: 14, Prediction: [ 0.52514923  0.34684151  0.04220175]
filename : 3957, Label: 16, Prediction: [ 0.79505193  0.09963727  0.0590694 ]
filename : 3958, Label: 29, Prediction: [ 0.9672938   0.01389978  0.00770205]
filename : 3964, Label: 6, Prediction: [ 0.46927533  0.31422892  0.07866333]
filename : 3973, Label: 2, Prediction: [ 0.86592305  0.03499005  0.02731234]
filename : 3979, Label: 3, Prediction: [ 0.59130037  0.22602142  0.05371829]
filename : 399, Label: 2, Prediction: [ 0.31103703  0.28422451  0.09569392]
filename : 400, Label: 13, Prediction: [  9.98964190e-01   3.22394219e-04   1.36012342e-04]
filename : 4012, Label: 20, Prediction: [ 0.97638118  0.00495343  0.00487009]
filename : 4024, Label: 19, Prediction: [ 0.68270218  0.24060871  0.04092592]
filename : 4027, Label: 3, Prediction: [ 0.76168776  0.16275388  0.04146747]
filename : 4032, Label: 27, Prediction: [ 0.17268629  0.15200651  0.08645581]
filename : 4041, Label: 17, Prediction: [ 0.72821122  0.26772103  0.00124733]
filename : 4052, Label: 2, Prediction: [ 0.84635973  0.05615992  0.05083269]
filename : 4062, Label: 23, Prediction: [ 0.31610608  0.28185686  0.12642831]
filename : 4068, Label: 22, Prediction: [ 0.7791335   0.12151458  0.07327602]
filename : 4074, Label: 19, Prediction: [ 0.58068758  0.23405725  0.09692861]
filename : 4080, Label: 11, Prediction: [ 0.65667224  0.14986143  0.03440396]
filename : 4081, Label: 14, Prediction: [ 0.24672356  0.12352248  0.08926877]
filename : 4089, Label: 5, Prediction: [ 0.60087955  0.12344107  0.11899684]
filename : 4099, Label: 7, Prediction: [ 0.85316247  0.09168328  0.02101686]
filename : 4103, Label: 4, Prediction: [ 0.37027436  0.3050406   0.11484201]
filename : 411, Label: 8, Prediction: [ 0.89231104  0.03457719  0.01857694]
filename : 4115, Label: 1, Prediction: [ 0.61121124  0.09717113  0.06280424]
filename : 4124, Label: 29, Prediction: [ 0.40687102  0.33626774  0.17694823]
filename : 413, Label: 12, Prediction: [ 0.41776431  0.31753731  0.14695588]
filename : 4132, Label: 29, Prediction: [ 0.97039288  0.00625656  0.00515295]
filename : 4142, Label: 16, Prediction: [ 0.56722611  0.24952866  0.04424706]
filename : 4150, Label: 27, Prediction: [ 0.97802746  0.0144698   0.00515799]
filename : 4167, Label: 6, Prediction: [ 0.44271845  0.20619968  0.15240663]
filename : 4181, Label: 2, Prediction: [ 0.68942571  0.16279034  0.03304869]
filename : 4189, Label: 4, Prediction: [ 0.47131667  0.32889894  0.06115224]
filename : 4202, Label: 3, Prediction: [ 0.88674963  0.06847563  0.0317008 ]
filename : 4214, Label: 6, Prediction: [ 0.57710773  0.10558929  0.07446232]
filename : 4216, Label: 20, Prediction: [ 0.98662007  0.00383097  0.0033058 ]
filename : 4229, Label: 11, Prediction: [ 0.39010409  0.24978605  0.10594955]
filename : 4235, Label: 12, Prediction: [ 0.52345592  0.28034127  0.06608815]
filename : 4245, Label: 19, Prediction: [ 0.62100965  0.06249427  0.06014935]
filename : 4257, Label: 24, Prediction: [ 0.24709843  0.23056749  0.15523098]
filename : 4264, Label: 16, Prediction: [ 0.90609145  0.02807167  0.01820171]
filename : 428, Label: 4, Prediction: [ 0.44502994  0.42476577  0.05694097]
filename : 4289, Label: 24, Prediction: [ 0.97764266  0.00821731  0.00418142]
filename : 429, Label: 1, Prediction: [ 0.39710796  0.16842321  0.11230504]
filename : 4300, Label: 8, Prediction: [ 0.88337171  0.10124277  0.00900688]
filename : 4313, Label: 24, Prediction: [ 0.30534825  0.20824412  0.19857951]
filename : 4321, Label: 22, Prediction: [ 0.38661492  0.18234912  0.17415592]
filename : 4334, Label: 14, Prediction: [ 0.36839673  0.14762196  0.11234664]
filename : 4347, Label: 11, Prediction: [ 0.19392778  0.17185715  0.11612795]
filename : 4355, Label: 7, Prediction: [ 0.96760589  0.02760048  0.00203401]
filename : 4361, Label: 26, Prediction: [ 0.94958466  0.02187196  0.01473151]
filename : 4362, Label: 29, Prediction: [ 0.60692018  0.3134959   0.02586108]
filename : 4372, Label: 23, Prediction: [ 0.9659456   0.01495944  0.00620469]
filename : 4385, Label: 9, Prediction: [ 0.72082603  0.18236879  0.02035921]
filename : 4394, Label: 26, Prediction: [ 0.99042541  0.0031019   0.00190628]
filename : 440, Label: 19, Prediction: [ 0.33529118  0.14262252  0.13686384]
filename : 4407, Label: 16, Prediction: [ 0.48470724  0.44923678  0.01264818]
filename : 4415, Label: 19, Prediction: [ 0.60986447  0.06846132  0.04203826]
filename : 4432, Label: 24, Prediction: [ 0.63388062  0.31084457  0.01362429]
filename : 4433, Label: 19, Prediction: [ 0.97142315  0.00916127  0.00692002]
filename : 4441, Label: 7, Prediction: [ 0.23113751  0.12305293  0.10015323]
filename : 4453, Label: 5, Prediction: [ 0.43987629  0.36432025  0.03306467]
filename : 4469, Label: 9, Prediction: [ 0.49186176  0.1802281   0.08669775]
filename : 4478, Label: 24, Prediction: [  9.91910398e-01   6.79580728e-03   3.63224710e-04]
filename : 4489, Label: 16, Prediction: [ 0.81679446  0.08894159  0.04013003]
filename : 4506, Label: 7, Prediction: [ 0.53545076  0.36692753  0.02061654]
filename : 4516, Label: 12, Prediction: [ 0.52666765  0.16818871  0.07005056]
filename : 4518, Label: 18, Prediction: [ 0.54602885  0.21440826  0.10350659]
filename : 4527, Label: 16, Prediction: [ 0.51665217  0.38443094  0.03541123]
filename : 4538, Label: 29, Prediction: [ 0.98436868  0.00381071  0.00230221]
filename : 4549, Label: 27, Prediction: [ 0.89103234  0.04884367  0.01281505]
filename : 4555, Label: 19, Prediction: [ 0.57142079  0.10626651  0.05410141]
filename : 4567, Label: 2, Prediction: [ 0.61084205  0.25585017  0.03442864]
filename : 4572, Label: 12, Prediction: [ 0.19895001  0.17287473  0.15732589]
filename : 4586, Label: 5, Prediction: [ 0.3360118   0.30144823  0.29179054]
filename : 4587, Label: 29, Prediction: [ 0.54815131  0.21386407  0.16357589]
filename : 4599, Label: 19, Prediction: [ 0.95764893  0.00924289  0.00751325]
filename : 4608, Label: 13, Prediction: [ 0.98888654  0.00634933  0.00172845]
filename : 462, Label: 24, Prediction: [ 0.46750095  0.11616401  0.10258268]
filename : 4629, Label: 17, Prediction: [ 0.28696644  0.198788    0.17607082]
filename : 4633, Label: 20, Prediction: [ 0.86950707  0.08269432  0.02169905]
filename : 4645, Label: 27, Prediction: [ 0.6437881   0.16123725  0.07045137]
filename : 4650, Label: 17, Prediction: [ 0.31163067  0.26274669  0.24229591]
filename : 4651, Label: 17, Prediction: [ 0.37738079  0.13059582  0.1205733 ]
filename : 4661, Label: 25, Prediction: [ 0.88616604  0.06548771  0.01479458]
filename : 467, Label: 20, Prediction: [ 0.23592187  0.12228586  0.09196906]
filename : 4680, Label: 24, Prediction: [ 0.97116929  0.01116547  0.00608383]
filename : 4695, Label: 12, Prediction: [ 0.4165954   0.13972653  0.10663094]
filename : 4705, Label: 2, Prediction: [ 0.20093015  0.16562548  0.1563433 ]
filename : 4719, Label: 19, Prediction: [ 0.27287352  0.25044119  0.15314749]
filename : 4729, Label: 9, Prediction: [ 0.36103979  0.28445187  0.25788689]
filename : 473, Label: 12, Prediction: [ 0.35221097  0.09142442  0.08938795]
filename : 4738, Label: 6, Prediction: [ 0.742154    0.05911116  0.05501835]
filename : 4744, Label: 26, Prediction: [  9.98051882e-01   1.76866236e-03   5.59306645e-05]
filename : 4758, Label: 20, Prediction: [ 0.9069196   0.02846418  0.02813209]
filename : 4770, Label: 4, Prediction: [ 0.90701824  0.06522188  0.01345377]
filename : 4775, Label: 19, Prediction: [ 0.81360614  0.08203142  0.07774501]
filename : 4780, Label: 8, Prediction: [ 0.37943456  0.24603121  0.24309625]
filename : 4788, Label: 11, Prediction: [ 0.62858099  0.31330705  0.01468846]
filename : 4789, Label: 24, Prediction: [ 0.94022483  0.02622173  0.01406704]
filename : 4796, Label: 4, Prediction: [ 0.37277195  0.35199451  0.11986341]
filename : 4811, Label: 29, Prediction: [ 0.83651477  0.08654514  0.02146371]
filename : 4821, Label: 8, Prediction: [ 0.2030503   0.14698558  0.11654527]
filename : 4829, Label: 12, Prediction: [ 0.42220607  0.10982244  0.09823539]
filename : 4838, Label: 20, Prediction: [ 0.62687498  0.12989575  0.09867323]
filename : 4844, Label: 29, Prediction: [ 0.89106005  0.0829571   0.0076943 ]
filename : 4854, Label: 11, Prediction: [ 0.37939259  0.34673423  0.03550749]
filename : 486, Label: 5, Prediction: [ 0.73992795  0.11763464  0.05273507]
filename : 4867, Label: 17, Prediction: [ 0.78073579  0.05640504  0.04450088]
filename : 4874, Label: 5, Prediction: [ 0.46102542  0.30899507  0.10574734]
filename : 4882, Label: 7, Prediction: [ 0.34747913  0.12100464  0.11615431]
filename : 4890, Label: 13, Prediction: [ 0.99119323  0.0031763   0.00116321]
filename : 4905, Label: 15, Prediction: [ 0.52329046  0.32883903  0.03769993]
filename : 4914, Label: 23, Prediction: [ 0.51613629  0.44217381  0.01408617]
filename : 4921, Label: 7, Prediction: [ 0.88557935  0.07063708  0.01095488]
filename : 4922, Label: 9, Prediction: [ 0.41361478  0.177323    0.11138925]
filename : 493, Label: 25, Prediction: [ 0.29522339  0.25300503  0.19661172]
filename : 4940, Label: 18, Prediction: [ 0.74926215  0.2315377   0.00626312]
filename : 4952, Label: 2, Prediction: [ 0.96417588  0.01405026  0.01108024]
filename : 4963, Label: 23, Prediction: [ 0.48826391  0.38835278  0.03408901]
filename : 4972, Label: 16, Prediction: [ 0.47843349  0.21150476  0.10842136]
filename : 4981, Label: 7, Prediction: [ 0.90183592  0.0525157   0.01136214]
filename : 4989, Label: 17, Prediction: [ 0.83446419  0.08363216  0.0165511 ]
filename : 499, Label: 16, Prediction: [ 0.24482913  0.17350736  0.17253619]
filename : 50, Label: 5, Prediction: [ 0.37113157  0.12018852  0.07109921]
filename : 5006, Label: 19, Prediction: [ 0.65014344  0.06299323  0.06190801]
filename : 5017, Label: 18, Prediction: [ 0.89433128  0.04703801  0.01593119]
filename : 5026, Label: 5, Prediction: [ 0.35387042  0.18783009  0.14248401]
filename : 5034, Label: 6, Prediction: [ 0.39409956  0.19602843  0.12626055]
filename : 5044, Label: 12, Prediction: [ 0.84350491  0.07725673  0.0175256 ]
filename : 5055, Label: 26, Prediction: [ 0.83476245  0.05601088  0.04141042]
filename : 5057, Label: 18, Prediction: [ 0.6196382   0.21096843  0.11763269]
filename : 5067, Label: 20, Prediction: [ 0.41984412  0.08495073  0.08287836]
filename : 5082, Label: 27, Prediction: [ 0.98544705  0.0115512   0.0022485 ]
filename : 5088, Label: 9, Prediction: [ 0.59875232  0.28448373  0.06899996]
filename : 5093, Label: 4, Prediction: [ 0.69091249  0.13228358  0.05023691]
filename : 5101, Label: 24, Prediction: [ 0.43775234  0.10594815  0.07294862]
filename : 5109, Label: 16, Prediction: [ 0.29741725  0.1953162   0.14224046]
filename : 5119, Label: 28, Prediction: [ 0.30197319  0.15841092  0.15092129]
filename : 5121, Label: 12, Prediction: [ 0.42525059  0.33265525  0.06918004]
filename : 5130, Label: 24, Prediction: [ 0.8597185   0.04862902  0.0276328 ]
filename : 5140, Label: 27, Prediction: [ 0.94622552  0.04898256  0.00111418]
filename : 515, Label: 3, Prediction: [ 0.55247688  0.10478166  0.07591267]
filename : 5160, Label: 16, Prediction: [ 0.52612698  0.1850619   0.04824517]
filename : 5169, Label: 17, Prediction: [ 0.44195551  0.43306169  0.05094356]
filename : 5176, Label: 12, Prediction: [ 0.61607409  0.23476666  0.03743668]
filename : 5182, Label: 29, Prediction: [ 0.98700267  0.00409215  0.00313822]
filename : 5186, Label: 23, Prediction: [ 0.26101536  0.23576471  0.09057233]
filename : 5192, Label: 14, Prediction: [ 0.41798088  0.14592779  0.08291964]
filename : 520, Label: 20, Prediction: [ 0.42548165  0.25838259  0.08368478]
filename : 5205, Label: 3, Prediction: [ 0.50876141  0.30470288  0.09353278]
filename : 5215, Label: 2, Prediction: [  9.83139932e-01   1.51511766e-02   7.81135750e-04]
filename : 5224, Label: 29, Prediction: [ 0.59111452  0.36343917  0.02341454]
filename : 5237, Label: 5, Prediction: [ 0.42218396  0.27995622  0.10286461]
filename : 5249, Label: 7, Prediction: [ 0.60221159  0.13996421  0.06685929]
filename : 525, Label: 24, Prediction: [ 0.76996362  0.11654203  0.01509349]
filename : 5259, Label: 14, Prediction: [ 0.86080682  0.09635383  0.01729698]
filename : 5266, Label: 7, Prediction: [ 0.81920016  0.13831863  0.00902606]
filename : 5274, Label: 29, Prediction: [ 0.90754932  0.05456894  0.01341879]
filename : 5282, Label: 26, Prediction: [ 0.16760795  0.13737623  0.09245998]
filename : 5299, Label: 16, Prediction: [ 0.2864095   0.26966545  0.23312506]
filename : 5309, Label: 26, Prediction: [ 0.79958713  0.16739967  0.00787943]
filename : 5317, Label: 3, Prediction: [ 0.93905014  0.01305755  0.00791379]
filename : 5320, Label: 6, Prediction: [ 0.37886304  0.11076129  0.09991097]
filename : 5326, Label: 24, Prediction: [ 0.98145056  0.00703775  0.00280155]
filename : 5337, Label: 17, Prediction: [ 0.96240568  0.02168794  0.01223784]
filename : 5341, Label: 2, Prediction: [ 0.34486032  0.19977809  0.15928183]
filename : 5352, Label: 2, Prediction: [ 0.85693491  0.04289339  0.03515374]
filename : 5363, Label: 24, Prediction: [ 0.85265392  0.0568711   0.01721443]
filename : 5375, Label: 9, Prediction: [ 0.54121     0.11267617  0.0736782 ]
filename : 5386, Label: 13, Prediction: [ 0.77960104  0.05223352  0.04204282]
filename : 539, Label: 6, Prediction: [ 0.45573166  0.16309716  0.13996759]
filename : 540, Label: 8, Prediction: [ 0.81739783  0.10944136  0.019751  ]
filename : 5405, Label: 4, Prediction: [ 0.60678744  0.1279992   0.07768773]
filename : 541, Label: 19, Prediction: [ 0.28790107  0.11307188  0.07023456]
filename : 5415, Label: 25, Prediction: [ 0.24159178  0.19881548  0.17876852]
filename : 5420, Label: 23, Prediction: [ 0.32627329  0.16243777  0.13552445]
filename : 5430, Label: 25, Prediction: [ 0.67963481  0.2550652   0.03040598]
filename : 5440, Label: 27, Prediction: [ 0.5479756   0.24159306  0.17930888]
filename : 5441, Label: 5, Prediction: [ 0.71046394  0.04582128  0.04045935]
filename : 5453, Label: 3, Prediction: [ 0.40070674  0.14434725  0.13211355]
filename : 5458, Label: 23, Prediction: [ 0.3491624   0.2914353   0.09428171]
filename : 5464, Label: 27, Prediction: [ 0.4963721   0.31297308  0.08224758]
filename : 5470, Label: 21, Prediction: [ 0.67080534  0.10594527  0.08965766]
filename : 5479, Label: 7, Prediction: [ 0.37666726  0.21471255  0.18967599]
filename : 5489, Label: 16, Prediction: [ 0.66094941  0.17827895  0.07736937]
filename : 5495, Label: 3, Prediction: [ 0.55433542  0.29276079  0.05045874]
filename : 5496, Label: 29, Prediction: [ 0.3827475   0.16618372  0.07292972]
filename : 5501, Label: 16, Prediction: [ 0.43247858  0.38730821  0.09773146]
filename : 5507, Label: 13, Prediction: [ 0.46412098  0.21173218  0.08109637]
filename : 5517, Label: 16, Prediction: [ 0.74045312  0.05922023  0.0317397 ]
filename : 5524, Label: 5, Prediction: [ 0.36012226  0.13329268  0.09214619]
filename : 5533, Label: 14, Prediction: [ 0.30557197  0.27800697  0.16518562]
filename : 5543, Label: 22, Prediction: [ 0.48724818  0.1601209   0.07440843]
filename : 5555, Label: 19, Prediction: [ 0.74766731  0.11033727  0.07802356]
filename : 5557, Label: 9, Prediction: [ 0.31817916  0.30720246  0.06108819]
filename : 5563, Label: 20, Prediction: [ 0.91397023  0.02680095  0.0247442 ]
filename : 5569, Label: 2, Prediction: [ 0.79127097  0.08612903  0.03859651]
filename : 5573, Label: 2, Prediction: [ 0.58174622  0.21256214  0.06394325]
filename : 5583, Label: 23, Prediction: [ 0.50593114  0.19039656  0.10604646]
filename : 559, Label: 5, Prediction: [ 0.62167406  0.35208872  0.00881095]
filename : 5598, Label: 20, Prediction: [ 0.47122225  0.09942777  0.06653198]
filename : 5606, Label: 19, Prediction: [ 0.60289842  0.21788356  0.09691103]
filename : 5607, Label: 5, Prediction: [ 0.39714441  0.39411548  0.05708756]
filename : 5615, Label: 15, Prediction: [ 0.67659914  0.21174122  0.04198706]
filename : 562, Label: 24, Prediction: [ 0.813353    0.05984463  0.03674002]
filename : 5627, Label: 25, Prediction: [ 0.26898059  0.19639556  0.18756354]
filename : 5633, Label: 27, Prediction: [  9.86389697e-01   1.27482787e-02   4.16344701e-04]
filename : 5641, Label: 12, Prediction: [ 0.43636557  0.35528776  0.02124017]
filename : 5650, Label: 25, Prediction: [ 0.96532971  0.0223764   0.0027732 ]
filename : 5659, Label: 12, Prediction: [ 0.28318381  0.21582475  0.11984229]
filename : 566, Label: 19, Prediction: [ 0.32399717  0.19677559  0.14340116]
filename : 5665, Label: 24, Prediction: [ 0.27252939  0.11714685  0.10406808]
filename : 568, Label: 13, Prediction: [ 0.64957905  0.11353668  0.05746198]
filename : 5689, Label: 12, Prediction: [ 0.55355686  0.13671334  0.08325495]
filename : 570, Label: 8, Prediction: [ 0.23681134  0.18831967  0.17749107]
filename : 5708, Label: 13, Prediction: [  9.99845624e-01   7.41988188e-05   2.42382484e-05]
filename : 5717, Label: 25, Prediction: [ 0.68331391  0.18333492  0.08449858]
filename : 5722, Label: 1, Prediction: [ 0.49362832  0.2590389   0.07737903]
filename : 5724, Label: 25, Prediction: [ 0.47327819  0.35126108  0.0760318 ]
filename : 5730, Label: 7, Prediction: [ 0.99334174  0.00164008  0.00121828]
filename : 5738, Label: 7, Prediction: [ 0.80754048  0.08078081  0.05341011]
filename : 5747, Label: 23, Prediction: [ 0.66934603  0.18703778  0.02963167]
filename : 5757, Label: 8, Prediction: [ 0.80154562  0.05193792  0.0500093 ]
filename : 5771, Label: 25, Prediction: [ 0.99031609  0.00205191  0.00192804]
filename : 5783, Label: 16, Prediction: [ 0.6280241   0.12244271  0.09921466]
filename : 580, Label: 26, Prediction: [ 0.82442349  0.05732943  0.03866537]
filename : 5800, Label: 14, Prediction: [  9.98275399e-01   9.34333191e-04   1.67902486e-04]
filename : 5809, Label: 16, Prediction: [ 0.8688907   0.03269922  0.0160707 ]
filename : 5818, Label: 7, Prediction: [ 0.98991865  0.00428535  0.00166378]
filename : 5828, Label: 4, Prediction: [ 0.50080174  0.35871914  0.11149047]
filename : 5833, Label: 6, Prediction: [ 0.97688556  0.01398809  0.00331022]
filename : 5848, Label: 5, Prediction: [ 0.94626385  0.02044603  0.010493  ]
filename : 5855, Label: 26, Prediction: [ 0.2328479   0.15218697  0.14085238]
filename : 5866, Label: 13, Prediction: [ 0.97498554  0.01163875  0.00518778]
filename : 5868, Label: 27, Prediction: [ 0.71704578  0.11315655  0.08353402]
filename : 5875, Label: 17, Prediction: [ 0.54876012  0.11580156  0.10523114]
filename : 5886, Label: 27, Prediction: [ 0.35691649  0.10241674  0.08934397]
filename : 5897, Label: 5, Prediction: [ 0.47602686  0.22214645  0.13171053]
filename : 5904, Label: 14, Prediction: [ 0.88730544  0.08688255  0.00928969]
filename : 5915, Label: 19, Prediction: [ 0.36284122  0.26578653  0.1341044 ]
filename : 5928, Label: 26, Prediction: [ 0.50073445  0.47565332  0.00952826]
filename : 5935, Label: 13, Prediction: [ 0.95186281  0.02545946  0.00501091]
filename : 5936, Label: 3, Prediction: [ 0.91449761  0.01545485  0.01387696]
filename : 5942, Label: 22, Prediction: [ 0.57585388  0.16413856  0.10993089]
filename : 5952, Label: 7, Prediction: [ 0.89935684  0.02653666  0.02515464]
filename : 5961, Label: 11, Prediction: [ 0.21683475  0.19347653  0.19011429]
filename : 5969, Label: 18, Prediction: [ 0.41903403  0.28821629  0.15659438]
filename : 5985, Label: 29, Prediction: [ 0.8405382   0.10017521  0.01775808]
filename : 5992, Label: 24, Prediction: [ 0.5851382   0.14096476  0.08561691]
filename : 5998, Label: 21, Prediction: [ 0.48806718  0.22415911  0.09720098]
filename : 6, Label: 29, Prediction: [ 0.36822549  0.22648008  0.1210512 ]
filename : 613, Label: 5, Prediction: [ 0.99267209  0.00269152  0.00167342]
filename : 622, Label: 17, Prediction: [ 0.71989435  0.08682848  0.05200219]
filename : 629, Label: 5, Prediction: [ 0.91527867  0.02938656  0.02396442]
filename : 636, Label: 27, Prediction: [ 0.44605008  0.19850293  0.16343284]
filename : 645, Label: 21, Prediction: [ 0.38914165  0.20476344  0.20087023]
filename : 658, Label: 17, Prediction: [ 0.98802745  0.00452289  0.00394544]
filename : 663, Label: 24, Prediction: [ 0.94951266  0.00797036  0.00619077]
filename : 665, Label: 27, Prediction: [ 0.69058692  0.20372279  0.03680503]
filename : 670, Label: 23, Prediction: [ 0.89824522  0.02196718  0.01922258]
filename : 680, Label: 4, Prediction: [ 0.66920835  0.15692917  0.05710879]
filename : 691, Label: 23, Prediction: [ 0.41971368  0.21797194  0.10178954]
filename : 701, Label: 27, Prediction: [ 0.54149437  0.34004843  0.07993165]
filename : 711, Label: 25, Prediction: [ 0.28659442  0.20825939  0.15660733]
filename : 718, Label: 7, Prediction: [ 0.79079103  0.09663367  0.02444902]
filename : 725, Label: 15, Prediction: [ 0.5122447   0.25594044  0.10887626]
filename : 727, Label: 6, Prediction: [ 0.32828441  0.16378379  0.12342116]
filename : 735, Label: 19, Prediction: [ 0.53403646  0.15585282  0.09983644]
filename : 746, Label: 18, Prediction: [ 0.97130674  0.02387164  0.0022865 ]
filename : 753, Label: 2, Prediction: [ 0.27877375  0.24799493  0.09055213]
filename : 762, Label: 25, Prediction: [ 0.84389091  0.10259994  0.03937507]
filename : 772, Label: 7, Prediction: [ 0.34980258  0.31568566  0.28355706]
filename : 780, Label: 5, Prediction: [ 0.88799018  0.08375064  0.01028078]
filename : 787, Label: 7, Prediction: [ 0.93501085  0.03022877  0.014239  ]
filename : 790, Label: 26, Prediction: [ 0.94484276  0.01980017  0.00773399]
filename : 8, Label: 4, Prediction: [ 0.51036197  0.29270715  0.07332307]
filename : 808, Label: 7, Prediction: [ 0.56929606  0.36068878  0.01549718]
filename : 82, Label: 21, Prediction: [ 0.16875003  0.15036489  0.14508432]
filename : 828, Label: 11, Prediction: [ 0.77904207  0.08023364  0.03443765]
filename : 837, Label: 29, Prediction: [ 0.90753263  0.03406028  0.02419772]
filename : 844, Label: 20, Prediction: [ 0.81487346  0.07221702  0.06903066]
filename : 853, Label: 17, Prediction: [ 0.41973636  0.17576697  0.0956194 ]
filename : 854, Label: 17, Prediction: [ 0.38709447  0.22447227  0.08949418]
filename : 864, Label: 3, Prediction: [ 0.81157541  0.05370174  0.03994815]
filename : 871, Label: 13, Prediction: [ 0.32768378  0.18056406  0.14767966]
filename : 880, Label: 7, Prediction: [ 0.48965284  0.15929189  0.07272419]
filename : 890, Label: 8, Prediction: [ 0.64926231  0.13583447  0.07114501]
filename : 90, Label: 2, Prediction: [ 0.58112222  0.24043047  0.0687322 ]
filename : 905, Label: 5, Prediction: [ 0.31036058  0.205166    0.13137645]
filename : 910, Label: 16, Prediction: [ 0.61703283  0.24402039  0.02680828]
filename : 911, Label: 25, Prediction: [ 0.52061719  0.13245107  0.0694833 ]
filename : 922, Label: 16, Prediction: [ 0.81176829  0.17807499  0.00353665]
filename : 932, Label: 14, Prediction: [ 0.28369188  0.21141993  0.15462068]
filename : 939, Label: 7, Prediction: [ 0.86405295  0.05913109  0.02427898]
filename : 949, Label: 14, Prediction: [ 0.94821715  0.029348    0.00442625]
filename : 958, Label: 29, Prediction: [ 0.57757348  0.18454936  0.13612878]
filename : 966, Label: 25, Prediction: [ 0.44242585  0.18162106  0.18107294]
filename : 975, Label: 17, Prediction: [ 0.9416222   0.01216914  0.00905256]
