filename : 10, Label: 27, Prediction: [ 0.8510384   0.14269173  0.00225688]
filename : 1005, Label: 29, Prediction: [ 0.45324373  0.43304542  0.09259526]
filename : 1013, Label: 19, Prediction: [ 0.91582298  0.03398506  0.01341016]
filename : 1021, Label: 29, Prediction: [ 0.93539381  0.04968853  0.00782846]
filename : 103, Label: 15, Prediction: [ 0.88762677  0.06054871  0.02965091]
filename : 1037, Label: 13, Prediction: [ 0.46941113  0.33014682  0.11259116]
filename : 1048, Label: 25, Prediction: [ 0.87110376  0.05247663  0.043642  ]
filename : 1059, Label: 24, Prediction: [ 0.83105791  0.04523126  0.02194611]
filename : 106, Label: 22, Prediction: [  7.78498709e-01   2.20554918e-01   3.29907372e-04]
filename : 1070, Label: 27, Prediction: [  9.99989748e-01   3.96898940e-06   3.06440688e-06]
filename : 1078, Label: 4, Prediction: [ 0.8480016   0.09205949  0.02842071]
filename : 1086, Label: 14, Prediction: [ 0.8869195   0.05295432  0.02969445]
filename : 1093, Label: 8, Prediction: [ 0.63951951  0.18206978  0.09053756]
filename : 1102, Label: 24, Prediction: [  8.54457319e-01   1.45377427e-01   3.82686121e-05]
filename : 1113, Label: 7, Prediction: [ 0.95456266  0.01649463  0.00939765]
filename : 1122, Label: 12, Prediction: [ 0.61653024  0.20499974  0.16788295]
filename : 1128, Label: 22, Prediction: [ 0.27444702  0.26172775  0.21742673]
filename : 1138, Label: 11, Prediction: [  9.97173667e-01   2.81987502e-03   2.95527138e-06]
filename : 1145, Label: 22, Prediction: [ 0.4756884   0.18496166  0.16057374]
filename : 1154, Label: 28, Prediction: [ 0.54196417  0.30654153  0.07293855]
filename : 1168, Label: 8, Prediction: [ 0.96886092  0.00961648  0.00818635]
filename : 118, Label: 24, Prediction: [  8.97501111e-01   1.01565421e-01   3.16743797e-04]
filename : 1187, Label: 22, Prediction: [ 0.41498902  0.19125143  0.15039824]
filename : 1194, Label: 20, Prediction: [ 0.40774372  0.29242828  0.24869855]
filename : 1196, Label: 13, Prediction: [ 0.97701073  0.00950301  0.00722033]
filename : 1202, Label: 13, Prediction: [  9.93388653e-01   5.70922019e-03   4.47610102e-04]
filename : 1213, Label: 6, Prediction: [  9.98214602e-01   6.61311147e-04   5.81083470e-04]
filename : 1222, Label: 29, Prediction: [ 0.91435081  0.02689578  0.02240673]
filename : 1230, Label: 20, Prediction: [ 0.38592726  0.23517165  0.1487499 ]
filename : 124, Label: 22, Prediction: [ 0.42070878  0.1917703   0.16459472]
filename : 1248, Label: 24, Prediction: [ 0.73079139  0.2603952   0.00555317]
filename : 1254, Label: 14, Prediction: [ 0.98107255  0.00563423  0.00316435]
filename : 1256, Label: 13, Prediction: [  9.99380827e-01   4.95977700e-04   4.12324371e-05]
filename : 1262, Label: 19, Prediction: [ 0.70717925  0.28755915  0.00156208]
filename : 1271, Label: 11, Prediction: [ 0.7522229   0.08243623  0.08225065]
filename : 1284, Label: 19, Prediction: [ 0.41351584  0.14354177  0.13382073]
filename : 1291, Label: 13, Prediction: [  9.91458476e-01   8.28726310e-03   1.28784915e-04]
filename : 1309, Label: 11, Prediction: [ 0.97050887  0.01034745  0.00624649]
filename : 1316, Label: 24, Prediction: [ 0.97015375  0.02375303  0.00327483]
filename : 1321, Label: 26, Prediction: [ 0.99113292  0.00320112  0.00270104]
filename : 1327, Label: 8, Prediction: [ 0.51602995  0.12473485  0.12229457]
filename : 1340, Label: 14, Prediction: [ 0.74043781  0.12712425  0.12361104]
filename : 1350, Label: 14, Prediction: [ 0.43911606  0.38320008  0.14395705]
filename : 1363, Label: 24, Prediction: [  7.60984957e-01   2.38207519e-01   1.52387729e-04]
filename : 1371, Label: 12, Prediction: [ 0.52385819  0.2544612   0.12646085]
filename : 1379, Label: 19, Prediction: [ 0.95388407  0.04210383  0.00119553]
filename : 1386, Label: 10, Prediction: [ 0.8143549   0.05763865  0.05251919]
filename : 1393, Label: 24, Prediction: [ 0.82261342  0.08604618  0.05793875]
filename : 1396, Label: 13, Prediction: [ 0.78637022  0.17400451  0.03649996]
filename : 1401, Label: 14, Prediction: [ 0.98959166  0.00704311  0.00109729]
filename : 141, Label: 20, Prediction: [  9.99484062e-01   1.71388019e-04   1.66757978e-04]
filename : 1420, Label: 7, Prediction: [ 0.98978055  0.00497014  0.00422969]
filename : 1428, Label: 2, Prediction: [ 0.98726851  0.00604394  0.00553581]
filename : 1436, Label: 11, Prediction: [ 0.44689095  0.26935315  0.17846327]
filename : 1449, Label: 18, Prediction: [ 0.93235224  0.01485699  0.01457714]
filename : 1455, Label: 22, Prediction: [ 0.72110391  0.23887131  0.0133128 ]
filename : 1457, Label: 2, Prediction: [ 0.99075729  0.00615358  0.00161786]
filename : 1466, Label: 5, Prediction: [ 0.70757723  0.13125004  0.08138639]
filename : 1475, Label: 17, Prediction: [ 0.46594712  0.31008688  0.12992096]
filename : 1482, Label: 24, Prediction: [  9.99541044e-01   4.54626075e-04   1.71218244e-06]
filename : 1491, Label: 29, Prediction: [ 0.81199247  0.02996236  0.02935829]
filename : 1501, Label: 7, Prediction: [ 0.75334847  0.14028133  0.09488811]
filename : 1511, Label: 19, Prediction: [  9.98709202e-01   8.98797938e-04   2.63628928e-04]
filename : 1521, Label: 13, Prediction: [  9.99998927e-01   7.07165043e-07   2.73643735e-07]
filename : 1526, Label: 25, Prediction: [ 0.9752965   0.02241893  0.00160638]
filename : 1533, Label: 6, Prediction: [ 0.72546691  0.20505406  0.02248147]
filename : 1539, Label: 23, Prediction: [ 0.49605632  0.48792762  0.00321367]
filename : 1548, Label: 15, Prediction: [ 0.64183915  0.35183948  0.00273593]
filename : 1561, Label: 27, Prediction: [  1.00000000e+00   2.36751840e-09   2.41410197e-10]
filename : 157, Label: 29, Prediction: [ 0.82838744  0.07278668  0.06286988]
filename : 1575, Label: 6, Prediction: [ 0.4124606   0.361826    0.08071829]
filename : 1583, Label: 12, Prediction: [ 0.46242949  0.4316757   0.03233708]
filename : 1585, Label: 7, Prediction: [ 0.65271729  0.25476864  0.0383834 ]
filename : 1592, Label: 25, Prediction: [ 0.86519605  0.05277488  0.05148992]
filename : 16, Label: 13, Prediction: [  6.24415040e-01   3.75543326e-01   1.62857614e-05]
filename : 1603, Label: 12, Prediction: [ 0.9959709   0.00175033  0.00111644]
filename : 1610, Label: 10, Prediction: [ 0.67820561  0.29855618  0.00598351]
filename : 1615, Label: 18, Prediction: [ 0.39764494  0.16334933  0.14959002]
filename : 1622, Label: 28, Prediction: [ 0.62908518  0.22955276  0.12459013]
filename : 163, Label: 8, Prediction: [ 0.71615475  0.18779542  0.03366196]
filename : 1633, Label: 8, Prediction: [ 0.53661817  0.24680939  0.08556435]
filename : 164, Label: 13, Prediction: [  9.99862790e-01   7.59040850e-05   5.73292964e-05]
filename : 1645, Label: 26, Prediction: [ 0.54138464  0.31591007  0.0714722 ]
filename : 1660, Label: 11, Prediction: [ 0.35020134  0.16298728  0.1539965 ]
filename : 1666, Label: 7, Prediction: [ 0.40452671  0.24328952  0.17874075]
filename : 1672, Label: 10, Prediction: [ 0.96303082  0.02848585  0.00447771]
filename : 168, Label: 4, Prediction: [ 0.86376417  0.07607827  0.02044899]
filename : 1689, Label: 24, Prediction: [  9.99821842e-01   7.89018814e-05   2.88607353e-05]
filename : 1691, Label: 11, Prediction: [ 0.37692562  0.24927366  0.13760175]
filename : 170, Label: 27, Prediction: [  1.00000000e+00   1.10608411e-08   2.71285683e-09]
filename : 1704, Label: 22, Prediction: [ 0.98129636  0.00788214  0.00497024]
filename : 1712, Label: 6, Prediction: [ 0.84743422  0.06301849  0.05530077]
filename : 1721, Label: 16, Prediction: [  7.58962929e-01   2.40211010e-01   3.08632880e-04]
filename : 173, Label: 7, Prediction: [ 0.61216438  0.1852155   0.09434143]
filename : 1740, Label: 2, Prediction: [ 0.53924859  0.38580534  0.02018319]
filename : 1754, Label: 21, Prediction: [ 0.49792895  0.30775815  0.11623862]
filename : 1759, Label: 9, Prediction: [ 0.52104473  0.42539892  0.02471751]
filename : 1766, Label: 27, Prediction: [  9.99998927e-01   1.05680760e-06   2.83469817e-08]
filename : 1777, Label: 1, Prediction: [ 0.88171023  0.10204142  0.00951612]
filename : 1784, Label: 3, Prediction: [  9.73003328e-01   2.35783421e-02   9.04389482e-04]
filename : 1790, Label: 10, Prediction: [ 0.99262542  0.00493859  0.00127551]
filename : 18, Label: 21, Prediction: [ 0.35269153  0.21771522  0.13682024]
filename : 1804, Label: 26, Prediction: [  9.99836922e-01   6.46478438e-05   5.22373084e-05]
filename : 1815, Label: 25, Prediction: [ 0.51557082  0.41655403  0.03694695]
filename : 1817, Label: 17, Prediction: [ 0.99086821  0.00459494  0.00361781]
filename : 1826, Label: 21, Prediction: [ 0.35034651  0.1887909   0.14529748]
filename : 1834, Label: 26, Prediction: [  9.99994278e-01   4.28437170e-06   6.68454220e-07]
filename : 1842, Label: 13, Prediction: [ 0.38498658  0.37637055  0.11921307]
filename : 1848, Label: 14, Prediction: [  9.99547660e-01   1.59151721e-04   8.05861273e-05]
filename : 1855, Label: 13, Prediction: [  9.98459458e-01   1.25949853e-03   1.26731873e-04]
filename : 1864, Label: 5, Prediction: [ 0.99319565  0.00252036  0.00239074]
filename : 1879, Label: 5, Prediction: [ 0.53373504  0.3185364   0.13648379]
filename : 1881, Label: 7, Prediction: [ 0.54999638  0.21711348  0.12527533]
filename : 1892, Label: 26, Prediction: [ 0.34179702  0.32643804  0.17403591]
filename : 1900, Label: 27, Prediction: [  1.00000000e+00   3.24649907e-09   1.27592648e-09]
filename : 1908, Label: 11, Prediction: [ 0.51966161  0.37897515  0.04112083]
filename : 1923, Label: 19, Prediction: [ 0.96391356  0.0108804   0.00686871]
filename : 1929, Label: 14, Prediction: [ 0.63176179  0.19403173  0.07278388]
filename : 1939, Label: 5, Prediction: [  9.95017707e-01   4.02639667e-03   2.72254314e-04]
filename : 1945, Label: 24, Prediction: [ 0.4610962   0.15427832  0.09950338]
filename : 1948, Label: 24, Prediction: [ 0.79780161  0.1792566   0.01266074]
filename : 1960, Label: 29, Prediction: [ 0.80401009  0.18817754  0.00175451]
filename : 1969, Label: 13, Prediction: [  9.53979075e-01   4.36348878e-02   8.14710569e-04]
filename : 1979, Label: 19, Prediction: [ 0.55131471  0.29001716  0.06983169]
filename : 1988, Label: 20, Prediction: [ 0.58982652  0.40820947  0.00061795]
filename : 1997, Label: 11, Prediction: [ 0.89947921  0.02439723  0.02360831]
filename : 2001, Label: 12, Prediction: [ 0.62590575  0.30851257  0.01822785]
filename : 2013, Label: 22, Prediction: [ 0.97127825  0.01015418  0.00922564]
filename : 2014, Label: 16, Prediction: [ 0.51654989  0.21075311  0.18652777]
filename : 2021, Label: 5, Prediction: [ 0.94247955  0.02890337  0.02567063]
filename : 2029, Label: 10, Prediction: [ 0.9035188   0.07615411  0.00721759]
filename : 2038, Label: 24, Prediction: [ 0.89622539  0.067178    0.0124314 ]
filename : 2046, Label: 9, Prediction: [ 0.62710351  0.22169119  0.10218231]
filename : 2054, Label: 24, Prediction: [ 0.3495467   0.18207242  0.16185287]
filename : 2066, Label: 29, Prediction: [  9.63085890e-01   3.60489115e-02   1.94647771e-04]
filename : 2076, Label: 14, Prediction: [ 0.75002581  0.22147797  0.01902283]
filename : 2078, Label: 8, Prediction: [ 0.33491689  0.17413953  0.17264929]
filename : 2091, Label: 15, Prediction: [ 0.46875149  0.30313081  0.16808178]
filename : 21, Label: 21, Prediction: [ 0.49932131  0.46743545  0.02618796]
filename : 2108, Label: 11, Prediction: [ 0.79479343  0.04977814  0.03900632]
filename : 2117, Label: 11, Prediction: [ 0.74779791  0.06048224  0.0603314 ]
filename : 2131, Label: 14, Prediction: [ 0.97529095  0.02108144  0.0027815 ]
filename : 2138, Label: 14, Prediction: [ 0.69527429  0.27292916  0.02864372]
filename : 2149, Label: 25, Prediction: [ 0.96624857  0.01138813  0.01027432]
filename : 2151, Label: 19, Prediction: [ 0.96574181  0.01518336  0.0106498 ]
filename : 2158, Label: 22, Prediction: [  9.99973774e-01   1.23959944e-05   6.22867628e-06]
filename : 2167, Label: 16, Prediction: [ 0.52301842  0.17974001  0.07649072]
filename : 2174, Label: 11, Prediction: [ 0.93094701  0.04628993  0.0172404 ]
filename : 2183, Label: 29, Prediction: [ 0.97907776  0.01487088  0.00431622]
filename : 2191, Label: 13, Prediction: [  9.99999046e-01   7.52033600e-07   1.20490029e-07]
filename : 2197, Label: 1, Prediction: [ 0.72804874  0.19601782  0.04578314]
filename : 2201, Label: 11, Prediction: [ 0.85515791  0.14254354  0.00096472]
filename : 2202, Label: 4, Prediction: [ 0.80615503  0.14187537  0.03935338]
filename : 221, Label: 10, Prediction: [ 0.51672357  0.33876088  0.13887261]
filename : 2218, Label: 10, Prediction: [ 0.59484541  0.08841158  0.0854983 ]
filename : 2228, Label: 22, Prediction: [ 0.80703169  0.13161738  0.03552187]
filename : 2238, Label: 8, Prediction: [  9.99514222e-01   2.28109566e-04   1.68881204e-04]
filename : 2248, Label: 6, Prediction: [ 0.56901836  0.12707832  0.12019969]
filename : 2256, Label: 26, Prediction: [ 0.92227322  0.04865984  0.01409555]
filename : 2265, Label: 14, Prediction: [ 0.65688425  0.31840718  0.01357347]
filename : 2266, Label: 9, Prediction: [  9.97895360e-01   6.56216522e-04   6.30625989e-04]
filename : 2278, Label: 15, Prediction: [ 0.75594205  0.24247868  0.00097768]
filename : 2287, Label: 17, Prediction: [  9.99317646e-01   6.08839269e-04   6.54495889e-05]
filename : 2297, Label: 26, Prediction: [ 0.31656036  0.30139557  0.21559945]
filename : 2300, Label: 18, Prediction: [  9.88715947e-01   1.01960609e-02   4.33634530e-04]
filename : 2312, Label: 11, Prediction: [ 0.7835353   0.08250636  0.0506767 ]
filename : 2327, Label: 12, Prediction: [ 0.89706689  0.04992037  0.02579147]
filename : 2336, Label: 16, Prediction: [  9.99468029e-01   4.55084752e-04   4.73021937e-05]
filename : 2337, Label: 14, Prediction: [ 0.86871165  0.09654155  0.01183499]
filename : 2344, Label: 2, Prediction: [ 0.46384001  0.14765359  0.12922336]
filename : 2351, Label: 29, Prediction: [  9.96120095e-01   3.21008847e-03   4.66244674e-04]
filename : 2364, Label: 14, Prediction: [  9.94858027e-01   5.03626000e-03   5.26748008e-05]
filename : 2371, Label: 8, Prediction: [  7.56797254e-01   2.41434276e-01   7.53798871e-04]
filename : 2380, Label: 13, Prediction: [ 0.9475286   0.04056913  0.00567137]
filename : 2389, Label: 19, Prediction: [ 0.92027092  0.04187397  0.02004856]
filename : 2402, Label: 14, Prediction: [ 0.61769652  0.22432762  0.03797525]
filename : 2403, Label: 29, Prediction: [  9.91444170e-01   7.88958464e-03   1.95685177e-04]
filename : 2414, Label: 13, Prediction: [  9.99991417e-01   8.63672631e-06   3.39405588e-08]
filename : 242, Label: 12, Prediction: [ 0.96787864  0.01918913  0.00604395]
filename : 2433, Label: 22, Prediction: [ 0.86557645  0.12987581  0.00149662]
filename : 2446, Label: 19, Prediction: [ 0.63530666  0.21914102  0.04278173]
filename : 2453, Label: 10, Prediction: [  9.98730242e-01   5.84208465e-04   2.01061775e-04]
filename : 246, Label: 3, Prediction: [ 0.44375566  0.33830085  0.19948637]
filename : 2467, Label: 5, Prediction: [ 0.76800144  0.10694844  0.06428248]
filename : 2470, Label: 13, Prediction: [  9.99226689e-01   7.71123625e-04   1.19247693e-06]
filename : 2477, Label: 12, Prediction: [  9.96792138e-01   1.04612601e-03   6.78469078e-04]
filename : 2484, Label: 27, Prediction: [  9.99405861e-01   2.42797585e-04   1.80089919e-04]
filename : 2499, Label: 8, Prediction: [  9.99478281e-01   4.89625731e-04   1.37870702e-05]
filename : 251, Label: 14, Prediction: [ 0.56299436  0.1939185   0.06666579]
filename : 2515, Label: 2, Prediction: [  9.95280802e-01   4.02711146e-03   2.93701625e-04]
filename : 2523, Label: 15, Prediction: [ 0.22098413  0.18820515  0.11089437]
filename : 2541, Label: 9, Prediction: [ 0.79436755  0.19333386  0.0105311 ]
filename : 2542, Label: 29, Prediction: [  9.96443808e-01   2.59703957e-03   2.57731968e-04]
filename : 2553, Label: 24, Prediction: [ 0.89860368  0.0653347   0.02751999]
filename : 2569, Label: 6, Prediction: [ 0.67530257  0.20932998  0.06515565]
filename : 2574, Label: 28, Prediction: [ 0.99195194  0.00252449  0.00168835]
filename : 2580, Label: 12, Prediction: [ 0.68073624  0.20313969  0.08815972]
filename : 2585, Label: 1, Prediction: [ 0.9786092   0.01943562  0.00180213]
filename : 26, Label: 13, Prediction: [  9.97270405e-01   2.14606384e-03   4.71569074e-04]
filename : 2607, Label: 6, Prediction: [ 0.69969112  0.10579571  0.09881874]
filename : 2608, Label: 6, Prediction: [ 0.99399638  0.0025443   0.00250323]
filename : 2618, Label: 29, Prediction: [ 0.84286475  0.13378036  0.01074266]
filename : 2630, Label: 10, Prediction: [ 0.95634907  0.01496497  0.00856729]
filename : 264, Label: 2, Prediction: [ 0.37265658  0.2578845   0.11335005]
filename : 2650, Label: 22, Prediction: [ 0.35799554  0.22616889  0.1250392 ]
filename : 266, Label: 25, Prediction: [ 0.62548977  0.27366179  0.06088336]
filename : 2668, Label: 7, Prediction: [ 0.97608191  0.01103107  0.00732063]
filename : 2675, Label: 11, Prediction: [ 0.7068029   0.28457764  0.0051117 ]
filename : 2676, Label: 15, Prediction: [ 0.98280948  0.01248844  0.00292334]
filename : 2681, Label: 6, Prediction: [ 0.6202026   0.1880897   0.10744592]
filename : 2686, Label: 12, Prediction: [  9.96664464e-01   1.63321360e-03   7.81057053e-04]
filename : 2699, Label: 25, Prediction: [ 0.40096584  0.2624191   0.17032896]
filename : 2711, Label: 19, Prediction: [ 0.91689408  0.02272372  0.01787516]
filename : 2726, Label: 6, Prediction: [ 0.71543926  0.10815759  0.10467685]
filename : 2734, Label: 6, Prediction: [ 0.84372312  0.09064343  0.04225926]
filename : 274, Label: 17, Prediction: [ 0.91064388  0.03151988  0.01278495]
filename : 2740, Label: 21, Prediction: [ 0.89429939  0.04471279  0.04285554]
filename : 2750, Label: 24, Prediction: [  9.99938130e-01   2.40177433e-05   2.35026237e-05]
filename : 2765, Label: 8, Prediction: [ 0.66394538  0.22647126  0.10016419]
filename : 2773, Label: 14, Prediction: [  9.99731123e-01   1.94889944e-04   6.32339870e-05]
filename : 2789, Label: 19, Prediction: [ 0.55346328  0.28963131  0.13009416]
filename : 2797, Label: 22, Prediction: [ 0.94443834  0.02711968  0.00724197]
filename : 2805, Label: 25, Prediction: [ 0.72776103  0.16183987  0.09752434]
filename : 2813, Label: 12, Prediction: [ 0.60668242  0.29312849  0.06482378]
filename : 2815, Label: 29, Prediction: [ 0.98581898  0.01041731  0.00136682]
filename : 2822, Label: 11, Prediction: [ 0.83426541  0.12900816  0.0342702 ]
filename : 2830, Label: 27, Prediction: [  9.99141216e-01   4.02291917e-04   1.92777647e-04]
filename : 2838, Label: 6, Prediction: [ 0.69963968  0.20056863  0.03854691]
filename : 2845, Label: 21, Prediction: [ 0.98373622  0.00722251  0.00515296]
filename : 2858, Label: 22, Prediction: [  9.97687578e-01   1.96874584e-03   1.90005754e-04]
filename : 2869, Label: 9, Prediction: [ 0.80393064  0.15368477  0.01281653]
filename : 2877, Label: 19, Prediction: [ 0.63923877  0.29162878  0.02955888]
filename : 2878, Label: 25, Prediction: [ 0.43442217  0.24035463  0.23315969]
filename : 2894, Label: 10, Prediction: [ 0.77452797  0.21762511  0.00148893]
filename : 2902, Label: 17, Prediction: [ 0.61301529  0.1138956   0.07664935]
filename : 2912, Label: 13, Prediction: [  9.99978185e-01   2.17030865e-05   5.48885417e-08]
filename : 292, Label: 7, Prediction: [ 0.29113868  0.26821771  0.25634474]
filename : 293, Label: 27, Prediction: [  9.99998093e-01   1.86911882e-06   5.53463897e-09]
filename : 2940, Label: 15, Prediction: [ 0.89120162  0.06445895  0.01948081]
filename : 2946, Label: 12, Prediction: [ 0.5399633   0.23423406  0.05356734]
filename : 2948, Label: 3, Prediction: [ 0.879574    0.06220157  0.03520856]
filename : 2956, Label: 25, Prediction: [ 0.93599886  0.03853054  0.00597929]
filename : 2964, Label: 28, Prediction: [ 0.49611634  0.40523344  0.03964802]
filename : 2970, Label: 7, Prediction: [ 0.57721233  0.15379699  0.10571355]
filename : 2983, Label: 13, Prediction: [ 0.94107711  0.05114051  0.00474285]
filename : 2993, Label: 17, Prediction: [ 0.63189757  0.2520408   0.05346093]
filename : 3000, Label: 3, Prediction: [ 0.88365197  0.07361266  0.0199818 ]
filename : 3011, Label: 26, Prediction: [ 0.65340304  0.08713756  0.0771455 ]
filename : 3013, Label: 27, Prediction: [  9.94952559e-01   4.38761944e-03   2.94117082e-04]
filename : 3021, Label: 15, Prediction: [ 0.39747021  0.20825453  0.18738015]
filename : 3026, Label: 18, Prediction: [ 0.70150024  0.10997984  0.07749601]
filename : 3034, Label: 29, Prediction: [ 0.96161079  0.01446574  0.01069336]
filename : 3042, Label: 6, Prediction: [  9.97634768e-01   1.00797217e-03   3.60704580e-04]
filename : 305, Label: 29, Prediction: [ 0.88111466  0.0957521   0.00554181]
filename : 3059, Label: 11, Prediction: [ 0.4695842   0.16290446  0.1067548 ]
filename : 3063, Label: 11, Prediction: [ 0.30597726  0.25971285  0.18339805]
filename : 3064, Label: 26, Prediction: [ 0.96823454  0.01561122  0.01430632]
filename : 307, Label: 29, Prediction: [  9.99761045e-01   7.79908369e-05   7.00804303e-05]
filename : 3083, Label: 11, Prediction: [ 0.54172641  0.18901341  0.1521917 ]
filename : 3091, Label: 8, Prediction: [ 0.81133181  0.16153529  0.01185791]
filename : 31, Label: 10, Prediction: [ 0.48832443  0.35283908  0.08314454]
filename : 3108, Label: 27, Prediction: [ 0.55786222  0.11256709  0.09399845]
filename : 3119, Label: 6, Prediction: [ 0.9914887   0.00479859  0.00205964]
filename : 3125, Label: 19, Prediction: [  9.98600185e-01   8.72210599e-04   2.65599141e-04]
filename : 3126, Label: 17, Prediction: [ 0.38535246  0.31136999  0.13929176]
filename : 3132, Label: 24, Prediction: [ 0.54294831  0.44991383  0.00221588]
filename : 3139, Label: 2, Prediction: [  9.96216118e-01   1.61263917e-03   9.61698592e-04]
filename : 3148, Label: 25, Prediction: [ 0.56982923  0.38364279  0.02453942]
filename : 3157, Label: 8, Prediction: [ 0.98217863  0.0101674   0.00423515]
filename : 3161, Label: 7, Prediction: [ 0.90018517  0.05737607  0.01568228]
filename : 3168, Label: 19, Prediction: [ 0.56494969  0.26594129  0.07177505]
filename : 3177, Label: 22, Prediction: [ 0.73354512  0.09723523  0.06754205]
filename : 3179, Label: 19, Prediction: [ 0.91047078  0.05943301  0.0130308 ]
filename : 3187, Label: 17, Prediction: [ 0.71984565  0.273045    0.00251925]
filename : 3195, Label: 14, Prediction: [ 0.98955286  0.00712198  0.00238497]
filename : 3200, Label: 2, Prediction: [ 0.9767369   0.01258799  0.00533565]
filename : 321, Label: 22, Prediction: [ 0.59297317  0.18652962  0.12256695]
filename : 3218, Label: 19, Prediction: [  9.79503393e-01   1.81312636e-02   6.21001935e-04]
filename : 3232, Label: 23, Prediction: [  9.99994159e-01   2.97760562e-06   1.50837127e-06]
filename : 3240, Label: 27, Prediction: [ 0.59491432  0.17053194  0.16398232]
filename : 3242, Label: 23, Prediction: [ 0.80659997  0.1801157   0.0052173 ]
filename : 3248, Label: 28, Prediction: [ 0.45713109  0.36363959  0.13264622]
filename : 3256, Label: 19, Prediction: [ 0.6246298   0.16137293  0.12316263]
filename : 3262, Label: 26, Prediction: [ 0.43203083  0.34093821  0.06940333]
filename : 3276, Label: 6, Prediction: [ 0.78941917  0.12636472  0.05294823]
filename : 3283, Label: 7, Prediction: [ 0.84711438  0.14697129  0.00452904]
filename : 3291, Label: 14, Prediction: [  9.99295950e-01   1.92501422e-04   1.72435728e-04]
filename : 3300, Label: 13, Prediction: [  9.99889493e-01   9.27403889e-05   8.01458100e-06]
filename : 3301, Label: 19, Prediction: [ 0.245442    0.19764173  0.19674   ]
filename : 3310, Label: 29, Prediction: [ 0.98271376  0.00390131  0.00254732]
filename : 3322, Label: 8, Prediction: [ 0.31988919  0.22719522  0.22261898]
filename : 3331, Label: 29, Prediction: [ 0.78550857  0.13859223  0.0409122 ]
filename : 3348, Label: 23, Prediction: [ 0.5960809   0.26320821  0.07822581]
filename : 3352, Label: 10, Prediction: [ 0.8233425   0.16907381  0.00159984]
filename : 3364, Label: 26, Prediction: [ 0.42205513  0.29999408  0.20222291]
filename : 3377, Label: 13, Prediction: [ 0.33803979  0.21823803  0.18795624]
filename : 3380, Label: 1, Prediction: [ 0.76981723  0.16867055  0.0315521 ]
filename : 339, Label: 19, Prediction: [ 0.91472149  0.03732983  0.02375896]
filename : 3395, Label: 11, Prediction: [ 0.65957123  0.1886792   0.10647748]
filename : 3410, Label: 19, Prediction: [ 0.36399233  0.287752    0.12681317]
filename : 3416, Label: 19, Prediction: [ 0.97910964  0.01097236  0.00305174]
filename : 3421, Label: 19, Prediction: [ 0.56968832  0.41958448  0.00593617]
filename : 3433, Label: 4, Prediction: [  9.22405839e-01   7.54100978e-02   6.83606311e-04]
filename : 344, Label: 27, Prediction: [  1.00000000e+00   1.30653299e-09   5.69516212e-10]
filename : 3440, Label: 18, Prediction: [ 0.628708    0.06096805  0.05973914]
filename : 3448, Label: 18, Prediction: [ 0.84983051  0.10912512  0.03160013]
filename : 3454, Label: 8, Prediction: [ 0.3637425   0.30279014  0.07590288]
filename : 3462, Label: 1, Prediction: [ 0.45901754  0.26558217  0.10117292]
filename : 347, Label: 2, Prediction: [ 0.413692   0.3100808  0.1010731]
filename : 3474, Label: 3, Prediction: [ 0.52122676  0.28557083  0.05364584]
filename : 3482, Label: 16, Prediction: [ 0.95330745  0.03383867  0.00699358]
filename : 3489, Label: 23, Prediction: [ 0.77429003  0.137769    0.07486612]
filename : 3491, Label: 12, Prediction: [ 0.62914568  0.1252867   0.05555959]
filename : 350, Label: 3, Prediction: [  9.93283868e-01   6.27823127e-03   2.34045277e-04]
filename : 3506, Label: 17, Prediction: [ 0.32334876  0.23032238  0.16050535]
filename : 3519, Label: 29, Prediction: [ 0.38438806  0.36795491  0.17951083]
filename : 3523, Label: 7, Prediction: [ 0.61287093  0.26968443  0.10797089]
filename : 3535, Label: 22, Prediction: [ 0.67578441  0.11680854  0.09756911]
filename : 3547, Label: 19, Prediction: [ 0.56392956  0.39207608  0.02476167]
filename : 3551, Label: 3, Prediction: [ 0.36369899  0.3218222   0.0712159 ]
filename : 3553, Label: 14, Prediction: [  9.92233515e-01   5.85247763e-03   5.81921835e-04]
filename : 3561, Label: 21, Prediction: [ 0.53456366  0.13839981  0.12360719]
filename : 357, Label: 13, Prediction: [ 0.5918926   0.27246648  0.10162594]
filename : 3581, Label: 19, Prediction: [  9.99987483e-01   7.57909720e-06   3.29694626e-06]
filename : 3589, Label: 7, Prediction: [ 0.92361313  0.07343276  0.00258818]
filename : 3596, Label: 17, Prediction: [ 0.62234312  0.36307302  0.00753592]
filename : 3605, Label: 25, Prediction: [ 0.98643386  0.00761404  0.0029643 ]
filename : 3614, Label: 22, Prediction: [ 0.95111305  0.04092092  0.00553357]
filename : 3616, Label: 2, Prediction: [ 0.79850918  0.07398663  0.06026549]
filename : 3630, Label: 10, Prediction: [ 0.79688609  0.08242935  0.06406522]
filename : 3645, Label: 7, Prediction: [ 0.89736515  0.05642511  0.016651  ]
filename : 3650, Label: 9, Prediction: [ 0.81992489  0.12602909  0.02194937]
filename : 3657, Label: 29, Prediction: [ 0.96267873  0.01533756  0.01220281]
filename : 3668, Label: 23, Prediction: [ 0.86810583  0.0486614   0.03901247]
filename : 3676, Label: 5, Prediction: [ 0.36322957  0.3506172   0.25857404]
filename : 3682, Label: 23, Prediction: [ 0.69238871  0.29542676  0.00712362]
filename : 3686, Label: 20, Prediction: [ 0.81760502  0.07164432  0.0279094 ]
filename : 3693, Label: 20, Prediction: [ 0.85032916  0.14363058  0.00401393]
filename : 3706, Label: 18, Prediction: [ 0.5381223   0.34099984  0.05760764]
filename : 3714, Label: 25, Prediction: [ 0.50556457  0.25302276  0.09029682]
filename : 3727, Label: 17, Prediction: [  9.96945679e-01   2.84638652e-03   1.90455103e-04]
filename : 3733, Label: 24, Prediction: [ 0.4376139   0.25124291  0.25080582]
filename : 3742, Label: 23, Prediction: [ 0.34917089  0.30640131  0.09747545]
filename : 3749, Label: 19, Prediction: [ 0.99045628  0.00727492  0.00148073]
filename : 375, Label: 16, Prediction: [ 0.56197155  0.34787425  0.03202132]
filename : 376, Label: 26, Prediction: [  9.98014450e-01   1.88525417e-03   3.73994189e-05]
filename : 3764, Label: 12, Prediction: [ 0.40926588  0.27997226  0.23053981]
filename : 3770, Label: 26, Prediction: [ 0.48141134  0.25116196  0.1486959 ]
filename : 3780, Label: 25, Prediction: [  9.93464887e-01   5.42840548e-03   3.08083574e-04]
filename : 3793, Label: 12, Prediction: [ 0.9746474   0.00580027  0.00322531]
filename : 380, Label: 13, Prediction: [  9.99937415e-01   2.43865288e-05   1.95718203e-05]
filename : 3808, Label: 19, Prediction: [ 0.82424653  0.06451865  0.05582108]
filename : 381, Label: 7, Prediction: [ 0.93971825  0.05611244  0.00317586]
filename : 3828, Label: 16, Prediction: [ 0.7855615   0.1672744   0.02047129]
filename : 384, Label: 13, Prediction: [  9.94713485e-01   5.27915591e-03   2.29325019e-06]
filename : 3847, Label: 23, Prediction: [ 0.94781709  0.02221247  0.00997793]
filename : 386, Label: 3, Prediction: [ 0.88769776  0.03057478  0.02201199]
filename : 387, Label: 13, Prediction: [  9.85624313e-01   1.42534720e-02   1.09687149e-04]
filename : 388, Label: 14, Prediction: [ 0.47886944  0.35100713  0.16177976]
filename : 3890, Label: 22, Prediction: [ 0.93068331  0.05780224  0.00262966]
filename : 3891, Label: 24, Prediction: [  7.44950354e-01   2.54456967e-01   3.29091912e-04]
filename : 3902, Label: 22, Prediction: [ 0.78751981  0.11367872  0.07275875]
filename : 3915, Label: 6, Prediction: [ 0.95576894  0.04090688  0.00122334]
filename : 3923, Label: 26, Prediction: [ 0.39503536  0.35422137  0.06094282]
filename : 3929, Label: 19, Prediction: [ 0.714109   0.2144513  0.0396702]
filename : 3938, Label: 5, Prediction: [ 0.93582988  0.05791395  0.00287522]
filename : 3950, Label: 14, Prediction: [ 0.58692133  0.28261286  0.06688228]
filename : 3957, Label: 6, Prediction: [ 0.68864059  0.24527071  0.04399342]
filename : 3958, Label: 29, Prediction: [ 0.67730498  0.31346896  0.00417812]
filename : 3964, Label: 7, Prediction: [ 0.56947714  0.38113037  0.04648254]
filename : 3973, Label: 6, Prediction: [ 0.5609585   0.29975885  0.04421499]
filename : 3979, Label: 8, Prediction: [ 0.61882228  0.28341135  0.06815499]
filename : 399, Label: 29, Prediction: [ 0.68951273  0.25036827  0.02401793]
filename : 400, Label: 13, Prediction: [  9.57413137e-01   4.17840816e-02   3.57427954e-04]
filename : 4012, Label: 20, Prediction: [  9.91299570e-01   6.65935175e-03   7.97659159e-04]
filename : 4024, Label: 19, Prediction: [ 0.49433297  0.32257834  0.16998418]
filename : 4027, Label: 3, Prediction: [  9.96110141e-01   3.81409074e-03   5.29758036e-05]
filename : 4032, Label: 26, Prediction: [ 0.77923554  0.04987522  0.04779209]
filename : 4041, Label: 29, Prediction: [ 0.93031907  0.02096938  0.01875944]
filename : 4052, Label: 2, Prediction: [ 0.53271234  0.19947299  0.10957182]
filename : 4062, Label: 15, Prediction: [ 0.42819667  0.18371913  0.17817153]
filename : 4068, Label: 26, Prediction: [ 0.9184503   0.04074898  0.01527866]
filename : 4074, Label: 19, Prediction: [ 0.89652729  0.08865648  0.01367643]
filename : 4080, Label: 29, Prediction: [  8.06610644e-01   1.92876875e-01   1.78409420e-04]
filename : 4081, Label: 11, Prediction: [ 0.94017249  0.02630694  0.02351782]
filename : 4089, Label: 19, Prediction: [  9.95215893e-01   3.47330328e-03   9.76859126e-04]
filename : 4099, Label: 28, Prediction: [ 0.57584834  0.40679702  0.0093133 ]
filename : 4103, Label: 22, Prediction: [ 0.37035152  0.36596909  0.08804598]
filename : 411, Label: 8, Prediction: [ 0.90873653  0.05139566  0.03173207]
filename : 4115, Label: 16, Prediction: [ 0.40643981  0.20465957  0.1412586 ]
filename : 4124, Label: 29, Prediction: [  9.99595463e-01   1.48983308e-04   7.88522011e-05]
filename : 413, Label: 12, Prediction: [  9.99996543e-01   1.51218887e-06   1.14046111e-06]
filename : 4132, Label: 29, Prediction: [ 0.98810798  0.00433743  0.00217985]
filename : 4142, Label: 16, Prediction: [ 0.33752173  0.14390114  0.10663329]
filename : 4150, Label: 27, Prediction: [  1.00000000e+00   3.93920363e-09   3.47240503e-09]
filename : 4167, Label: 12, Prediction: [ 0.70360768  0.26286891  0.01384259]
filename : 4181, Label: 2, Prediction: [  9.99488950e-01   4.27558436e-04   4.87850193e-05]
filename : 4189, Label: 4, Prediction: [ 0.63827485  0.13125454  0.11377037]
filename : 4202, Label: 3, Prediction: [ 0.92666203  0.03974975  0.01642042]
filename : 4214, Label: 9, Prediction: [ 0.97891325  0.00568987  0.00544842]
filename : 4216, Label: 12, Prediction: [ 0.57086527  0.15848117  0.12303092]
filename : 4229, Label: 11, Prediction: [ 0.94389361  0.05476251  0.00101842]
filename : 4235, Label: 12, Prediction: [  9.99891758e-01   5.79419611e-05   3.49645925e-05]
filename : 4245, Label: 19, Prediction: [  9.99848247e-01   9.64317878e-05   2.36307678e-05]
filename : 4257, Label: 24, Prediction: [ 0.35713997  0.15765007  0.06443167]
filename : 4264, Label: 16, Prediction: [  9.97256219e-01   1.96246244e-03   3.75594798e-04]
filename : 428, Label: 4, Prediction: [ 0.9443506   0.04139618  0.00409346]
filename : 4289, Label: 24, Prediction: [ 0.53550881  0.27140367  0.18527061]
filename : 429, Label: 25, Prediction: [ 0.99385059  0.00206103  0.00139504]
filename : 4300, Label: 8, Prediction: [ 0.95195979  0.03837719  0.00397483]
filename : 4313, Label: 24, Prediction: [ 0.9238956   0.05386047  0.01355588]
filename : 4321, Label: 22, Prediction: [ 0.7974332   0.06097043  0.05978424]
filename : 4334, Label: 4, Prediction: [ 0.59669346  0.1497115   0.12507233]
filename : 4347, Label: 11, Prediction: [ 0.98963648  0.00342859  0.00153071]
filename : 4355, Label: 19, Prediction: [ 0.67156553  0.14709818  0.07679767]
filename : 4361, Label: 26, Prediction: [ 0.87148374  0.05651813  0.05630733]
filename : 4362, Label: 29, Prediction: [ 0.83028555  0.14212628  0.01048308]
filename : 4372, Label: 23, Prediction: [ 0.53807229  0.15565808  0.14866023]
filename : 4385, Label: 15, Prediction: [ 0.50291932  0.45753008  0.01414661]
filename : 4394, Label: 26, Prediction: [  9.99836326e-01   7.70967672e-05   1.71171432e-05]
filename : 440, Label: 25, Prediction: [ 0.61336911  0.34148458  0.01346006]
filename : 4407, Label: 16, Prediction: [ 0.61953336  0.18150726  0.15566438]
filename : 4415, Label: 11, Prediction: [ 0.93325621  0.04725026  0.00716573]
filename : 4432, Label: 27, Prediction: [  9.98900294e-01   4.29278647e-04   2.86143972e-04]
filename : 4433, Label: 11, Prediction: [ 0.81675595  0.08125396  0.07460746]
filename : 4441, Label: 18, Prediction: [ 0.41203755  0.3062295   0.06612562]
filename : 4453, Label: 5, Prediction: [ 0.32084626  0.23615497  0.10451902]
filename : 4469, Label: 19, Prediction: [ 0.90348941  0.03840815  0.01774085]
filename : 4478, Label: 24, Prediction: [ 0.78327566  0.17526422  0.02403771]
filename : 4489, Label: 16, Prediction: [ 0.77813005  0.09824258  0.04388665]
filename : 4506, Label: 7, Prediction: [  9.62810099e-01   3.50653380e-02   8.96554324e-04]
filename : 4516, Label: 12, Prediction: [ 0.70506698  0.15892905  0.12702969]
filename : 4518, Label: 29, Prediction: [ 0.94169092  0.05445935  0.00125818]
filename : 4527, Label: 16, Prediction: [ 0.71178007  0.23374492  0.02996262]
filename : 4538, Label: 29, Prediction: [  9.99871373e-01   4.35519432e-05   3.93567825e-05]
filename : 4549, Label: 27, Prediction: [ 0.77195388  0.09170658  0.03515171]
filename : 4555, Label: 19, Prediction: [ 0.95251912  0.0288638   0.00773365]
filename : 4567, Label: 2, Prediction: [  9.99927402e-01   5.09217862e-05   7.52847609e-06]
filename : 4572, Label: 27, Prediction: [ 0.55140245  0.20745367  0.10466999]
filename : 4586, Label: 13, Prediction: [  9.98469889e-01   9.11281968e-04   5.07497054e-04]
filename : 4587, Label: 29, Prediction: [  9.95089591e-01   2.15129019e-03   5.45309333e-04]
filename : 4599, Label: 19, Prediction: [ 0.99497581  0.00335145  0.00108111]
filename : 4608, Label: 13, Prediction: [  9.99882460e-01   8.16999818e-05   2.43407649e-05]
filename : 462, Label: 2, Prediction: [ 0.98046267  0.01507505  0.00159063]
filename : 4629, Label: 21, Prediction: [ 0.63539678  0.21681181  0.10347091]
filename : 4633, Label: 26, Prediction: [ 0.41971025  0.17639934  0.17073902]
filename : 4645, Label: 27, Prediction: [ 0.84707034  0.09688536  0.02812232]
filename : 4650, Label: 26, Prediction: [ 0.87327617  0.03200559  0.02434534]
filename : 4651, Label: 19, Prediction: [ 0.4234063   0.27935043  0.15512095]
filename : 4661, Label: 4, Prediction: [ 0.23406589  0.16599204  0.15272301]
filename : 467, Label: 4, Prediction: [ 0.81943297  0.08590094  0.02091914]
filename : 4680, Label: 24, Prediction: [ 0.82474673  0.06559138  0.04357496]
filename : 4695, Label: 12, Prediction: [  9.99959826e-01   1.37551706e-05   6.46534045e-06]
filename : 4705, Label: 19, Prediction: [ 0.411048    0.29460427  0.14321966]
filename : 4719, Label: 19, Prediction: [ 0.76733595  0.21010186  0.00786528]
filename : 4729, Label: 5, Prediction: [ 0.46281821  0.3295027   0.19190605]
filename : 473, Label: 10, Prediction: [ 0.44089577  0.36106104  0.0360785 ]
filename : 4738, Label: 6, Prediction: [ 0.77920681  0.13837115  0.06822136]
filename : 4744, Label: 26, Prediction: [  9.99891520e-01   2.29200996e-05   2.27490873e-05]
filename : 4758, Label: 20, Prediction: [ 0.86733329  0.04442997  0.01793239]
filename : 4770, Label: 5, Prediction: [ 0.65431297  0.16087233  0.15334809]
filename : 4775, Label: 19, Prediction: [  9.04338837e-01   9.49951112e-02   1.26220591e-04]
filename : 4780, Label: 10, Prediction: [ 0.48614454  0.29685262  0.15432502]
filename : 4788, Label: 29, Prediction: [ 0.83004606  0.10665231  0.01951144]
filename : 4789, Label: 25, Prediction: [ 0.73154867  0.2142925   0.02686709]
filename : 4796, Label: 3, Prediction: [ 0.69322354  0.26998088  0.03256372]
filename : 4811, Label: 11, Prediction: [  9.86409605e-01   1.33126881e-02   1.13813643e-04]
filename : 4821, Label: 2, Prediction: [ 0.40126118  0.15918469  0.12158026]
filename : 4829, Label: 12, Prediction: [ 0.73552549  0.0923168   0.04878815]
filename : 4838, Label: 12, Prediction: [ 0.75783813  0.18738517  0.0143496 ]
filename : 4844, Label: 11, Prediction: [  9.89764571e-01   9.26121511e-03   4.17734962e-04]
filename : 4854, Label: 26, Prediction: [ 0.70006132  0.24064754  0.01163411]
filename : 486, Label: 19, Prediction: [  9.99600947e-01   1.53915375e-04   9.28368827e-05]
filename : 4867, Label: 17, Prediction: [ 0.79728788  0.0822449   0.06123773]
filename : 4874, Label: 3, Prediction: [ 0.77201259  0.12239113  0.04826626]
filename : 4882, Label: 22, Prediction: [ 0.74257582  0.05858565  0.05064839]
filename : 4890, Label: 13, Prediction: [  9.91874397e-01   8.09475873e-03   1.56825390e-05]
filename : 4905, Label: 11, Prediction: [ 0.59066129  0.39793453  0.01001348]
filename : 4914, Label: 23, Prediction: [ 0.91185945  0.06341393  0.01958091]
filename : 4921, Label: 6, Prediction: [ 0.38271087  0.2576943   0.21436232]
filename : 4922, Label: 9, Prediction: [ 0.47653091  0.22174634  0.13372824]
filename : 493, Label: 29, Prediction: [ 0.21308385  0.19977602  0.11577564]
filename : 4940, Label: 18, Prediction: [ 0.85435194  0.05434549  0.03054702]
filename : 4952, Label: 2, Prediction: [  9.97795105e-01   2.12690351e-03   3.45506123e-05]
filename : 4963, Label: 2, Prediction: [ 0.9229793   0.04897556  0.01316919]
filename : 4972, Label: 7, Prediction: [ 0.56508583  0.21878146  0.13183217]
filename : 4981, Label: 7, Prediction: [  9.99726832e-01   2.09099657e-04   2.85997412e-05]
filename : 4989, Label: 16, Prediction: [ 0.94625324  0.02162453  0.00778266]
filename : 499, Label: 17, Prediction: [ 0.6771943   0.13313885  0.04958984]
filename : 50, Label: 25, Prediction: [ 0.40511602  0.34318614  0.08906003]
filename : 5006, Label: 29, Prediction: [ 0.2466176   0.14768149  0.10005421]
filename : 5017, Label: 24, Prediction: [ 0.53547138  0.26697209  0.16360326]
filename : 5026, Label: 22, Prediction: [ 0.88951355  0.06044741  0.02207254]
filename : 5034, Label: 8, Prediction: [ 0.76181471  0.06074295  0.04252248]
filename : 5044, Label: 12, Prediction: [  9.99984860e-01   1.19386268e-05   1.05973675e-06]
filename : 5055, Label: 2, Prediction: [ 0.40066585  0.25664166  0.14528374]
filename : 5057, Label: 22, Prediction: [ 0.89658421  0.07687321  0.01448302]
filename : 5067, Label: 24, Prediction: [ 0.36457485  0.32623747  0.18633148]
filename : 5082, Label: 27, Prediction: [  9.99997735e-01   2.01643206e-06   1.82746362e-07]
filename : 5088, Label: 9, Prediction: [ 0.45917904  0.22226715  0.17720284]
filename : 5093, Label: 25, Prediction: [ 0.41314116  0.27728876  0.16594991]
filename : 5101, Label: 29, Prediction: [ 0.75666893  0.08180666  0.06240815]
filename : 5109, Label: 14, Prediction: [ 0.90936464  0.03172484  0.01167249]
filename : 5119, Label: 26, Prediction: [ 0.38541347  0.35054815  0.15107591]
filename : 5121, Label: 12, Prediction: [ 0.95396799  0.0127761   0.01256327]
filename : 5130, Label: 24, Prediction: [ 0.56582087  0.40043417  0.02560936]
filename : 5140, Label: 27, Prediction: [ 0.98503554  0.00882787  0.00466464]
filename : 515, Label: 21, Prediction: [ 0.68695688  0.16676652  0.07730358]
filename : 5160, Label: 19, Prediction: [ 0.49913284  0.1883489   0.14554249]
filename : 5169, Label: 16, Prediction: [  9.94783223e-01   3.42474971e-03   4.68881626e-04]
filename : 5176, Label: 12, Prediction: [ 0.60701543  0.3259494   0.05929939]
filename : 5182, Label: 29, Prediction: [ 0.9817068   0.01108054  0.00624575]
filename : 5186, Label: 28, Prediction: [ 0.91153026  0.0251692   0.02220966]
filename : 5192, Label: 25, Prediction: [ 0.6198082   0.21481147  0.07290156]
filename : 520, Label: 20, Prediction: [ 0.55989122  0.1265583   0.12173688]
filename : 5205, Label: 3, Prediction: [ 0.94717211  0.04910866  0.00291816]
filename : 5215, Label: 2, Prediction: [  9.99981642e-01   9.90001445e-06   6.41995939e-06]
filename : 5224, Label: 21, Prediction: [ 0.54723132  0.38711089  0.06336728]
filename : 5237, Label: 19, Prediction: [ 0.84035462  0.07799336  0.04884634]
filename : 5249, Label: 28, Prediction: [ 0.91556162  0.03816003  0.02226566]
filename : 525, Label: 25, Prediction: [ 0.72585994  0.12796104  0.04525892]
filename : 5259, Label: 14, Prediction: [ 0.86396706  0.02999015  0.02689845]
filename : 5266, Label: 12, Prediction: [ 0.9567346   0.03013215  0.00739274]
filename : 5274, Label: 29, Prediction: [ 0.95688152  0.01200534  0.00911396]
filename : 5282, Label: 17, Prediction: [ 0.60061693  0.15431836  0.13755444]
filename : 5299, Label: 22, Prediction: [ 0.90780449  0.06725787  0.01979924]
filename : 5309, Label: 26, Prediction: [ 0.93937314  0.05660778  0.00120979]
filename : 5317, Label: 12, Prediction: [ 0.48206303  0.46788409  0.03653442]
filename : 5320, Label: 6, Prediction: [ 0.46134299  0.26778686  0.06430903]
filename : 5326, Label: 24, Prediction: [ 0.89891422  0.03360615  0.02559787]
filename : 5337, Label: 17, Prediction: [  9.98878896e-01   9.11948737e-04   1.71999418e-04]
filename : 5341, Label: 7, Prediction: [ 0.26831007  0.22007363  0.16622341]
filename : 5352, Label: 3, Prediction: [ 0.92056268  0.06712852  0.01050966]
filename : 5363, Label: 2, Prediction: [ 0.64242488  0.33707979  0.01036   ]
filename : 5375, Label: 15, Prediction: [ 0.37365365  0.36022043  0.07110196]
filename : 5386, Label: 13, Prediction: [ 0.95793927  0.03827228  0.00267193]
filename : 539, Label: 6, Prediction: [ 0.49284312  0.15886413  0.13369355]
filename : 540, Label: 8, Prediction: [ 0.97022772  0.02779824  0.00113818]
filename : 5405, Label: 4, Prediction: [ 0.86996013  0.03527883  0.03166108]
filename : 541, Label: 16, Prediction: [ 0.44946948  0.38707453  0.08244254]
filename : 5415, Label: 12, Prediction: [ 0.38812962  0.15629216  0.15521514]
filename : 5420, Label: 12, Prediction: [ 0.74074733  0.1335045   0.11329538]
filename : 5430, Label: 25, Prediction: [ 0.94892663  0.01858092  0.01779257]
filename : 5440, Label: 27, Prediction: [  9.82383966e-01   1.52206114e-02   9.06220463e-04]
filename : 5441, Label: 5, Prediction: [ 0.49170071  0.18861797  0.14496276]
filename : 5453, Label: 8, Prediction: [ 0.48586315  0.27916634  0.11849882]
filename : 5458, Label: 29, Prediction: [ 0.62554365  0.10352387  0.09747738]
filename : 5464, Label: 27, Prediction: [  9.98933852e-01   7.44127843e-04   1.59133648e-04]
filename : 5470, Label: 21, Prediction: [ 0.96422154  0.01742882  0.00767926]
filename : 5479, Label: 12, Prediction: [ 0.69041479  0.30601835  0.00245177]
filename : 5489, Label: 14, Prediction: [ 0.50284666  0.21293871  0.15735294]
filename : 5495, Label: 24, Prediction: [ 0.60399693  0.31960154  0.04217794]
filename : 5496, Label: 29, Prediction: [ 0.89971739  0.03447508  0.02453312]
filename : 5501, Label: 25, Prediction: [ 0.96314424  0.02556949  0.00431684]
filename : 5507, Label: 20, Prediction: [ 0.54020798  0.34369141  0.05211117]
filename : 5517, Label: 16, Prediction: [ 0.44587389  0.17071281  0.13320242]
filename : 5524, Label: 10, Prediction: [ 0.86004889  0.03909112  0.02308233]
filename : 5533, Label: 14, Prediction: [ 0.72469455  0.10024606  0.04234882]
filename : 5543, Label: 22, Prediction: [ 0.50200516  0.33797178  0.08216265]
filename : 5555, Label: 18, Prediction: [ 0.97973788  0.01770925  0.00135605]
filename : 5557, Label: 1, Prediction: [ 0.66192847  0.08631082  0.07552094]
filename : 5563, Label: 20, Prediction: [ 0.7294414   0.24995583  0.00833263]
filename : 5569, Label: 4, Prediction: [ 0.96583283  0.02301661  0.0067898 ]
filename : 5573, Label: 2, Prediction: [ 0.75271499  0.16126284  0.06349058]
filename : 5583, Label: 23, Prediction: [ 0.46885544  0.14293724  0.10699934]
filename : 559, Label: 25, Prediction: [ 0.88007551  0.07257904  0.04261249]
filename : 5598, Label: 12, Prediction: [  9.94789839e-01   1.69076596e-03   8.84284498e-04]
filename : 5606, Label: 19, Prediction: [ 0.9880321   0.00409358  0.00316153]
filename : 5607, Label: 5, Prediction: [ 0.98880941  0.00562876  0.00208193]
filename : 5615, Label: 15, Prediction: [  9.91058648e-01   8.93118884e-03   1.45122624e-06]
filename : 562, Label: 24, Prediction: [  9.80260670e-01   1.64280776e-02   7.74266489e-04]
filename : 5627, Label: 1, Prediction: [ 0.51809549  0.24046548  0.09881648]
filename : 5633, Label: 27, Prediction: [  9.99941945e-01   4.86224162e-05   7.48176853e-06]
filename : 5641, Label: 10, Prediction: [ 0.3994388   0.34828064  0.06693636]
filename : 5650, Label: 22, Prediction: [ 0.90357316  0.06182235  0.01900665]
filename : 5659, Label: 11, Prediction: [ 0.81250179  0.06805703  0.05030834]
filename : 566, Label: 28, Prediction: [ 0.56777102  0.2609764   0.03723093]
filename : 5665, Label: 1, Prediction: [ 0.3446928   0.28922948  0.17268243]
filename : 568, Label: 13, Prediction: [ 0.44868547  0.33136344  0.1114003 ]
filename : 5689, Label: 12, Prediction: [ 0.86779249  0.03345806  0.02190045]
filename : 570, Label: 2, Prediction: [ 0.97542453  0.01152335  0.00326355]
filename : 5708, Label: 13, Prediction: [  9.99633670e-01   3.57561308e-04   3.68483757e-06]
filename : 5717, Label: 25, Prediction: [ 0.98330289  0.00557633  0.00554103]
filename : 5722, Label: 29, Prediction: [ 0.54730707  0.33073732  0.07586889]
filename : 5724, Label: 14, Prediction: [ 0.35395056  0.20723099  0.15102428]
filename : 5730, Label: 12, Prediction: [  8.35161030e-01   1.64342746e-01   3.10165429e-04]
filename : 5738, Label: 12, Prediction: [ 0.53517234  0.17264737  0.07102852]
filename : 5747, Label: 23, Prediction: [ 0.93807709  0.05856712  0.0010228 ]
filename : 5757, Label: 8, Prediction: [ 0.97155851  0.01480534  0.01001228]
filename : 5771, Label: 25, Prediction: [ 0.97342777  0.01702982  0.00239936]
filename : 5783, Label: 16, Prediction: [ 0.7851553   0.12356766  0.05183345]
filename : 580, Label: 24, Prediction: [ 0.56678385  0.11368195  0.09520291]
filename : 5800, Label: 14, Prediction: [  9.99843717e-01   1.12304740e-04   1.81024352e-05]
filename : 5809, Label: 14, Prediction: [ 0.29636452  0.22446211  0.17802703]
filename : 5818, Label: 12, Prediction: [ 0.53362745  0.34919652  0.06966817]
filename : 5828, Label: 26, Prediction: [ 0.72483253  0.20621371  0.03799405]
filename : 5833, Label: 6, Prediction: [ 0.46227527  0.44841447  0.02628653]
filename : 5848, Label: 5, Prediction: [ 0.8647694   0.07014054  0.05775462]
filename : 5855, Label: 11, Prediction: [ 0.81214058  0.14533031  0.00727902]
filename : 5866, Label: 13, Prediction: [  7.01278150e-01   2.98349321e-01   2.77083251e-04]
filename : 5868, Label: 26, Prediction: [ 0.97235131  0.01855696  0.00790738]
filename : 5875, Label: 29, Prediction: [ 0.15144315  0.13732919  0.12728168]
filename : 5886, Label: 27, Prediction: [ 0.25734037  0.25243878  0.14496312]
filename : 5897, Label: 5, Prediction: [ 0.7828747   0.15231514  0.03331861]
filename : 5904, Label: 14, Prediction: [ 0.83712202  0.06442139  0.05791738]
filename : 5915, Label: 19, Prediction: [ 0.96064395  0.0118183   0.00915586]
filename : 5928, Label: 23, Prediction: [ 0.91263157  0.06103771  0.01069151]
filename : 5935, Label: 13, Prediction: [  9.91254687e-01   8.20946693e-03   2.18033267e-04]
filename : 5936, Label: 6, Prediction: [ 0.4094331   0.38690367  0.10240558]
filename : 5942, Label: 22, Prediction: [ 0.97462237  0.01836495  0.00285628]
filename : 5952, Label: 7, Prediction: [ 0.86310995  0.09188791  0.02960522]
filename : 5961, Label: 23, Prediction: [ 0.24077594  0.20239617  0.13954821]
filename : 5969, Label: 29, Prediction: [ 0.99699688  0.00138342  0.00105132]
filename : 5985, Label: 11, Prediction: [ 0.92597473  0.0428625   0.0260134 ]
filename : 5992, Label: 24, Prediction: [ 0.98781931  0.00315684  0.00179594]
filename : 5998, Label: 21, Prediction: [ 0.96600205  0.01813433  0.00943195]
filename : 6, Label: 26, Prediction: [ 0.76610279  0.19583279  0.01722648]
filename : 613, Label: 5, Prediction: [ 0.91055274  0.06366352  0.01625909]
filename : 622, Label: 19, Prediction: [ 0.42047107  0.09376255  0.08637222]
filename : 629, Label: 5, Prediction: [ 0.53911746  0.25901732  0.10866143]
filename : 636, Label: 29, Prediction: [  9.98059452e-01   1.64813653e-03   1.07046624e-04]
filename : 645, Label: 17, Prediction: [ 0.80993992  0.08341341  0.03808136]
filename : 658, Label: 17, Prediction: [ 0.9829511   0.01306371  0.00274993]
filename : 663, Label: 22, Prediction: [ 0.84787047  0.1282949   0.01133517]
filename : 665, Label: 27, Prediction: [ 0.88996077  0.09699033  0.0080918 ]
filename : 670, Label: 23, Prediction: [ 0.97040939  0.02803527  0.00107266]
filename : 680, Label: 5, Prediction: [ 0.50641739  0.44027656  0.02400281]
filename : 691, Label: 18, Prediction: [ 0.91221046  0.03206462  0.01212948]
filename : 701, Label: 27, Prediction: [ 0.71436644  0.26363778  0.01130905]
filename : 711, Label: 25, Prediction: [ 0.53395796  0.32320821  0.03525372]
filename : 718, Label: 12, Prediction: [  9.96685684e-01   3.20494850e-03   3.66334025e-05]
filename : 725, Label: 15, Prediction: [  9.97173190e-01   2.79150228e-03   1.86808920e-05]
filename : 727, Label: 4, Prediction: [ 0.49925095  0.18153089  0.11687379]
filename : 735, Label: 22, Prediction: [ 0.98090154  0.01190322  0.00299707]
filename : 746, Label: 29, Prediction: [ 0.98982531  0.00823334  0.00101278]
filename : 753, Label: 14, Prediction: [ 0.48903322  0.26026013  0.06348402]
filename : 762, Label: 22, Prediction: [ 0.84800637  0.13259426  0.01437361]
filename : 772, Label: 3, Prediction: [ 0.97313327  0.02072136  0.00373884]
filename : 780, Label: 5, Prediction: [  9.97404516e-01   6.31103816e-04   4.91520332e-04]
filename : 787, Label: 12, Prediction: [ 0.60784101  0.15839116  0.11358576]
filename : 790, Label: 26, Prediction: [  9.99977708e-01   1.60737090e-05   2.46244076e-06]
filename : 8, Label: 6, Prediction: [ 0.28189695  0.21180452  0.12952846]
filename : 808, Label: 7, Prediction: [ 0.98558307  0.00570464  0.00478812]
filename : 82, Label: 21, Prediction: [ 0.60211766  0.15726551  0.13384958]
filename : 828, Label: 23, Prediction: [ 0.40976784  0.22184092  0.12741974]
filename : 837, Label: 29, Prediction: [ 0.97250628  0.01222905  0.00997118]
filename : 844, Label: 20, Prediction: [ 0.83099043  0.06446172  0.03620315]
filename : 853, Label: 1, Prediction: [ 0.57790297  0.17441827  0.08662587]
filename : 854, Label: 11, Prediction: [ 0.41268116  0.27068704  0.17837888]
filename : 864, Label: 3, Prediction: [ 0.94284016  0.04791721  0.00433135]
filename : 871, Label: 2, Prediction: [ 0.63167065  0.20251492  0.07246713]
filename : 880, Label: 27, Prediction: [ 0.38647997  0.1157719   0.09990264]
filename : 890, Label: 13, Prediction: [  9.95812476e-01   3.38975200e-03   2.84112903e-04]
filename : 90, Label: 8, Prediction: [ 0.97538257  0.00692023  0.00657063]
filename : 905, Label: 8, Prediction: [ 0.53806674  0.3870213   0.03580711]
filename : 910, Label: 17, Prediction: [ 0.61169106  0.17277959  0.11009958]
filename : 911, Label: 22, Prediction: [ 0.47425231  0.27319863  0.22330973]
filename : 922, Label: 16, Prediction: [ 0.95479387  0.04118783  0.00225426]
filename : 932, Label: 29, Prediction: [ 0.96085477  0.02351544  0.00704006]
filename : 939, Label: 6, Prediction: [ 0.39247921  0.27002764  0.19559988]
filename : 949, Label: 14, Prediction: [  9.95005667e-01   4.28070268e-03   6.04981149e-04]
filename : 958, Label: 29, Prediction: [ 0.96943498  0.01521704  0.01078392]
filename : 966, Label: 25, Prediction: [ 0.55305839  0.31929186  0.11126721]
filename : 975, Label: 21, Prediction: [ 0.48211625  0.15249045  0.13911055]
