filename : 10, Label: 23, Prediction: [ 0.60416305  0.22545815  0.09385873]
filename : 1005, Label: 17, Prediction: [ 0.78396428  0.12539795  0.05908593]
filename : 1013, Label: 19, Prediction: [ 0.3729572   0.18345392  0.14837942]
filename : 1021, Label: 29, Prediction: [ 0.89268708  0.09328046  0.00487349]
filename : 103, Label: 15, Prediction: [ 0.93592751  0.02655469  0.00801504]
filename : 1037, Label: 13, Prediction: [ 0.85795802  0.11607048  0.0110091 ]
filename : 1048, Label: 25, Prediction: [ 0.60546815  0.32100755  0.03846487]
filename : 1059, Label: 1, Prediction: [ 0.39074129  0.14799203  0.1200728 ]
filename : 106, Label: 22, Prediction: [  9.75353956e-01   2.46000122e-02   2.61331406e-05]
filename : 1070, Label: 27, Prediction: [  9.99984026e-01   8.69348423e-06   3.06778111e-06]
filename : 1078, Label: 4, Prediction: [ 0.73904282  0.1458194   0.0728046 ]
filename : 1086, Label: 15, Prediction: [ 0.58003134  0.23417735  0.12094966]
filename : 1093, Label: 8, Prediction: [ 0.37272349  0.15752126  0.15439102]
filename : 1102, Label: 24, Prediction: [  8.41097593e-01   1.58000901e-01   3.55684519e-04]
filename : 1113, Label: 7, Prediction: [ 0.91119707  0.03894396  0.01448214]
filename : 1122, Label: 16, Prediction: [ 0.39170408  0.35877955  0.19689551]
filename : 1128, Label: 22, Prediction: [ 0.47487375  0.37948999  0.06593157]
filename : 1138, Label: 11, Prediction: [  9.99313354e-01   6.76555850e-04   8.22928359e-06]
filename : 1145, Label: 22, Prediction: [ 0.4376066   0.3564032   0.10602845]
filename : 1154, Label: 7, Prediction: [ 0.36022341  0.28606501  0.23818274]
filename : 1168, Label: 8, Prediction: [ 0.93487209  0.03241018  0.01405527]
filename : 118, Label: 24, Prediction: [ 0.76015002  0.23737001  0.00086611]
filename : 1187, Label: 24, Prediction: [ 0.26965594  0.2601822   0.13901764]
filename : 1194, Label: 20, Prediction: [ 0.5022099   0.28126407  0.16784011]
filename : 1196, Label: 13, Prediction: [ 0.98691106  0.00879077  0.00178106]
filename : 1202, Label: 13, Prediction: [ 0.9573167   0.02990467  0.00540703]
filename : 1213, Label: 6, Prediction: [ 0.85901642  0.044891    0.03005454]
filename : 1222, Label: 29, Prediction: [ 0.84594405  0.06696478  0.06300916]
filename : 1230, Label: 20, Prediction: [ 0.38899946  0.184466    0.17179036]
filename : 124, Label: 22, Prediction: [ 0.44980705  0.19944409  0.14998659]
filename : 1248, Label: 25, Prediction: [ 0.85545176  0.14000918  0.00391702]
filename : 1254, Label: 14, Prediction: [ 0.79409784  0.05882338  0.05199883]
filename : 1256, Label: 13, Prediction: [  9.98515308e-01   6.21554849e-04   3.81569436e-04]
filename : 1262, Label: 19, Prediction: [  8.03346872e-01   1.94367632e-01   7.54865585e-04]
filename : 1271, Label: 27, Prediction: [ 0.69972348  0.08063386  0.07011102]
filename : 1284, Label: 19, Prediction: [ 0.69032431  0.06775615  0.06098638]
filename : 1291, Label: 13, Prediction: [  9.94572580e-01   3.33410851e-03   6.96262403e-04]
filename : 1309, Label: 11, Prediction: [ 0.9234373   0.03746799  0.0127118 ]
filename : 1316, Label: 21, Prediction: [ 0.42742291  0.31024674  0.24945162]
filename : 1321, Label: 26, Prediction: [ 0.86616278  0.07972517  0.03245332]
filename : 1327, Label: 8, Prediction: [ 0.50895524  0.16667192  0.09435973]
filename : 1340, Label: 14, Prediction: [ 0.85321319  0.08855407  0.02292157]
filename : 1350, Label: 8, Prediction: [ 0.98822814  0.00622009  0.00301098]
filename : 1363, Label: 24, Prediction: [ 0.66496909  0.32622212  0.00383281]
filename : 1371, Label: 19, Prediction: [ 0.48496825  0.30696049  0.094543  ]
filename : 1379, Label: 19, Prediction: [ 0.96077311  0.02459259  0.00525906]
filename : 1386, Label: 10, Prediction: [  9.53741312e-01   4.36140373e-02   7.50218460e-04]
filename : 1393, Label: 24, Prediction: [ 0.97278816  0.02340864  0.00129018]
filename : 1396, Label: 20, Prediction: [ 0.72016603  0.23409648  0.03786895]
filename : 1401, Label: 14, Prediction: [ 0.98507392  0.00995488  0.00275082]
filename : 141, Label: 20, Prediction: [  9.99677420e-01   7.93466679e-05   7.74287400e-05]
filename : 1420, Label: 7, Prediction: [ 0.93593985  0.02611274  0.02214648]
filename : 1428, Label: 2, Prediction: [ 0.9518947   0.04475586  0.00112227]
filename : 1436, Label: 29, Prediction: [ 0.76323682  0.04098886  0.03865454]
filename : 1449, Label: 18, Prediction: [ 0.70714962  0.07236251  0.06470522]
filename : 1455, Label: 22, Prediction: [ 0.58833015  0.18820651  0.13348296]
filename : 1457, Label: 2, Prediction: [  9.98124897e-01   8.90824478e-04   2.74581864e-04]
filename : 1466, Label: 5, Prediction: [ 0.48950648  0.17199299  0.09482299]
filename : 1475, Label: 17, Prediction: [ 0.37622473  0.29722255  0.17939419]
filename : 1482, Label: 24, Prediction: [  9.97950017e-01   2.03122268e-03   9.35152548e-06]
filename : 1491, Label: 29, Prediction: [ 0.93346483  0.02606403  0.01253128]
filename : 1501, Label: 7, Prediction: [ 0.70463693  0.23484768  0.0478496 ]
filename : 1511, Label: 19, Prediction: [  9.93504763e-01   5.59001230e-03   4.00923425e-04]
filename : 1521, Label: 13, Prediction: [  9.99958992e-01   2.01185248e-05   9.78319531e-06]
filename : 1526, Label: 25, Prediction: [ 0.97816855  0.0124295   0.00492108]
filename : 1533, Label: 12, Prediction: [ 0.84628952  0.10147506  0.01407554]
filename : 1539, Label: 23, Prediction: [ 0.97056478  0.00943132  0.00562576]
filename : 1548, Label: 9, Prediction: [ 0.85276175  0.14274912  0.0009527 ]
filename : 1561, Label: 27, Prediction: [  1.00000000e+00   1.16579137e-08   2.23988028e-09]
filename : 157, Label: 11, Prediction: [ 0.79421896  0.14202118  0.01435547]
filename : 1575, Label: 6, Prediction: [ 0.74034572  0.08394598  0.06939119]
filename : 1583, Label: 14, Prediction: [ 0.50198168  0.37690115  0.06080275]
filename : 1585, Label: 7, Prediction: [ 0.83804399  0.13360436  0.01192039]
filename : 1592, Label: 25, Prediction: [ 0.73355103  0.15879218  0.03116694]
filename : 16, Label: 13, Prediction: [  9.80152965e-01   1.97664555e-02   5.48860335e-05]
filename : 1603, Label: 12, Prediction: [ 0.98314685  0.00577586  0.00539137]
filename : 1610, Label: 23, Prediction: [ 0.91352016  0.06087065  0.01470357]
filename : 1615, Label: 18, Prediction: [ 0.34040111  0.19539471  0.11539499]
filename : 1622, Label: 24, Prediction: [ 0.55067819  0.19452924  0.18258411]
filename : 163, Label: 12, Prediction: [ 0.53619355  0.27607578  0.12127022]
filename : 1633, Label: 16, Prediction: [ 0.65194815  0.14665949  0.04880445]
filename : 164, Label: 13, Prediction: [  9.99541998e-01   3.67029279e-04   6.25494940e-05]
filename : 1645, Label: 26, Prediction: [ 0.47162148  0.17250519  0.12805119]
filename : 1660, Label: 13, Prediction: [ 0.53726619  0.35098758  0.05395092]
filename : 1666, Label: 1, Prediction: [ 0.63506538  0.2811518   0.02798024]
filename : 1672, Label: 10, Prediction: [ 0.84954095  0.10835433  0.02462339]
filename : 168, Label: 4, Prediction: [ 0.62526256  0.07217846  0.06832993]
filename : 1689, Label: 24, Prediction: [ 0.99207616  0.00300893  0.00142629]
filename : 1691, Label: 11, Prediction: [ 0.64504796  0.22051068  0.04840881]
filename : 170, Label: 27, Prediction: [  1.00000000e+00   8.70063077e-10   5.95225536e-10]
filename : 1704, Label: 22, Prediction: [  9.97991920e-01   1.33530912e-03   2.77944753e-04]
filename : 1712, Label: 2, Prediction: [ 0.58296615  0.34903604  0.04706182]
filename : 1721, Label: 20, Prediction: [ 0.59244847  0.40335679  0.00258213]
filename : 173, Label: 7, Prediction: [ 0.64078903  0.13127576  0.11913072]
filename : 1740, Label: 2, Prediction: [ 0.44182143  0.21471642  0.08780757]
filename : 1754, Label: 11, Prediction: [ 0.69911265  0.23301183  0.03695253]
filename : 1759, Label: 6, Prediction: [ 0.75278753  0.15039112  0.02879607]
filename : 1766, Label: 27, Prediction: [  9.99999762e-01   2.18794298e-07   2.07704236e-08]
filename : 1777, Label: 1, Prediction: [ 0.74578261  0.2104183   0.01683466]
filename : 1784, Label: 3, Prediction: [ 0.99310148  0.00209947  0.00179532]
filename : 1790, Label: 10, Prediction: [ 0.95868522  0.02053549  0.01858251]
filename : 18, Label: 20, Prediction: [ 0.32893941  0.18574974  0.1669987 ]
filename : 1804, Label: 26, Prediction: [  9.99803483e-01   1.24479528e-04   2.05712604e-05]
filename : 1815, Label: 23, Prediction: [ 0.96832675  0.01261801  0.0072288 ]
filename : 1817, Label: 17, Prediction: [ 0.96378052  0.01907737  0.0071261 ]
filename : 1826, Label: 2, Prediction: [ 0.37644321  0.33799908  0.16939177]
filename : 1834, Label: 26, Prediction: [  9.99673486e-01   1.92185922e-04   4.06810068e-05]
filename : 1842, Label: 29, Prediction: [ 0.93538368  0.021748    0.01229214]
filename : 1848, Label: 14, Prediction: [  9.99653459e-01   1.90700855e-04   3.51692288e-05]
filename : 1855, Label: 13, Prediction: [ 0.9878521   0.007948    0.00208375]
filename : 1864, Label: 5, Prediction: [ 0.86274964  0.10088537  0.01254457]
filename : 1879, Label: 5, Prediction: [ 0.85078496  0.13021758  0.01721269]
filename : 1881, Label: 16, Prediction: [ 0.36002371  0.32262412  0.12050842]
filename : 1892, Label: 1, Prediction: [ 0.67845738  0.14569353  0.06953527]
filename : 1900, Label: 27, Prediction: [  1.00000000e+00   3.54861318e-09   1.59887756e-10]
filename : 1908, Label: 11, Prediction: [ 0.98120922  0.01337176  0.00205932]
filename : 1923, Label: 19, Prediction: [ 0.98329759  0.00562601  0.00158636]
filename : 1929, Label: 14, Prediction: [ 0.82930076  0.03571305  0.02792488]
filename : 1939, Label: 5, Prediction: [ 0.97478187  0.01927408  0.00267951]
filename : 1945, Label: 2, Prediction: [ 0.50115037  0.21165229  0.1319724 ]
filename : 1948, Label: 24, Prediction: [ 0.89176267  0.10257774  0.00442723]
filename : 1960, Label: 29, Prediction: [ 0.97751665  0.01756264  0.00191323]
filename : 1969, Label: 13, Prediction: [ 0.99434942  0.00264759  0.00225102]
filename : 1979, Label: 19, Prediction: [ 0.35102186  0.28903472  0.1349391 ]
filename : 1988, Label: 20, Prediction: [ 0.8738966   0.12085927  0.00153338]
filename : 1997, Label: 11, Prediction: [ 0.86627603  0.03841568  0.02001472]
filename : 2001, Label: 12, Prediction: [ 0.69175112  0.17031506  0.06868206]
filename : 2013, Label: 22, Prediction: [ 0.98596156  0.01163647  0.00112165]
filename : 2014, Label: 29, Prediction: [ 0.57049859  0.20693876  0.09843495]
filename : 2021, Label: 5, Prediction: [ 0.89696616  0.04981939  0.03567604]
filename : 2029, Label: 22, Prediction: [ 0.77978194  0.20178574  0.01213133]
filename : 2038, Label: 24, Prediction: [ 0.58189803  0.19191331  0.10548112]
filename : 2046, Label: 9, Prediction: [ 0.62376207  0.24695218  0.07057454]
filename : 2054, Label: 7, Prediction: [ 0.41625214  0.29346344  0.12087374]
filename : 2066, Label: 29, Prediction: [ 0.59817117  0.38151962  0.00777919]
filename : 2076, Label: 15, Prediction: [ 0.98295146  0.01160824  0.00384157]
filename : 2078, Label: 11, Prediction: [ 0.24206345  0.21361265  0.13979639]
filename : 2091, Label: 22, Prediction: [ 0.45201129  0.24235271  0.20599653]
filename : 21, Label: 21, Prediction: [ 0.97647548  0.01902851  0.00221719]
filename : 2108, Label: 11, Prediction: [ 0.96178895  0.00804001  0.00719404]
filename : 2117, Label: 11, Prediction: [ 0.60822445  0.25236169  0.03940544]
filename : 2131, Label: 14, Prediction: [ 0.95175469  0.04112605  0.00387864]
filename : 2138, Label: 17, Prediction: [ 0.69333923  0.25600529  0.04065665]
filename : 2149, Label: 25, Prediction: [  9.99471724e-01   3.93361202e-04   4.66722522e-05]
filename : 2151, Label: 19, Prediction: [ 0.92950273  0.04447695  0.00868761]
filename : 2158, Label: 22, Prediction: [  9.99997616e-01   1.39084364e-06   2.84539169e-07]
filename : 2167, Label: 16, Prediction: [ 0.70315641  0.11660973  0.05068992]
filename : 2174, Label: 11, Prediction: [ 0.72927713  0.09975207  0.06462923]
filename : 2183, Label: 29, Prediction: [ 0.99490488  0.00212322  0.00132644]
filename : 2191, Label: 13, Prediction: [  9.99993563e-01   5.91342678e-06   2.89353380e-07]
filename : 2197, Label: 1, Prediction: [ 0.90647161  0.04351813  0.02903221]
filename : 2201, Label: 11, Prediction: [ 0.97321194  0.02348258  0.00228942]
filename : 2202, Label: 2, Prediction: [ 0.95989537  0.0375533   0.00109369]
filename : 221, Label: 10, Prediction: [ 0.71531755  0.14213477  0.04992447]
filename : 2218, Label: 10, Prediction: [ 0.59806508  0.0714982   0.06824789]
filename : 2228, Label: 22, Prediction: [ 0.97680545  0.01978359  0.00183341]
filename : 2238, Label: 8, Prediction: [  9.98889983e-01   6.53426687e-04   2.84245878e-04]
filename : 2248, Label: 21, Prediction: [ 0.43225774  0.24589434  0.12639876]
filename : 2256, Label: 12, Prediction: [ 0.82732785  0.14796001  0.01280637]
filename : 2265, Label: 19, Prediction: [ 0.9381566   0.05065801  0.00569478]
filename : 2266, Label: 9, Prediction: [  9.99239326e-01   3.51585652e-04   9.99616605e-05]
filename : 2278, Label: 9, Prediction: [  7.74818778e-01   2.22291246e-01   5.80247666e-04]
filename : 2287, Label: 17, Prediction: [ 0.73792744  0.20725855  0.0508253 ]
filename : 2297, Label: 2, Prediction: [ 0.83799082  0.07393488  0.0511658 ]
filename : 2300, Label: 18, Prediction: [ 0.85248208  0.12718244  0.01300089]
filename : 2312, Label: 11, Prediction: [ 0.5842694   0.10493664  0.07258818]
filename : 2327, Label: 17, Prediction: [ 0.36236757  0.34162739  0.10625838]
filename : 2336, Label: 16, Prediction: [  9.99870658e-01   4.80218223e-05   2.16107892e-05]
filename : 2337, Label: 14, Prediction: [ 0.7783494   0.15662208  0.03119916]
filename : 2344, Label: 2, Prediction: [ 0.40013719  0.16531378  0.12781726]
filename : 2351, Label: 29, Prediction: [ 0.78568017  0.10241306  0.09491362]
filename : 2364, Label: 14, Prediction: [  9.93582308e-01   4.73455386e-03   7.13304151e-04]
filename : 2371, Label: 13, Prediction: [ 0.96755832  0.02416223  0.0038295 ]
filename : 2380, Label: 13, Prediction: [ 0.95747763  0.03064277  0.00791807]
filename : 2389, Label: 10, Prediction: [ 0.39618817  0.39002153  0.09698624]
filename : 2402, Label: 14, Prediction: [ 0.48656729  0.28948     0.1212087 ]
filename : 2403, Label: 29, Prediction: [  9.95538652e-01   3.56886350e-03   6.12872187e-04]
filename : 2414, Label: 13, Prediction: [  9.99875307e-01   1.17271979e-04   3.62674950e-06]
filename : 242, Label: 12, Prediction: [ 0.61470801  0.16521356  0.10945141]
filename : 2433, Label: 22, Prediction: [  9.84762192e-01   1.41518312e-02   6.87317690e-04]
filename : 2446, Label: 12, Prediction: [ 0.25437325  0.22322507  0.17616497]
filename : 2453, Label: 10, Prediction: [ 0.98882943  0.00714403  0.00243866]
filename : 246, Label: 29, Prediction: [ 0.78955203  0.09540167  0.05592796]
filename : 2467, Label: 5, Prediction: [ 0.48956698  0.13327578  0.11861658]
filename : 2470, Label: 13, Prediction: [  9.93064344e-01   6.90803630e-03   1.25204788e-05]
filename : 2477, Label: 12, Prediction: [ 0.95416379  0.01255956  0.0115568 ]
filename : 2484, Label: 27, Prediction: [  9.94017482e-01   5.23079839e-03   3.01438064e-04]
filename : 2499, Label: 8, Prediction: [  9.97090340e-01   2.83754454e-03   2.46467389e-05]
filename : 251, Label: 12, Prediction: [ 0.63245314  0.3183066   0.02627948]
filename : 2515, Label: 2, Prediction: [  9.99468505e-01   2.31070677e-04   9.64534629e-05]
filename : 2523, Label: 28, Prediction: [ 0.67443705  0.07893665  0.06265216]
filename : 2541, Label: 9, Prediction: [ 0.78845352  0.1058562   0.09551644]
filename : 2542, Label: 29, Prediction: [ 0.96391368  0.02383526  0.00453152]
filename : 2553, Label: 24, Prediction: [ 0.55844218  0.20490383  0.06740051]
filename : 2569, Label: 6, Prediction: [ 0.99167657  0.00358141  0.00274711]
filename : 2574, Label: 28, Prediction: [ 0.91495794  0.04959978  0.01815223]
filename : 2580, Label: 12, Prediction: [ 0.68811083  0.16636403  0.09963939]
filename : 2585, Label: 1, Prediction: [ 0.96623534  0.02692283  0.00312081]
filename : 26, Label: 13, Prediction: [ 0.93948627  0.054094    0.00613914]
filename : 2607, Label: 7, Prediction: [ 0.44602448  0.3472099   0.10349061]
filename : 2608, Label: 6, Prediction: [ 0.72848397  0.22035185  0.01362112]
filename : 2618, Label: 29, Prediction: [ 0.83354282  0.16118748  0.00322575]
filename : 2630, Label: 9, Prediction: [ 0.78613019  0.06533334  0.04624127]
filename : 264, Label: 21, Prediction: [ 0.23242469  0.23193638  0.16813359]
filename : 2650, Label: 25, Prediction: [ 0.49946597  0.29455695  0.11560789]
filename : 266, Label: 25, Prediction: [ 0.42114246  0.24607238  0.20075479]
filename : 2668, Label: 7, Prediction: [ 0.95527303  0.01076985  0.00824936]
filename : 2675, Label: 11, Prediction: [  9.96845901e-01   2.31219572e-03   1.54542970e-04]
filename : 2676, Label: 15, Prediction: [ 0.99442756  0.00235243  0.00108122]
filename : 2681, Label: 6, Prediction: [ 0.56897342  0.18966208  0.07525633]
filename : 2686, Label: 12, Prediction: [ 0.86114174  0.10740779  0.01364184]
filename : 2699, Label: 4, Prediction: [ 0.82055223  0.0881535   0.0301629 ]
filename : 2711, Label: 19, Prediction: [ 0.65166169  0.24551566  0.05972025]
filename : 2726, Label: 3, Prediction: [ 0.48115581  0.17561392  0.12459464]
filename : 2734, Label: 6, Prediction: [ 0.58598232  0.19314015  0.10251388]
filename : 274, Label: 17, Prediction: [ 0.88160664  0.04196334  0.01707731]
filename : 2740, Label: 29, Prediction: [ 0.96705562  0.01932207  0.00607914]
filename : 2750, Label: 24, Prediction: [  9.99785244e-01   1.65769641e-04   4.10301182e-05]
filename : 2765, Label: 8, Prediction: [ 0.68548828  0.27920866  0.02900657]
filename : 2773, Label: 14, Prediction: [ 0.99186057  0.00321744  0.00207746]
filename : 2789, Label: 18, Prediction: [ 0.47953755  0.21897748  0.14101745]
filename : 2797, Label: 22, Prediction: [ 0.57561064  0.23125282  0.09827364]
filename : 2805, Label: 25, Prediction: [ 0.90132368  0.07537365  0.01661623]
filename : 2813, Label: 12, Prediction: [ 0.36842805  0.14054601  0.13825603]
filename : 2815, Label: 29, Prediction: [ 0.94310874  0.04678552  0.00519113]
filename : 2822, Label: 11, Prediction: [ 0.77527612  0.20264612  0.0187956 ]
filename : 2830, Label: 27, Prediction: [ 0.99377644  0.00261227  0.0014041 ]
filename : 2838, Label: 2, Prediction: [ 0.87392724  0.03424625  0.03290482]
filename : 2845, Label: 21, Prediction: [ 0.97540557  0.01479679  0.00388988]
filename : 2858, Label: 22, Prediction: [ 0.48077899  0.46885628  0.01918302]
filename : 2869, Label: 6, Prediction: [ 0.5321812   0.33973548  0.02350057]
filename : 2877, Label: 9, Prediction: [ 0.4743273   0.44050789  0.06056015]
filename : 2878, Label: 27, Prediction: [ 0.61853439  0.17966002  0.10023946]
filename : 2894, Label: 22, Prediction: [ 0.55194443  0.24507043  0.11974028]
filename : 2902, Label: 1, Prediction: [ 0.42689335  0.17887174  0.15896972]
filename : 2912, Label: 13, Prediction: [  9.99985337e-01   1.24202543e-05   1.17933735e-06]
filename : 292, Label: 28, Prediction: [ 0.80428725  0.07165684  0.07042854]
filename : 293, Label: 27, Prediction: [  9.99999046e-01   1.00735099e-06   3.95392341e-09]
filename : 2940, Label: 15, Prediction: [ 0.62413973  0.16078278  0.06903408]
filename : 2946, Label: 12, Prediction: [ 0.47139129  0.17333551  0.08800093]
filename : 2948, Label: 3, Prediction: [ 0.97138083  0.01428578  0.0060385 ]
filename : 2956, Label: 25, Prediction: [ 0.98200536  0.00600407  0.00359276]
filename : 2964, Label: 28, Prediction: [ 0.4395279   0.30121043  0.05794846]
filename : 2970, Label: 14, Prediction: [ 0.2525427   0.25018322  0.21242222]
filename : 2983, Label: 13, Prediction: [ 0.91385084  0.023546    0.02338482]
filename : 2993, Label: 22, Prediction: [ 0.36148041  0.31482199  0.17919035]
filename : 3000, Label: 3, Prediction: [ 0.93788391  0.04986552  0.00735409]
filename : 3011, Label: 17, Prediction: [ 0.3457095   0.21266647  0.16097881]
filename : 3013, Label: 27, Prediction: [ 0.88495612  0.08475131  0.0240981 ]
filename : 3021, Label: 12, Prediction: [ 0.30891928  0.2631309   0.18256882]
filename : 3026, Label: 11, Prediction: [ 0.36942488  0.30279735  0.17908211]
filename : 3034, Label: 29, Prediction: [ 0.49136347  0.4532547   0.03509601]
filename : 3042, Label: 6, Prediction: [ 0.97457808  0.0095768   0.00322793]
filename : 305, Label: 18, Prediction: [ 0.7766121   0.18676531  0.01117235]
filename : 3059, Label: 21, Prediction: [ 0.25742164  0.21880217  0.18595013]
filename : 3063, Label: 9, Prediction: [ 0.71148771  0.26102719  0.00715378]
filename : 3064, Label: 26, Prediction: [ 0.97792667  0.018475    0.00124216]
filename : 307, Label: 29, Prediction: [ 0.99367023  0.00159715  0.00145278]
filename : 3083, Label: 8, Prediction: [ 0.71291625  0.11475936  0.09229334]
filename : 3091, Label: 5, Prediction: [ 0.63126647  0.32597363  0.0322505 ]
filename : 31, Label: 10, Prediction: [ 0.31921342  0.28398937  0.19190571]
filename : 3108, Label: 23, Prediction: [ 0.96274877  0.01176534  0.00561595]
filename : 3119, Label: 6, Prediction: [ 0.76717609  0.16283147  0.02031875]
filename : 3125, Label: 19, Prediction: [ 0.99544072  0.00244419  0.00175513]
filename : 3126, Label: 14, Prediction: [ 0.58466655  0.19345549  0.17177086]
filename : 3132, Label: 23, Prediction: [ 0.77934617  0.21671441  0.00145041]
filename : 3139, Label: 2, Prediction: [  9.99747455e-01   1.18787597e-04   7.36886286e-05]
filename : 3148, Label: 25, Prediction: [ 0.73813814  0.18630537  0.05301632]
filename : 3157, Label: 8, Prediction: [ 0.98296297  0.00705836  0.00491384]
filename : 3161, Label: 7, Prediction: [ 0.96324116  0.02372117  0.00322747]
filename : 3168, Label: 19, Prediction: [ 0.58100086  0.2206433   0.07701954]
filename : 3177, Label: 14, Prediction: [ 0.33528766  0.30008909  0.25567687]
filename : 3179, Label: 19, Prediction: [ 0.93398315  0.04027826  0.01781992]
filename : 3187, Label: 29, Prediction: [ 0.61759591  0.3642841   0.00780914]
filename : 3195, Label: 14, Prediction: [ 0.68363088  0.28542191  0.01305881]
filename : 3200, Label: 2, Prediction: [ 0.80692846  0.08713415  0.0755665 ]
filename : 321, Label: 26, Prediction: [ 0.52075827  0.33721307  0.09153884]
filename : 3218, Label: 19, Prediction: [  9.87566710e-01   1.16310082e-02   2.97909166e-04]
filename : 3232, Label: 23, Prediction: [  9.99936104e-01   4.52399690e-05   5.69269741e-06]
filename : 3240, Label: 13, Prediction: [ 0.5642392   0.18327041  0.16606845]
filename : 3242, Label: 23, Prediction: [ 0.97294307  0.01861503  0.00409339]
filename : 3248, Label: 6, Prediction: [ 0.87105614  0.05840157  0.02769127]
filename : 3256, Label: 19, Prediction: [ 0.82495034  0.05717233  0.03730132]
filename : 3262, Label: 20, Prediction: [ 0.54538876  0.12116196  0.09282844]
filename : 3276, Label: 6, Prediction: [ 0.36007795  0.28570011  0.22247645]
filename : 3283, Label: 3, Prediction: [ 0.93393946  0.04639196  0.01675218]
filename : 3291, Label: 14, Prediction: [ 0.97153544  0.01367088  0.00486152]
filename : 3300, Label: 13, Prediction: [  9.99015331e-01   9.22118605e-04   2.90190674e-05]
filename : 3301, Label: 19, Prediction: [ 0.50827807  0.19468835  0.17930759]
filename : 3310, Label: 29, Prediction: [  9.95313048e-01   1.48863241e-03   8.65692564e-04]
filename : 3322, Label: 8, Prediction: [ 0.44341558  0.28226733  0.22189642]
filename : 3331, Label: 11, Prediction: [ 0.39311832  0.21848679  0.21229316]
filename : 3348, Label: 23, Prediction: [ 0.88862455  0.04092432  0.03751455]
filename : 3352, Label: 10, Prediction: [ 0.86044121  0.07728606  0.02360225]
filename : 3364, Label: 22, Prediction: [ 0.85204554  0.10070189  0.0334923 ]
filename : 3377, Label: 13, Prediction: [ 0.3762731   0.31249085  0.25066796]
filename : 3380, Label: 1, Prediction: [ 0.93735766  0.03133155  0.02437785]
filename : 339, Label: 19, Prediction: [ 0.9967435   0.00152072  0.00112907]
filename : 3395, Label: 7, Prediction: [ 0.39621317  0.34165585  0.13757673]
filename : 3410, Label: 19, Prediction: [ 0.64454281  0.14983504  0.12420366]
filename : 3416, Label: 19, Prediction: [ 0.77985626  0.10061139  0.0803897 ]
filename : 3421, Label: 22, Prediction: [ 0.87747312  0.11474138  0.00530937]
filename : 3433, Label: 4, Prediction: [  9.95072186e-01   3.51875462e-03   5.72561636e-04]
filename : 344, Label: 27, Prediction: [  1.00000000e+00   1.26517874e-09   4.83377172e-10]
filename : 3440, Label: 18, Prediction: [ 0.36833152  0.30020005  0.07876756]
filename : 3448, Label: 29, Prediction: [ 0.43183115  0.23637016  0.08387405]
filename : 3454, Label: 12, Prediction: [ 0.75864702  0.15976945  0.02797275]
filename : 3462, Label: 18, Prediction: [ 0.35419586  0.26048535  0.18711171]
filename : 347, Label: 2, Prediction: [ 0.73095047  0.14107949  0.03089253]
filename : 3474, Label: 3, Prediction: [ 0.51792699  0.1710121   0.15362783]
filename : 3482, Label: 16, Prediction: [ 0.97336924  0.00953009  0.00857133]
filename : 3489, Label: 23, Prediction: [ 0.9165262   0.01891666  0.01664219]
filename : 3491, Label: 12, Prediction: [ 0.63531929  0.06750479  0.06002399]
filename : 350, Label: 3, Prediction: [  8.91159952e-01   1.08221322e-01   5.53185935e-04]
filename : 3506, Label: 14, Prediction: [ 0.61112654  0.14765689  0.10142509]
filename : 3519, Label: 18, Prediction: [ 0.51128656  0.29950482  0.12026796]
filename : 3523, Label: 7, Prediction: [ 0.45283407  0.39144555  0.10530785]
filename : 3535, Label: 5, Prediction: [ 0.30195349  0.27207899  0.1935723 ]
filename : 3547, Label: 25, Prediction: [ 0.50121874  0.38607752  0.07033543]
filename : 3551, Label: 3, Prediction: [ 0.40456304  0.26935005  0.25514039]
filename : 3553, Label: 14, Prediction: [  9.99717295e-01   1.75875990e-04   3.38426253e-05]
filename : 3561, Label: 21, Prediction: [ 0.94004732  0.01641917  0.01053477]
filename : 357, Label: 29, Prediction: [ 0.47033018  0.35540196  0.13716289]
filename : 3581, Label: 19, Prediction: [  9.99571383e-01   3.32266703e-04   7.88429970e-05]
filename : 3589, Label: 7, Prediction: [ 0.6296649   0.36318174  0.00462689]
filename : 3596, Label: 17, Prediction: [ 0.57951862  0.30313051  0.06133088]
filename : 3605, Label: 25, Prediction: [ 0.97454983  0.0198704   0.00248815]
filename : 3614, Label: 22, Prediction: [ 0.53410536  0.40750456  0.03571957]
filename : 3616, Label: 2, Prediction: [ 0.43339306  0.29826242  0.21748367]
filename : 3630, Label: 10, Prediction: [ 0.91133457  0.01906054  0.01619519]
filename : 3645, Label: 7, Prediction: [ 0.69535655  0.24734335  0.02651958]
filename : 3650, Label: 9, Prediction: [ 0.94384313  0.04219072  0.0043861 ]
filename : 3657, Label: 29, Prediction: [ 0.87309158  0.11271824  0.00279964]
filename : 3668, Label: 23, Prediction: [ 0.86573237  0.06795355  0.05783177]
filename : 3676, Label: 5, Prediction: [ 0.39675888  0.27352348  0.15915492]
filename : 3682, Label: 23, Prediction: [ 0.61623204  0.3714259   0.00490389]
filename : 3686, Label: 20, Prediction: [ 0.73743135  0.13628966  0.02416501]
filename : 3693, Label: 20, Prediction: [ 0.54598808  0.26306751  0.18984587]
filename : 3706, Label: 27, Prediction: [ 0.62713784  0.14953241  0.06946336]
filename : 3714, Label: 25, Prediction: [ 0.38376993  0.21019858  0.20163606]
filename : 3727, Label: 17, Prediction: [ 0.80332822  0.11287852  0.07988444]
filename : 3733, Label: 23, Prediction: [ 0.55802977  0.27235445  0.07456127]
filename : 3742, Label: 23, Prediction: [ 0.55390722  0.15123139  0.06372162]
filename : 3749, Label: 19, Prediction: [  9.96192932e-01   2.73212465e-03   4.39476105e-04]
filename : 375, Label: 29, Prediction: [ 0.83309257  0.12414972  0.00872242]
filename : 376, Label: 26, Prediction: [ 0.98964185  0.00436209  0.00263818]
filename : 3764, Label: 4, Prediction: [ 0.74348617  0.18257412  0.05528412]
filename : 3770, Label: 18, Prediction: [ 0.29420212  0.2914021   0.17935002]
filename : 3780, Label: 25, Prediction: [ 0.97665775  0.01429146  0.0026651 ]
filename : 3793, Label: 12, Prediction: [ 0.9541235   0.01308642  0.0103885 ]
filename : 380, Label: 13, Prediction: [  9.99278009e-01   5.97285340e-04   8.24175877e-05]
filename : 3808, Label: 19, Prediction: [ 0.90723258  0.07098711  0.014524  ]
filename : 381, Label: 2, Prediction: [ 0.77489495  0.19988044  0.02388058]
filename : 3828, Label: 16, Prediction: [ 0.9298144   0.04293855  0.01223281]
filename : 384, Label: 13, Prediction: [  9.89285052e-01   1.02236783e-02   1.73459412e-04]
filename : 3847, Label: 22, Prediction: [ 0.66069585  0.32594043  0.00529325]
filename : 386, Label: 3, Prediction: [ 0.97068757  0.00835887  0.00543708]
filename : 387, Label: 13, Prediction: [  9.89516437e-01   1.00257248e-02   3.80602403e-04]
filename : 388, Label: 14, Prediction: [ 0.86362553  0.12960806  0.00443755]
filename : 3890, Label: 22, Prediction: [ 0.96020836  0.03371661  0.00161948]
filename : 3891, Label: 23, Prediction: [  9.46380854e-01   5.28454632e-02   4.04159335e-04]
filename : 3902, Label: 22, Prediction: [ 0.41658652  0.34395421  0.16292638]
filename : 3915, Label: 6, Prediction: [ 0.84448159  0.11712226  0.0222835 ]
filename : 3923, Label: 20, Prediction: [ 0.34889534  0.2213531   0.18853027]
filename : 3929, Label: 19, Prediction: [ 0.49807215  0.32053271  0.09341025]
filename : 3938, Label: 5, Prediction: [ 0.94126981  0.04025633  0.00561148]
filename : 3950, Label: 8, Prediction: [ 0.98117024  0.01524991  0.00264381]
filename : 3957, Label: 7, Prediction: [ 0.47756475  0.39268738  0.03946895]
filename : 3958, Label: 29, Prediction: [ 0.95900846  0.03013281  0.0075497 ]
filename : 3964, Label: 7, Prediction: [ 0.88731712  0.09840573  0.00724116]
filename : 3973, Label: 2, Prediction: [ 0.48506957  0.3662625   0.0511959 ]
filename : 3979, Label: 8, Prediction: [ 0.86816835  0.06910376  0.03991718]
filename : 399, Label: 29, Prediction: [ 0.83687633  0.10518968  0.04701805]
filename : 400, Label: 13, Prediction: [ 0.98778313  0.0062988   0.0031358 ]
filename : 4012, Label: 20, Prediction: [  9.99452412e-01   2.61878857e-04   1.42571007e-04]
filename : 4024, Label: 22, Prediction: [ 0.81785661  0.10913061  0.06679514]
filename : 4027, Label: 3, Prediction: [  8.86832893e-01   1.11369357e-01   7.62346608e-04]
filename : 4032, Label: 26, Prediction: [ 0.62829649  0.15585797  0.06702068]
filename : 4041, Label: 29, Prediction: [ 0.70858216  0.08946682  0.06834488]
filename : 4052, Label: 2, Prediction: [ 0.98661184  0.00522906  0.00506494]
filename : 4062, Label: 11, Prediction: [ 0.38992578  0.20340951  0.16715397]
filename : 4068, Label: 26, Prediction: [ 0.80137295  0.13245045  0.04273583]
filename : 4074, Label: 19, Prediction: [ 0.63380903  0.24487114  0.04973627]
filename : 4080, Label: 11, Prediction: [ 0.98817247  0.00922689  0.00145052]
filename : 4081, Label: 11, Prediction: [ 0.84313822  0.11525937  0.02840804]
filename : 4089, Label: 19, Prediction: [ 0.94330877  0.02197808  0.01891673]
filename : 4099, Label: 28, Prediction: [ 0.67859507  0.20755892  0.05034851]
filename : 4103, Label: 3, Prediction: [ 0.69619292  0.21117325  0.01419133]
filename : 411, Label: 8, Prediction: [ 0.98261511  0.01068615  0.00554309]
filename : 4115, Label: 16, Prediction: [ 0.60395992  0.16558284  0.04768235]
filename : 4124, Label: 29, Prediction: [ 0.99067557  0.0036073   0.00327675]
filename : 413, Label: 12, Prediction: [  9.99675155e-01   1.09405046e-04   5.99503874e-05]
filename : 4132, Label: 29, Prediction: [ 0.97034937  0.01179226  0.00554553]
filename : 4142, Label: 16, Prediction: [ 0.2840414   0.27172288  0.12504694]
filename : 4150, Label: 27, Prediction: [  1.00000000e+00   3.50793457e-08   2.60190340e-08]
filename : 4167, Label: 6, Prediction: [ 0.71326733  0.13454422  0.08909596]
filename : 4181, Label: 2, Prediction: [  9.99464810e-01   2.15784123e-04   8.83157409e-05]
filename : 4189, Label: 4, Prediction: [ 0.58297181  0.24919593  0.08789456]
filename : 4202, Label: 3, Prediction: [ 0.97797501  0.00972349  0.00638962]
filename : 4214, Label: 9, Prediction: [ 0.96481997  0.00897521  0.00834123]
filename : 4216, Label: 12, Prediction: [ 0.75528628  0.18111555  0.02302317]
filename : 4229, Label: 11, Prediction: [ 0.97892958  0.01113685  0.00859682]
filename : 4235, Label: 12, Prediction: [  9.97687936e-01   1.00019481e-03   5.63410693e-04]
filename : 4245, Label: 19, Prediction: [  9.99851584e-01   4.60682058e-05   4.55993686e-05]
filename : 4257, Label: 24, Prediction: [ 0.34791768  0.22667816  0.07649557]
filename : 4264, Label: 16, Prediction: [ 0.99615908  0.00236571  0.00114306]
filename : 428, Label: 4, Prediction: [ 0.79566598  0.15634708  0.01564207]
filename : 4289, Label: 24, Prediction: [ 0.51282769  0.45034871  0.01823493]
filename : 429, Label: 25, Prediction: [ 0.95404375  0.03741623  0.00428152]
filename : 4300, Label: 12, Prediction: [ 0.49620503  0.48901442  0.00398042]
filename : 4313, Label: 24, Prediction: [ 0.94980228  0.0338422   0.01151761]
filename : 4321, Label: 22, Prediction: [ 0.57465619  0.25062037  0.05742252]
filename : 4334, Label: 4, Prediction: [ 0.87184131  0.05140685  0.03555265]
filename : 4347, Label: 11, Prediction: [ 0.86486977  0.11708539  0.00568713]
filename : 4355, Label: 16, Prediction: [ 0.55433267  0.23591827  0.1258858 ]
filename : 4361, Label: 26, Prediction: [ 0.94590187  0.02210097  0.01293369]
filename : 4362, Label: 29, Prediction: [ 0.82859629  0.11677956  0.027659  ]
filename : 4372, Label: 23, Prediction: [ 0.97971982  0.01234072  0.00471465]
filename : 4385, Label: 9, Prediction: [ 0.85205758  0.09342179  0.0276541 ]
filename : 4394, Label: 26, Prediction: [  9.98236537e-01   1.22421782e-03   1.19443175e-04]
filename : 440, Label: 25, Prediction: [ 0.5189783   0.45141709  0.0093951 ]
filename : 4407, Label: 16, Prediction: [ 0.83486104  0.11741563  0.02017258]
filename : 4415, Label: 11, Prediction: [ 0.97013086  0.0217735   0.00330184]
filename : 4432, Label: 27, Prediction: [ 0.96557397  0.02339716  0.00536258]
filename : 4433, Label: 11, Prediction: [ 0.95659584  0.01734614  0.0123958 ]
filename : 4441, Label: 27, Prediction: [ 0.51616144  0.24007633  0.07050319]
filename : 4453, Label: 25, Prediction: [ 0.63305241  0.27928931  0.02859609]
filename : 4469, Label: 19, Prediction: [ 0.92590964  0.04189618  0.02043381]
filename : 4478, Label: 24, Prediction: [ 0.94438922  0.0274559   0.01929403]
filename : 4489, Label: 16, Prediction: [ 0.78557569  0.0884187   0.04586794]
filename : 4506, Label: 7, Prediction: [ 0.97836679  0.01017489  0.00675546]
filename : 4516, Label: 12, Prediction: [ 0.68265861  0.21517396  0.03048303]
filename : 4518, Label: 29, Prediction: [ 0.95309192  0.02400128  0.01256149]
filename : 4527, Label: 16, Prediction: [ 0.90586156  0.05922821  0.01415592]
filename : 4538, Label: 29, Prediction: [  9.99746025e-01   1.21653109e-04   7.82557254e-05]
filename : 4549, Label: 27, Prediction: [ 0.48673415  0.38262364  0.07145976]
filename : 4555, Label: 19, Prediction: [ 0.9072504   0.06932702  0.0127193 ]
filename : 4567, Label: 2, Prediction: [ 0.99359882  0.00454451  0.00105619]
filename : 4572, Label: 27, Prediction: [ 0.92436969  0.01474634  0.01449028]
filename : 4586, Label: 13, Prediction: [ 0.99489838  0.00272682  0.00157598]
filename : 4587, Label: 29, Prediction: [ 0.99528342  0.00257231  0.0014816 ]
filename : 4599, Label: 19, Prediction: [ 0.93994051  0.05651327  0.00147236]
filename : 4608, Label: 13, Prediction: [  9.99697208e-01   2.55412102e-04   2.27936780e-05]
filename : 462, Label: 2, Prediction: [  9.95894909e-01   9.97437048e-04   9.84985265e-04]
filename : 4629, Label: 21, Prediction: [ 0.7759133   0.10132483  0.09728664]
filename : 4633, Label: 26, Prediction: [ 0.42967001  0.3463693   0.14995418]
filename : 4645, Label: 27, Prediction: [ 0.68442303  0.18615979  0.12115433]
filename : 4650, Label: 17, Prediction: [ 0.65454483  0.12871748  0.06828069]
filename : 4651, Label: 10, Prediction: [ 0.47098118  0.40874517  0.06103799]
filename : 4661, Label: 4, Prediction: [ 0.27458727  0.20120688  0.16355757]
filename : 467, Label: 13, Prediction: [ 0.57050908  0.23834056  0.08138381]
filename : 4680, Label: 24, Prediction: [ 0.83379292  0.06622791  0.04441659]
filename : 4695, Label: 12, Prediction: [ 0.98111522  0.00808943  0.00241008]
filename : 4705, Label: 5, Prediction: [ 0.38873276  0.29840055  0.21751752]
filename : 4719, Label: 19, Prediction: [ 0.57351881  0.41628489  0.00421585]
filename : 4729, Label: 5, Prediction: [ 0.51987344  0.24136075  0.2322733 ]
filename : 473, Label: 12, Prediction: [ 0.91815025  0.03504451  0.01219957]
filename : 4738, Label: 6, Prediction: [ 0.81168449  0.07841044  0.05243677]
filename : 4744, Label: 26, Prediction: [  9.99547184e-01   1.81195777e-04   1.24563390e-04]
filename : 4758, Label: 20, Prediction: [ 0.69831997  0.05919778  0.05860118]
filename : 4770, Label: 5, Prediction: [ 0.77822888  0.09158084  0.04962844]
filename : 4775, Label: 19, Prediction: [  7.84680784e-01   2.13538811e-01   5.57792373e-04]
filename : 4780, Label: 10, Prediction: [ 0.53330541  0.20413744  0.12755696]
filename : 4788, Label: 29, Prediction: [ 0.94042987  0.01836685  0.01207808]
filename : 4789, Label: 24, Prediction: [ 0.62831151  0.21118541  0.10179803]
filename : 4796, Label: 3, Prediction: [ 0.8432315   0.15408538  0.00208737]
filename : 4811, Label: 11, Prediction: [  9.92754996e-01   6.42743800e-03   3.19430226e-04]
filename : 4821, Label: 2, Prediction: [ 0.57686114  0.08310505  0.07070796]
filename : 4829, Label: 12, Prediction: [ 0.77503103  0.10302539  0.04917961]
filename : 4838, Label: 26, Prediction: [ 0.56455588  0.25848085  0.11201666]
filename : 4844, Label: 11, Prediction: [ 0.62911773  0.28936654  0.05535242]
filename : 4854, Label: 8, Prediction: [ 0.29810369  0.15407684  0.15371801]
filename : 486, Label: 19, Prediction: [  9.98940289e-01   5.50469267e-04   1.49343279e-04]
filename : 4867, Label: 10, Prediction: [ 0.41352576  0.37707835  0.14196618]
filename : 4874, Label: 3, Prediction: [ 0.78939289  0.11202432  0.04850904]
filename : 4882, Label: 22, Prediction: [ 0.68360913  0.070165    0.06663558]
filename : 4890, Label: 13, Prediction: [  9.80997324e-01   1.88295655e-02   7.93191939e-05]
filename : 4905, Label: 29, Prediction: [ 0.86053711  0.10197888  0.02306248]
filename : 4914, Label: 23, Prediction: [ 0.82017565  0.10915075  0.06419242]
filename : 4921, Label: 6, Prediction: [ 0.6984129   0.11308704  0.11039221]
filename : 4922, Label: 12, Prediction: [ 0.5784868   0.28288931  0.09864943]
filename : 493, Label: 26, Prediction: [ 0.1855773   0.14948545  0.13856535]
filename : 4940, Label: 18, Prediction: [ 0.43761587  0.39222744  0.08297537]
filename : 4952, Label: 2, Prediction: [  9.98561323e-01   1.20927359e-03   7.53995846e-05]
filename : 4963, Label: 2, Prediction: [ 0.49693307  0.1957882   0.11206459]
filename : 4972, Label: 16, Prediction: [ 0.57267177  0.09697104  0.09536896]
filename : 4981, Label: 7, Prediction: [  9.99232411e-01   5.50078053e-04   9.20700913e-05]
filename : 4989, Label: 16, Prediction: [ 0.96736467  0.00989151  0.00666811]
filename : 499, Label: 27, Prediction: [ 0.40213659  0.21583807  0.1555194 ]
filename : 50, Label: 5, Prediction: [ 0.57298219  0.13671297  0.08008789]
filename : 5006, Label: 17, Prediction: [ 0.45219058  0.26752776  0.08039625]
filename : 5017, Label: 1, Prediction: [ 0.44656369  0.42475075  0.04288353]
filename : 5026, Label: 22, Prediction: [ 0.69072771  0.22153948  0.02100335]
filename : 5034, Label: 14, Prediction: [ 0.3620626   0.13176502  0.11906498]
filename : 5044, Label: 12, Prediction: [  9.99989510e-01   5.21047377e-06   1.10355859e-06]
filename : 5055, Label: 26, Prediction: [ 0.54311609  0.13491054  0.07948456]
filename : 5057, Label: 22, Prediction: [ 0.86543691  0.05157549  0.03715783]
filename : 5067, Label: 28, Prediction: [ 0.77532256  0.11720206  0.03046221]
filename : 5082, Label: 27, Prediction: [  9.99997616e-01   1.42905026e-06   6.31542719e-07]
filename : 5088, Label: 9, Prediction: [ 0.81685346  0.07155351  0.06697237]
filename : 5093, Label: 24, Prediction: [ 0.49964827  0.27535424  0.10236583]
filename : 5101, Label: 27, Prediction: [ 0.37180802  0.30452222  0.24370325]
filename : 5109, Label: 28, Prediction: [ 0.46250069  0.26538241  0.06755718]
filename : 5119, Label: 26, Prediction: [ 0.27663389  0.21203899  0.14787   ]
filename : 5121, Label: 12, Prediction: [ 0.66396123  0.1275702   0.09614116]
filename : 5130, Label: 25, Prediction: [ 0.61838341  0.37282687  0.00426839]
filename : 5140, Label: 27, Prediction: [ 0.75530624  0.12190109  0.08118691]
filename : 515, Label: 21, Prediction: [ 0.72107661  0.19858837  0.03041643]
filename : 5160, Label: 19, Prediction: [ 0.90688151  0.04925215  0.02270301]
filename : 5169, Label: 16, Prediction: [ 0.96203959  0.03501184  0.00122394]
filename : 5176, Label: 10, Prediction: [ 0.94277722  0.03330922  0.02299738]
filename : 5182, Label: 29, Prediction: [ 0.62184149  0.3750073   0.00124145]
filename : 5186, Label: 28, Prediction: [ 0.67672145  0.11011139  0.08633469]
filename : 5192, Label: 4, Prediction: [ 0.77819449  0.05131148  0.03922732]
filename : 520, Label: 20, Prediction: [ 0.37690416  0.2072026   0.11538418]
filename : 5205, Label: 3, Prediction: [ 0.69699156  0.25697207  0.03426919]
filename : 5215, Label: 2, Prediction: [  9.99840975e-01   1.05911153e-04   2.82793972e-05]
filename : 5224, Label: 21, Prediction: [ 0.60993046  0.34626031  0.02980701]
filename : 5237, Label: 19, Prediction: [ 0.91678447  0.02739094  0.02697963]
filename : 5249, Label: 25, Prediction: [ 0.55365556  0.35825258  0.03502068]
filename : 525, Label: 1, Prediction: [ 0.45863011  0.36907285  0.03225813]
filename : 5259, Label: 14, Prediction: [ 0.95876247  0.01220133  0.00593427]
filename : 5266, Label: 12, Prediction: [ 0.83883554  0.13024609  0.0140708 ]
filename : 5274, Label: 29, Prediction: [ 0.97440118  0.0178388   0.00354166]
filename : 5282, Label: 17, Prediction: [ 0.93569589  0.02615369  0.01312027]
filename : 5299, Label: 25, Prediction: [ 0.88964605  0.09233919  0.01332725]
filename : 5309, Label: 26, Prediction: [ 0.98788911  0.00323703  0.00263716]
filename : 5317, Label: 12, Prediction: [ 0.52251953  0.17728245  0.10765127]
filename : 5320, Label: 26, Prediction: [ 0.3182089   0.18355083  0.09645684]
filename : 5326, Label: 24, Prediction: [ 0.91499317  0.02490508  0.01789161]
filename : 5337, Label: 17, Prediction: [  9.98848438e-01   9.90529545e-04   9.82467391e-05]
filename : 5341, Label: 2, Prediction: [ 0.58404136  0.18750511  0.09629579]
filename : 5352, Label: 3, Prediction: [ 0.95704973  0.03287238  0.00899779]
filename : 5363, Label: 27, Prediction: [ 0.98531193  0.01262118  0.00168079]
filename : 5375, Label: 8, Prediction: [ 0.57460332  0.21333498  0.05600398]
filename : 5386, Label: 13, Prediction: [ 0.91521668  0.08121274  0.00230549]
filename : 539, Label: 6, Prediction: [ 0.66028935  0.11190305  0.04488773]
filename : 540, Label: 8, Prediction: [ 0.87079442  0.10964756  0.01616555]
filename : 5405, Label: 4, Prediction: [ 0.7720601   0.13468935  0.05057635]
filename : 541, Label: 16, Prediction: [ 0.65162587  0.16990057  0.09064389]
filename : 5415, Label: 12, Prediction: [ 0.73538524  0.08786244  0.07913873]
filename : 5420, Label: 19, Prediction: [ 0.6494168   0.32008663  0.01286876]
filename : 5430, Label: 25, Prediction: [ 0.89046723  0.0574026   0.02303448]
filename : 5440, Label: 27, Prediction: [  9.64486420e-01   3.35460231e-02   8.76869657e-04]
filename : 5441, Label: 5, Prediction: [ 0.61342746  0.11810388  0.08252586]
filename : 5453, Label: 8, Prediction: [ 0.75794351  0.18331675  0.03482332]
filename : 5458, Label: 29, Prediction: [ 0.3956745   0.21354593  0.16186062]
filename : 5464, Label: 27, Prediction: [ 0.991512    0.00627543  0.00103422]
filename : 5470, Label: 21, Prediction: [ 0.53702617  0.3685666   0.01633248]
filename : 5479, Label: 19, Prediction: [ 0.60193634  0.37440547  0.01496011]
filename : 5489, Label: 7, Prediction: [ 0.57160205  0.28380573  0.04311563]
filename : 5495, Label: 24, Prediction: [ 0.61731845  0.32533023  0.03152888]
filename : 5496, Label: 7, Prediction: [ 0.69235516  0.10642135  0.08796524]
filename : 5501, Label: 25, Prediction: [ 0.5467149   0.39533356  0.03181689]
filename : 5507, Label: 20, Prediction: [ 0.75880897  0.21746083  0.01862052]
filename : 5517, Label: 17, Prediction: [ 0.39993772  0.31806937  0.20864199]
filename : 5524, Label: 10, Prediction: [ 0.44572791  0.31019548  0.09167567]
filename : 5533, Label: 14, Prediction: [ 0.9252733   0.01439079  0.01269529]
filename : 5543, Label: 22, Prediction: [ 0.34983581  0.3231636   0.15090479]
filename : 5555, Label: 19, Prediction: [ 0.79661131  0.19177708  0.00432238]
filename : 5557, Label: 14, Prediction: [ 0.41365251  0.2816776   0.19771659]
filename : 5563, Label: 20, Prediction: [ 0.68453473  0.28539366  0.01817945]
filename : 5569, Label: 4, Prediction: [  9.20665622e-01   7.82099739e-02   4.85675817e-04]
filename : 5573, Label: 2, Prediction: [ 0.89329308  0.07425376  0.0232707 ]
filename : 5583, Label: 23, Prediction: [ 0.47510597  0.25549719  0.13489531]
filename : 559, Label: 25, Prediction: [ 0.98566312  0.00764928  0.00550552]
filename : 5598, Label: 12, Prediction: [ 0.9884814   0.00632544  0.00356348]
filename : 5606, Label: 19, Prediction: [  9.97900724e-01   6.26793888e-04   3.69403744e-04]
filename : 5607, Label: 5, Prediction: [ 0.95532006  0.03258599  0.00456789]
filename : 5615, Label: 15, Prediction: [  7.32441604e-01   2.66725570e-01   1.45823491e-04]
filename : 562, Label: 24, Prediction: [ 0.55409479  0.31808221  0.05482297]
filename : 5627, Label: 16, Prediction: [ 0.65530449  0.18728921  0.10348333]
filename : 5633, Label: 27, Prediction: [  9.99700904e-01   2.90832570e-04   4.23496749e-06]
filename : 5641, Label: 10, Prediction: [ 0.43765277  0.36028549  0.0773064 ]
filename : 5650, Label: 22, Prediction: [ 0.95381844  0.01940416  0.01320073]
filename : 5659, Label: 18, Prediction: [ 0.47122383  0.28960079  0.19781126]
filename : 566, Label: 28, Prediction: [ 0.69500297  0.05038606  0.03792424]
filename : 5665, Label: 1, Prediction: [ 0.53206104  0.15804274  0.12539312]
filename : 568, Label: 13, Prediction: [ 0.63093019  0.15616027  0.12814006]
filename : 5689, Label: 12, Prediction: [ 0.7022593   0.22823337  0.03175408]
filename : 570, Label: 2, Prediction: [ 0.89299589  0.03697523  0.02250371]
filename : 5708, Label: 13, Prediction: [  9.99870539e-01   1.20332574e-04   7.41423446e-06]
filename : 5717, Label: 25, Prediction: [ 0.90909147  0.05109366  0.00898779]
filename : 5722, Label: 1, Prediction: [ 0.83581686  0.15424992  0.00471365]
filename : 5724, Label: 25, Prediction: [ 0.47703436  0.34634861  0.11116628]
filename : 5730, Label: 7, Prediction: [ 0.78061354  0.20728391  0.0050836 ]
filename : 5738, Label: 12, Prediction: [ 0.80931497  0.04689945  0.02787555]
filename : 5747, Label: 23, Prediction: [  9.98906732e-01   3.46668297e-04   2.26827164e-04]
filename : 5757, Label: 8, Prediction: [ 0.93971181  0.0440551   0.00695514]
filename : 5771, Label: 25, Prediction: [ 0.98629665  0.0105993   0.00227124]
filename : 5783, Label: 16, Prediction: [ 0.98075873  0.00615499  0.00355463]
filename : 580, Label: 24, Prediction: [ 0.2792868   0.16585255  0.10539296]
filename : 5800, Label: 14, Prediction: [  9.99738157e-01   1.39732903e-04   7.44881836e-05]
filename : 5809, Label: 16, Prediction: [ 0.4578661   0.30910453  0.08507314]
filename : 5818, Label: 7, Prediction: [ 0.86209112  0.067235    0.04821521]
filename : 5828, Label: 26, Prediction: [ 0.8257255   0.17080811  0.00142575]
filename : 5833, Label: 2, Prediction: [ 0.52919126  0.33168966  0.08640538]
filename : 5848, Label: 5, Prediction: [ 0.62100863  0.35413849  0.01962505]
filename : 5855, Label: 26, Prediction: [ 0.43763483  0.26565176  0.05771518]
filename : 5866, Label: 13, Prediction: [  7.84512162e-01   2.14880988e-01   4.47097205e-04]
filename : 5868, Label: 29, Prediction: [ 0.65731734  0.24809143  0.08820026]
filename : 5875, Label: 20, Prediction: [ 0.4450095   0.18401475  0.09074961]
filename : 5886, Label: 23, Prediction: [ 0.73054725  0.13604978  0.05493231]
filename : 5897, Label: 5, Prediction: [ 0.75581372  0.20134389  0.01671855]
filename : 5904, Label: 14, Prediction: [ 0.98059994  0.01009324  0.00561452]
filename : 5915, Label: 19, Prediction: [ 0.95875615  0.0141231   0.01216089]
filename : 5928, Label: 23, Prediction: [ 0.95404428  0.04299596  0.00101917]
filename : 5935, Label: 13, Prediction: [  9.99434769e-01   2.09198115e-04   1.97337955e-04]
filename : 5936, Label: 3, Prediction: [ 0.52459586  0.28346276  0.05864383]
filename : 5942, Label: 22, Prediction: [ 0.70107436  0.16169597  0.11156741]
filename : 5952, Label: 1, Prediction: [ 0.3972095   0.24571699  0.20120861]
filename : 5961, Label: 23, Prediction: [ 0.5689339   0.2415574   0.05444723]
filename : 5969, Label: 29, Prediction: [ 0.97298121  0.00559252  0.00484427]
filename : 5985, Label: 11, Prediction: [ 0.93984318  0.05036989  0.00419527]
filename : 5992, Label: 24, Prediction: [ 0.98394066  0.00635203  0.00255952]
filename : 5998, Label: 21, Prediction: [ 0.99020469  0.00601923  0.00284164]
filename : 6, Label: 26, Prediction: [ 0.43727812  0.26973     0.1809579 ]
filename : 613, Label: 5, Prediction: [ 0.90410626  0.08827239  0.00529251]
filename : 622, Label: 20, Prediction: [ 0.41334233  0.11315224  0.09131877]
filename : 629, Label: 25, Prediction: [ 0.7057296   0.2149201   0.05508992]
filename : 636, Label: 29, Prediction: [ 0.95538336  0.03158843  0.0093081 ]
filename : 645, Label: 17, Prediction: [ 0.93549967  0.03876196  0.00750346]
filename : 658, Label: 17, Prediction: [ 0.99084282  0.00419027  0.00199013]
filename : 663, Label: 22, Prediction: [ 0.38007215  0.3603071   0.23512149]
filename : 665, Label: 27, Prediction: [ 0.75399256  0.23183261  0.00533007]
filename : 670, Label: 23, Prediction: [  9.95415211e-01   3.86748603e-03   2.68934382e-04]
filename : 680, Label: 5, Prediction: [ 0.67672753  0.29648936  0.01639628]
filename : 691, Label: 23, Prediction: [ 0.58081377  0.17580836  0.05673865]
filename : 701, Label: 28, Prediction: [ 0.96408916  0.03277568  0.00177313]
filename : 711, Label: 25, Prediction: [ 0.82232034  0.09678752  0.02555904]
filename : 718, Label: 12, Prediction: [  9.77221251e-01   2.15937179e-02   5.55491948e-04]
filename : 725, Label: 15, Prediction: [  9.84672606e-01   1.42091652e-02   3.31558840e-04]
filename : 727, Label: 2, Prediction: [ 0.83116019  0.05488999  0.02188316]
filename : 735, Label: 22, Prediction: [  9.99273002e-01   3.47328314e-04   1.43528261e-04]
filename : 746, Label: 29, Prediction: [ 0.84006327  0.13076314  0.01344868]
filename : 753, Label: 14, Prediction: [ 0.6433199   0.28298986  0.02195033]
filename : 762, Label: 22, Prediction: [ 0.82588774  0.09475886  0.06809598]
filename : 772, Label: 3, Prediction: [ 0.98629236  0.00559234  0.00543156]
filename : 780, Label: 5, Prediction: [ 0.99455279  0.00309727  0.0015031 ]
filename : 787, Label: 27, Prediction: [ 0.35959145  0.30082613  0.10543799]
filename : 790, Label: 26, Prediction: [  9.99937057e-01   3.03976867e-05   1.43409770e-05]
filename : 8, Label: 2, Prediction: [ 0.97086877  0.01279449  0.00526755]
filename : 808, Label: 7, Prediction: [ 0.98521531  0.00789873  0.00510535]
filename : 82, Label: 20, Prediction: [ 0.86929101  0.12439466  0.00196001]
filename : 828, Label: 11, Prediction: [ 0.7775833   0.12521116  0.03481146]
filename : 837, Label: 29, Prediction: [ 0.99087256  0.00390521  0.00320914]
filename : 844, Label: 20, Prediction: [ 0.2224353   0.20810129  0.1566332 ]
filename : 853, Label: 18, Prediction: [ 0.62507677  0.27232462  0.03320498]
filename : 854, Label: 11, Prediction: [ 0.83140081  0.04524449  0.026738  ]
filename : 864, Label: 27, Prediction: [  9.95887101e-01   2.00858200e-03   6.63010054e-04]
filename : 871, Label: 16, Prediction: [ 0.41074133  0.40636712  0.11792654]
filename : 880, Label: 3, Prediction: [ 0.31359261  0.18403916  0.14806075]
filename : 890, Label: 13, Prediction: [ 0.98771662  0.00614035  0.00215782]
filename : 90, Label: 8, Prediction: [ 0.96352983  0.01666047  0.01632811]
filename : 905, Label: 10, Prediction: [ 0.75138664  0.16704784  0.0402601 ]
filename : 910, Label: 17, Prediction: [ 0.36908096  0.24836396  0.12579812]
filename : 911, Label: 4, Prediction: [ 0.8037076   0.0819646   0.04776862]
filename : 922, Label: 16, Prediction: [  9.96919751e-01   1.58768939e-03   6.48307556e-04]
filename : 932, Label: 29, Prediction: [ 0.33180293  0.23922549  0.23590863]
filename : 939, Label: 6, Prediction: [ 0.44801253  0.28032705  0.11947042]
filename : 949, Label: 14, Prediction: [  9.99824464e-01   1.24300277e-04   2.56347448e-05]
filename : 958, Label: 29, Prediction: [ 0.922131    0.03288231  0.01699439]
filename : 966, Label: 22, Prediction: [ 0.49150383  0.46459469  0.03392926]
filename : 975, Label: 21, Prediction: [ 0.5641104   0.31934169  0.06867541]
