filename : 10, Label: 1, Prediction: [ 0.71398312  0.1409184   0.07684552]
filename : 1005, Label: 29, Prediction: [ 0.53664786  0.29247147  0.04969869]
filename : 1013, Label: 15, Prediction: [ 0.31302097  0.25268173  0.12012987]
filename : 1021, Label: 29, Prediction: [ 0.92440253  0.01216567  0.01136805]
filename : 103, Label: 14, Prediction: [ 0.63253617  0.07960669  0.0536832 ]
filename : 1037, Label: 13, Prediction: [ 0.46453452  0.38864213  0.06003736]
filename : 1048, Label: 23, Prediction: [ 0.4505417   0.26011348  0.14374776]
filename : 1059, Label: 4, Prediction: [ 0.2785297   0.17500283  0.10872393]
filename : 106, Label: 10, Prediction: [ 0.65182745  0.34392926  0.00161439]
filename : 1070, Label: 27, Prediction: [  9.99643922e-01   1.32130546e-04   1.19816163e-04]
filename : 1078, Label: 4, Prediction: [ 0.61996853  0.29607508  0.02652394]
filename : 1086, Label: 14, Prediction: [ 0.45218375  0.370987    0.12054937]
filename : 1093, Label: 8, Prediction: [ 0.68879664  0.1220469   0.08348934]
filename : 1102, Label: 23, Prediction: [ 0.74748993  0.17352483  0.02279806]
filename : 1113, Label: 7, Prediction: [ 0.76408046  0.0702941   0.05233385]
filename : 1122, Label: 16, Prediction: [ 0.58387983  0.1085852   0.09673946]
filename : 1128, Label: 25, Prediction: [ 0.23571758  0.13086107  0.11087402]
filename : 1138, Label: 29, Prediction: [ 0.50579852  0.49088699  0.00100072]
filename : 1145, Label: 14, Prediction: [ 0.23377286  0.21720627  0.2145419 ]
filename : 1154, Label: 28, Prediction: [ 0.44257951  0.27580407  0.11615906]
filename : 1168, Label: 8, Prediction: [ 0.87575054  0.08326491  0.00991399]
filename : 118, Label: 23, Prediction: [ 0.49324641  0.27430522  0.111129  ]
filename : 1187, Label: 13, Prediction: [ 0.31985295  0.29895863  0.22500232]
filename : 1194, Label: 21, Prediction: [ 0.38543844  0.20614302  0.19952187]
filename : 1196, Label: 8, Prediction: [ 0.47630346  0.29602414  0.06199878]
filename : 1202, Label: 13, Prediction: [ 0.98424453  0.00750778  0.00630609]
filename : 1213, Label: 6, Prediction: [ 0.65211809  0.10063871  0.08338465]
filename : 1222, Label: 29, Prediction: [ 0.9818601   0.00488628  0.00397489]
filename : 1230, Label: 6, Prediction: [ 0.29457912  0.23343255  0.15468188]
filename : 124, Label: 3, Prediction: [ 0.27242881  0.2103774   0.17224933]
filename : 1248, Label: 23, Prediction: [ 0.51583141  0.4158653   0.0286362 ]
filename : 1254, Label: 5, Prediction: [ 0.42080066  0.15610977  0.11749807]
filename : 1256, Label: 13, Prediction: [ 0.99153179  0.00402267  0.00144301]
filename : 1262, Label: 25, Prediction: [ 0.73469836  0.1404198   0.0466973 ]
filename : 1271, Label: 29, Prediction: [ 0.14822748  0.13749842  0.13702403]
filename : 1284, Label: 6, Prediction: [ 0.61181098  0.13911459  0.07375213]
filename : 1291, Label: 13, Prediction: [ 0.95610082  0.02525186  0.00938097]
filename : 1309, Label: 11, Prediction: [ 0.50365967  0.41328618  0.0206321 ]
filename : 1316, Label: 21, Prediction: [ 0.9511013   0.0305555   0.00658195]
filename : 1321, Label: 26, Prediction: [ 0.82612193  0.0925649   0.03140838]
filename : 1327, Label: 27, Prediction: [ 0.46749192  0.24832463  0.13611031]
filename : 1340, Label: 16, Prediction: [ 0.46442634  0.27737647  0.12804888]
filename : 1350, Label: 8, Prediction: [ 0.90593904  0.07676332  0.00641493]
filename : 1363, Label: 23, Prediction: [  9.88625288e-01   8.51869583e-03   9.63377999e-04]
filename : 1371, Label: 19, Prediction: [ 0.60123003  0.14704186  0.10392078]
filename : 1379, Label: 19, Prediction: [ 0.60061294  0.13565432  0.08348056]
filename : 1386, Label: 22, Prediction: [ 0.78631949  0.11414725  0.04405355]
filename : 1393, Label: 24, Prediction: [ 0.61457747  0.1475099   0.11099184]
filename : 1396, Label: 13, Prediction: [ 0.55495149  0.42060062  0.01700299]
filename : 1401, Label: 5, Prediction: [ 0.45613676  0.18596804  0.1215695 ]
filename : 141, Label: 20, Prediction: [ 0.50280219  0.23846138  0.11160603]
filename : 1420, Label: 7, Prediction: [ 0.92043608  0.05278431  0.01098719]
filename : 1428, Label: 2, Prediction: [ 0.9864971   0.00429879  0.00415553]
filename : 1436, Label: 10, Prediction: [ 0.6595968   0.27560771  0.01247419]
filename : 1449, Label: 18, Prediction: [ 0.59429443  0.22274548  0.04781825]
filename : 1455, Label: 22, Prediction: [ 0.27738029  0.24550462  0.1817189 ]
filename : 1457, Label: 2, Prediction: [ 0.2763344   0.19185069  0.14699583]
filename : 1466, Label: 3, Prediction: [ 0.28675082  0.22947459  0.17533742]
filename : 1475, Label: 10, Prediction: [ 0.40997884  0.1354174   0.11008252]
filename : 1482, Label: 24, Prediction: [ 0.95029151  0.01865312  0.01498825]
filename : 1491, Label: 16, Prediction: [ 0.34396502  0.21637557  0.16814104]
filename : 1501, Label: 7, Prediction: [ 0.9847647   0.01006741  0.00170517]
filename : 1511, Label: 19, Prediction: [ 0.5591284   0.34994     0.04583674]
filename : 1521, Label: 13, Prediction: [ 0.88404262  0.10930888  0.0054535 ]
filename : 1526, Label: 5, Prediction: [ 0.98747265  0.0048028   0.00402237]
filename : 1533, Label: 12, Prediction: [ 0.32723486  0.22066386  0.16321011]
filename : 1539, Label: 23, Prediction: [ 0.56857324  0.29417554  0.10433141]
filename : 1548, Label: 9, Prediction: [ 0.9573133  0.0236096  0.0054427]
filename : 1561, Label: 27, Prediction: [  9.99981642e-01   8.91465788e-06   8.88611339e-06]
filename : 157, Label: 19, Prediction: [ 0.52588582  0.20003796  0.19964281]
filename : 1575, Label: 6, Prediction: [ 0.40425795  0.25169536  0.13369828]
filename : 1583, Label: 12, Prediction: [ 0.83346677  0.04210082  0.0181212 ]
filename : 1585, Label: 7, Prediction: [ 0.91497999  0.05655852  0.02001905]
filename : 1592, Label: 22, Prediction: [ 0.8456195   0.05788367  0.05323679]
filename : 16, Label: 13, Prediction: [  8.58010411e-01   1.41087174e-01   4.83211828e-04]
filename : 1603, Label: 12, Prediction: [ 0.66907531  0.25748211  0.01650761]
filename : 1610, Label: 19, Prediction: [ 0.46510264  0.31724438  0.12564623]
filename : 1615, Label: 28, Prediction: [ 0.49643642  0.19866376  0.11430625]
filename : 1622, Label: 3, Prediction: [ 0.59570229  0.34258786  0.04138483]
filename : 163, Label: 8, Prediction: [ 0.89059907  0.02766945  0.02173995]
filename : 1633, Label: 7, Prediction: [ 0.60943824  0.11689655  0.1086355 ]
filename : 164, Label: 13, Prediction: [ 0.98502111  0.0069549   0.00462552]
filename : 1645, Label: 17, Prediction: [ 0.75862998  0.20922674  0.01144445]
filename : 1660, Label: 13, Prediction: [ 0.55563205  0.32649773  0.02100111]
filename : 1666, Label: 16, Prediction: [ 0.7983737   0.04992733  0.04923822]
filename : 1672, Label: 10, Prediction: [ 0.53138173  0.36178407  0.05936288]
filename : 168, Label: 4, Prediction: [ 0.50445706  0.21709013  0.21647172]
filename : 1689, Label: 24, Prediction: [ 0.99596077  0.0013367   0.00102527]
filename : 1691, Label: 11, Prediction: [ 0.89642751  0.04662403  0.01598387]
filename : 170, Label: 27, Prediction: [  9.99992251e-01   5.50064351e-06   1.79593565e-06]
filename : 1704, Label: 22, Prediction: [ 0.89622778  0.06851599  0.0175826 ]
filename : 1712, Label: 6, Prediction: [ 0.95931572  0.01384678  0.00593903]
filename : 1721, Label: 16, Prediction: [ 0.90233094  0.05298533  0.01965687]
filename : 173, Label: 7, Prediction: [ 0.61111122  0.15470295  0.07103469]
filename : 1740, Label: 3, Prediction: [ 0.32037836  0.20647992  0.15816274]
filename : 1754, Label: 5, Prediction: [ 0.54717398  0.1963923   0.08608235]
filename : 1759, Label: 9, Prediction: [ 0.35783574  0.26617599  0.13692504]
filename : 1766, Label: 27, Prediction: [  9.99953151e-01   3.66159693e-05   7.99263398e-06]
filename : 1777, Label: 1, Prediction: [ 0.77506232  0.16254883  0.0169298 ]
filename : 1784, Label: 3, Prediction: [ 0.71475637  0.26189309  0.00937517]
filename : 1790, Label: 10, Prediction: [ 0.97478956  0.01838332  0.00302364]
filename : 18, Label: 28, Prediction: [ 0.46830872  0.28824356  0.09897985]
filename : 1804, Label: 26, Prediction: [  9.99206245e-01   2.59624620e-04   1.58425726e-04]
filename : 1815, Label: 23, Prediction: [ 0.42749709  0.32822683  0.08350124]
filename : 1817, Label: 29, Prediction: [ 0.85880661  0.10451361  0.01062462]
filename : 1826, Label: 21, Prediction: [ 0.77705073  0.08558555  0.03961178]
filename : 1834, Label: 1, Prediction: [ 0.90852237  0.05392753  0.00881633]
filename : 1842, Label: 10, Prediction: [ 0.3793703   0.2566317   0.21733354]
filename : 1848, Label: 14, Prediction: [ 0.73794669  0.07177642  0.0691146 ]
filename : 1855, Label: 13, Prediction: [  9.88647759e-01   9.67009272e-03   9.16397548e-04]
filename : 1864, Label: 5, Prediction: [ 0.84409475  0.08632373  0.02039603]
filename : 1879, Label: 12, Prediction: [ 0.47660607  0.36170435  0.13057363]
filename : 1881, Label: 1, Prediction: [ 0.40560266  0.16347614  0.15787922]
filename : 1892, Label: 26, Prediction: [ 0.23409435  0.20390774  0.15205581]
filename : 1900, Label: 27, Prediction: [  9.99998569e-01   4.75891284e-07   4.49988534e-07]
filename : 1908, Label: 8, Prediction: [ 0.95959622  0.01423611  0.01069163]
filename : 1923, Label: 19, Prediction: [ 0.51803434  0.17270628  0.08080079]
filename : 1929, Label: 25, Prediction: [ 0.26426512  0.16941528  0.12070346]
filename : 1939, Label: 5, Prediction: [ 0.94700539  0.02277583  0.01052769]
filename : 1945, Label: 2, Prediction: [ 0.91689771  0.04479448  0.00847393]
filename : 1948, Label: 24, Prediction: [ 0.76594347  0.17065635  0.03559271]
filename : 1960, Label: 29, Prediction: [  9.98501897e-01   3.90362780e-04   3.59597238e-04]
filename : 1969, Label: 13, Prediction: [ 0.9161815   0.04445163  0.01897537]
filename : 1979, Label: 9, Prediction: [ 0.56103569  0.2812742   0.04999641]
filename : 1988, Label: 13, Prediction: [ 0.50335336  0.30990475  0.14771447]
filename : 1997, Label: 11, Prediction: [ 0.87996882  0.08446529  0.01799994]
filename : 2001, Label: 25, Prediction: [ 0.49892211  0.22123361  0.11009157]
filename : 2013, Label: 22, Prediction: [ 0.99342728  0.0022135   0.00198335]
filename : 2014, Label: 29, Prediction: [ 0.4112983   0.2270195   0.10073136]
filename : 2021, Label: 6, Prediction: [ 0.50448048  0.46797043  0.01136183]
filename : 2029, Label: 22, Prediction: [ 0.88890123  0.09932955  0.00652041]
filename : 2038, Label: 2, Prediction: [ 0.76015478  0.10902347  0.07702695]
filename : 2046, Label: 4, Prediction: [ 0.65382266  0.22846282  0.08107745]
filename : 2054, Label: 7, Prediction: [ 0.42498046  0.17657527  0.10461058]
filename : 2066, Label: 29, Prediction: [  7.41467595e-01   2.57511467e-01   2.23918105e-04]
filename : 2076, Label: 14, Prediction: [ 0.92313886  0.06163068  0.00603968]
filename : 2078, Label: 8, Prediction: [ 0.52957731  0.11995412  0.0897761 ]
filename : 2091, Label: 7, Prediction: [ 0.33622849  0.27900526  0.24094674]
filename : 21, Label: 21, Prediction: [ 0.29794824  0.267602    0.14699142]
filename : 2108, Label: 11, Prediction: [ 0.61679542  0.16197845  0.0763143 ]
filename : 2117, Label: 10, Prediction: [ 0.58923894  0.32066011  0.05360358]
filename : 2131, Label: 16, Prediction: [ 0.96362609  0.02282299  0.00481667]
filename : 2138, Label: 8, Prediction: [ 0.68209946  0.21723391  0.07372457]
filename : 2149, Label: 5, Prediction: [ 0.34384999  0.16203313  0.12146934]
filename : 2151, Label: 19, Prediction: [ 0.34300745  0.13491453  0.11330289]
filename : 2158, Label: 22, Prediction: [  9.99308228e-01   1.41188168e-04   1.36240691e-04]
filename : 2167, Label: 7, Prediction: [ 0.52068168  0.24020113  0.10502241]
filename : 2174, Label: 11, Prediction: [ 0.88972664  0.03252358  0.02567516]
filename : 2183, Label: 29, Prediction: [ 0.82323635  0.10275475  0.04086642]
filename : 2191, Label: 13, Prediction: [  9.98532176e-01   1.26411312e-03   1.60596363e-04]
filename : 2197, Label: 1, Prediction: [ 0.78972203  0.09293532  0.05083981]
filename : 2201, Label: 11, Prediction: [ 0.69143885  0.13386135  0.13005088]
filename : 2202, Label: 22, Prediction: [ 0.52552938  0.35223237  0.08690609]
filename : 221, Label: 10, Prediction: [ 0.90984559  0.05317438  0.03358898]
filename : 2218, Label: 8, Prediction: [ 0.28920195  0.28443241  0.13854614]
filename : 2228, Label: 19, Prediction: [ 0.8767063   0.05743645  0.01804302]
filename : 2238, Label: 8, Prediction: [  9.99696851e-01   1.37171664e-04   8.30578501e-05]
filename : 2248, Label: 21, Prediction: [ 0.49017271  0.09500192  0.09251453]
filename : 2256, Label: 26, Prediction: [ 0.979146    0.01181455  0.00297162]
filename : 2265, Label: 19, Prediction: [ 0.50200814  0.48991507  0.00212835]
filename : 2266, Label: 9, Prediction: [ 0.95964664  0.02063715  0.00814681]
filename : 2278, Label: 9, Prediction: [ 0.97832119  0.00615704  0.00360184]
filename : 2287, Label: 17, Prediction: [  9.97249305e-01   2.57982966e-03   1.43851008e-04]
filename : 2297, Label: 16, Prediction: [ 0.42191583  0.18107851  0.11344045]
filename : 2300, Label: 18, Prediction: [ 0.59291208  0.15309231  0.15249035]
filename : 2312, Label: 11, Prediction: [ 0.75154448  0.10816348  0.07973724]
filename : 2327, Label: 12, Prediction: [ 0.27038053  0.26875097  0.24384192]
filename : 2336, Label: 16, Prediction: [ 0.48079637  0.29372171  0.09409495]
filename : 2337, Label: 3, Prediction: [ 0.85975903  0.06259985  0.05172702]
filename : 2344, Label: 2, Prediction: [ 0.53858536  0.2009491   0.04559971]
filename : 2351, Label: 18, Prediction: [ 0.89940143  0.06434219  0.02151634]
filename : 2364, Label: 14, Prediction: [ 0.63530409  0.3562896   0.00216702]
filename : 2371, Label: 8, Prediction: [ 0.60618168  0.1589707   0.15437527]
filename : 2380, Label: 13, Prediction: [ 0.87975174  0.04926578  0.022304  ]
filename : 2389, Label: 19, Prediction: [ 0.3592791   0.24339941  0.17284662]
filename : 2402, Label: 25, Prediction: [ 0.40169066  0.19415233  0.09522942]
filename : 2403, Label: 29, Prediction: [ 0.98831278  0.00595629  0.00272152]
filename : 2414, Label: 13, Prediction: [ 0.96031326  0.02461914  0.01117236]
filename : 242, Label: 15, Prediction: [ 0.75886291  0.08663065  0.04512058]
filename : 2433, Label: 10, Prediction: [ 0.87240249  0.11222584  0.00697536]
filename : 2446, Label: 19, Prediction: [ 0.79821473  0.13240741  0.02195443]
filename : 2453, Label: 10, Prediction: [ 0.96142334  0.02863029  0.00706915]
filename : 246, Label: 29, Prediction: [ 0.62903458  0.3389968   0.01748417]
filename : 2467, Label: 22, Prediction: [ 0.9770596   0.00820399  0.00379642]
filename : 2470, Label: 13, Prediction: [ 0.50792044  0.31215793  0.15307066]
filename : 2477, Label: 12, Prediction: [ 0.72318846  0.09010433  0.03325988]
filename : 2484, Label: 27, Prediction: [ 0.97526306  0.0148013   0.0050018 ]
filename : 2499, Label: 8, Prediction: [  9.97429669e-01   1.37731875e-03   3.88583954e-04]
filename : 251, Label: 12, Prediction: [ 0.87420756  0.10759565  0.0115172 ]
filename : 2515, Label: 2, Prediction: [  9.97907996e-01   6.62429607e-04   6.31482922e-04]
filename : 2523, Label: 28, Prediction: [ 0.78587168  0.10389224  0.04568052]
filename : 2541, Label: 9, Prediction: [ 0.5468322   0.44029376  0.00328912]
filename : 2542, Label: 29, Prediction: [ 0.89295399  0.05406475  0.04429413]
filename : 2553, Label: 24, Prediction: [ 0.46296519  0.24273705  0.14025219]
filename : 2569, Label: 6, Prediction: [ 0.97490758  0.01015407  0.00683008]
filename : 2574, Label: 3, Prediction: [ 0.70421594  0.14615121  0.06361791]
filename : 2580, Label: 8, Prediction: [ 0.68543214  0.1073169   0.06028818]
filename : 2585, Label: 1, Prediction: [ 0.97090828  0.02458717  0.0024926 ]
filename : 26, Label: 13, Prediction: [ 0.92023891  0.03955257  0.01743263]
filename : 2607, Label: 7, Prediction: [ 0.49985009  0.18633881  0.14881599]
filename : 2608, Label: 6, Prediction: [ 0.65720683  0.17737593  0.04615079]
filename : 2618, Label: 17, Prediction: [ 0.82394898  0.08662042  0.04574416]
filename : 2630, Label: 10, Prediction: [ 0.99540848  0.00105921  0.00099677]
filename : 264, Label: 3, Prediction: [ 0.60096097  0.09219238  0.05103762]
filename : 2650, Label: 25, Prediction: [ 0.48997465  0.10996266  0.09792265]
filename : 266, Label: 22, Prediction: [ 0.31312504  0.19281602  0.13687277]
filename : 2668, Label: 7, Prediction: [  9.88995433e-01   8.09291843e-03   7.89527781e-04]
filename : 2675, Label: 11, Prediction: [ 0.94982064  0.02554078  0.00689583]
filename : 2676, Label: 15, Prediction: [ 0.58304667  0.30130476  0.05119256]
filename : 2681, Label: 6, Prediction: [ 0.32792342  0.16895172  0.08560555]
filename : 2686, Label: 12, Prediction: [ 0.4344756   0.24919161  0.09301841]
filename : 2699, Label: 4, Prediction: [ 0.43011299  0.16377173  0.07328398]
filename : 2711, Label: 19, Prediction: [ 0.96093678  0.02300464  0.00855749]
filename : 2726, Label: 8, Prediction: [ 0.8432098  0.1138577  0.0259659]
filename : 2734, Label: 12, Prediction: [ 0.26974842  0.23594314  0.14344001]
filename : 274, Label: 16, Prediction: [ 0.61350566  0.23332885  0.04932038]
filename : 2740, Label: 26, Prediction: [ 0.47877577  0.33711472  0.11848705]
filename : 2750, Label: 24, Prediction: [ 0.92052579  0.04305978  0.01739077]
filename : 2765, Label: 8, Prediction: [ 0.78139156  0.17102854  0.02353971]
filename : 2773, Label: 14, Prediction: [ 0.90080374  0.08477334  0.00634974]
filename : 2789, Label: 19, Prediction: [ 0.54695779  0.27508414  0.11314481]
filename : 2797, Label: 22, Prediction: [ 0.94040632  0.03145098  0.00492843]
filename : 2805, Label: 25, Prediction: [ 0.85880578  0.11647408  0.00676188]
filename : 2813, Label: 5, Prediction: [ 0.40810797  0.28140688  0.09520982]
filename : 2815, Label: 18, Prediction: [ 0.74174237  0.1995057   0.01901966]
filename : 2822, Label: 21, Prediction: [ 0.45934862  0.22599868  0.22340544]
filename : 2830, Label: 27, Prediction: [ 0.48242196  0.09954053  0.0898118 ]
filename : 2838, Label: 2, Prediction: [ 0.62148815  0.1969115   0.10742628]
filename : 2845, Label: 21, Prediction: [ 0.40402478  0.18413506  0.17542595]
filename : 2858, Label: 22, Prediction: [ 0.64162832  0.32067919  0.0191467 ]
filename : 2869, Label: 9, Prediction: [ 0.94122243  0.02640423  0.00989738]
filename : 2877, Label: 3, Prediction: [ 0.28393897  0.230767    0.16514489]
filename : 2878, Label: 25, Prediction: [ 0.40703496  0.26826006  0.09004426]
filename : 2894, Label: 10, Prediction: [ 0.57730663  0.33583471  0.02796457]
filename : 2902, Label: 17, Prediction: [ 0.96528995  0.01461864  0.01082157]
filename : 2912, Label: 13, Prediction: [ 0.99054611  0.00383649  0.00279016]
filename : 292, Label: 28, Prediction: [ 0.85962802  0.06417942  0.06353236]
filename : 293, Label: 27, Prediction: [  9.99990821e-01   5.55424549e-06   3.15543457e-06]
filename : 2940, Label: 8, Prediction: [ 0.41941652  0.27240464  0.11150038]
filename : 2946, Label: 14, Prediction: [ 0.59751666  0.07967959  0.05901475]
filename : 2948, Label: 3, Prediction: [ 0.49691781  0.27735183  0.05325033]
filename : 2956, Label: 21, Prediction: [ 0.98682761  0.00376289  0.00266427]
filename : 2964, Label: 28, Prediction: [ 0.81313246  0.06529012  0.03632217]
filename : 2970, Label: 7, Prediction: [ 0.94147909  0.02009043  0.0114839 ]
filename : 2983, Label: 13, Prediction: [ 0.75887334  0.06474262  0.06260376]
filename : 2993, Label: 17, Prediction: [ 0.70483381  0.17015018  0.04309617]
filename : 3000, Label: 22, Prediction: [ 0.62523752  0.23232502  0.07724548]
filename : 3011, Label: 10, Prediction: [ 0.46366423  0.34297085  0.06792729]
filename : 3013, Label: 26, Prediction: [ 0.74934846  0.10158404  0.08976185]
filename : 3021, Label: 19, Prediction: [ 0.3964498   0.2437209   0.15236619]
filename : 3026, Label: 16, Prediction: [ 0.70253694  0.12189525  0.10668084]
filename : 3034, Label: 18, Prediction: [ 0.96438974  0.02409757  0.00276046]
filename : 3042, Label: 6, Prediction: [ 0.78209841  0.14015824  0.02343843]
filename : 305, Label: 18, Prediction: [ 0.92905676  0.03167722  0.02041093]
filename : 3059, Label: 11, Prediction: [ 0.27950987  0.27111053  0.15132155]
filename : 3063, Label: 3, Prediction: [ 0.46554089  0.11343876  0.08931495]
filename : 3064, Label: 21, Prediction: [ 0.25369591  0.24692775  0.20650297]
filename : 307, Label: 29, Prediction: [ 0.87422204  0.05009524  0.03411328]
filename : 3083, Label: 11, Prediction: [ 0.50913501  0.23501599  0.07860792]
filename : 3091, Label: 10, Prediction: [ 0.79411173  0.18347292  0.00927229]
filename : 31, Label: 10, Prediction: [ 0.85604906  0.09589777  0.02149867]
filename : 3108, Label: 23, Prediction: [ 0.67479748  0.0820146   0.03123225]
filename : 3119, Label: 21, Prediction: [ 0.73635375  0.09011589  0.06712283]
filename : 3125, Label: 19, Prediction: [ 0.73007751  0.13192773  0.04222834]
filename : 3126, Label: 17, Prediction: [ 0.93082654  0.03339519  0.01137515]
filename : 3132, Label: 23, Prediction: [ 0.68363577  0.23583397  0.03061144]
filename : 3139, Label: 2, Prediction: [  9.99888420e-01   2.18519108e-05   2.04161006e-05]
filename : 3148, Label: 25, Prediction: [ 0.5120607   0.43193844  0.02598693]
filename : 3157, Label: 8, Prediction: [ 0.96210271  0.02394973  0.00661919]
filename : 3161, Label: 6, Prediction: [ 0.26057944  0.16189033  0.15245667]
filename : 3168, Label: 16, Prediction: [ 0.72723019  0.22735895  0.01598318]
filename : 3177, Label: 22, Prediction: [ 0.55396861  0.40768501  0.01414519]
filename : 3179, Label: 19, Prediction: [ 0.78279567  0.18227081  0.01741998]
filename : 3187, Label: 17, Prediction: [ 0.9709807   0.02447117  0.00128353]
filename : 3195, Label: 14, Prediction: [ 0.88690919  0.10842715  0.00177301]
filename : 3200, Label: 2, Prediction: [ 0.41649503  0.29234928  0.14257699]
filename : 321, Label: 10, Prediction: [ 0.92493874  0.06313208  0.00481207]
filename : 3218, Label: 25, Prediction: [ 0.53979391  0.19219105  0.13461864]
filename : 3232, Label: 23, Prediction: [  9.99529243e-01   4.15169547e-04   3.17207559e-05]
filename : 3240, Label: 15, Prediction: [ 0.35692325  0.344879    0.11034222]
filename : 3242, Label: 23, Prediction: [ 0.99341559  0.0037111   0.00124613]
filename : 3248, Label: 6, Prediction: [ 0.63845605  0.15190151  0.0633852 ]
filename : 3256, Label: 5, Prediction: [ 0.83015037  0.04745112  0.03872792]
filename : 3262, Label: 7, Prediction: [ 0.79917955  0.08161709  0.02645868]
filename : 3276, Label: 16, Prediction: [ 0.56457829  0.14301114  0.09392904]
filename : 3283, Label: 7, Prediction: [ 0.97926325  0.01171902  0.00575737]
filename : 3291, Label: 22, Prediction: [ 0.52457726  0.25676864  0.09008253]
filename : 3300, Label: 13, Prediction: [ 0.98633611  0.00608066  0.00474262]
filename : 3301, Label: 19, Prediction: [ 0.44381306  0.1553914   0.13178796]
filename : 3310, Label: 29, Prediction: [  9.98556554e-01   3.95472889e-04   3.55812546e-04]
filename : 3322, Label: 8, Prediction: [ 0.49616647  0.30567884  0.09202241]
filename : 3331, Label: 29, Prediction: [ 0.34552583  0.22527488  0.22485544]
filename : 3348, Label: 19, Prediction: [ 0.46965924  0.26072085  0.12393638]
filename : 3352, Label: 10, Prediction: [ 0.82581383  0.03388927  0.02865907]
filename : 3364, Label: 22, Prediction: [ 0.40421611  0.22186293  0.12183193]
filename : 3377, Label: 17, Prediction: [ 0.39640838  0.15826732  0.13362958]
filename : 3380, Label: 1, Prediction: [ 0.42550978  0.29114848  0.07695729]
filename : 339, Label: 25, Prediction: [ 0.67725134  0.10933233  0.08156064]
filename : 3395, Label: 19, Prediction: [ 0.84587967  0.11713786  0.01172232]
filename : 3410, Label: 19, Prediction: [ 0.47348619  0.22634964  0.20803587]
filename : 3416, Label: 6, Prediction: [ 0.60872507  0.10952439  0.09439572]
filename : 3421, Label: 19, Prediction: [ 0.38379198  0.32104012  0.12041716]
filename : 3433, Label: 4, Prediction: [ 0.94886529  0.02033027  0.00927865]
filename : 344, Label: 27, Prediction: [  9.99992490e-01   4.94082406e-06   1.15516048e-06]
filename : 3440, Label: 28, Prediction: [ 0.51756346  0.26943111  0.04439745]
filename : 3448, Label: 16, Prediction: [ 0.78998518  0.05827155  0.04680737]
filename : 3454, Label: 7, Prediction: [ 0.57429111  0.25450769  0.06844679]
filename : 3462, Label: 16, Prediction: [ 0.39159343  0.35022876  0.08653925]
filename : 347, Label: 2, Prediction: [ 0.49495953  0.39699659  0.04213195]
filename : 3474, Label: 3, Prediction: [ 0.75476271  0.17339103  0.02307034]
filename : 3482, Label: 1, Prediction: [ 0.68439817  0.29607719  0.00949977]
filename : 3489, Label: 23, Prediction: [ 0.65123397  0.31171468  0.01127314]
filename : 3491, Label: 14, Prediction: [ 0.22370316  0.14207618  0.13649863]
filename : 350, Label: 2, Prediction: [ 0.75635815  0.18435544  0.04184965]
filename : 3506, Label: 28, Prediction: [ 0.25781545  0.22797363  0.14026049]
filename : 3519, Label: 18, Prediction: [ 0.37267578  0.28858602  0.21152373]
filename : 3523, Label: 17, Prediction: [ 0.48676348  0.23177181  0.16826865]
filename : 3535, Label: 5, Prediction: [ 0.74054277  0.23713836  0.00826771]
filename : 3547, Label: 25, Prediction: [ 0.84799337  0.06711187  0.02154672]
filename : 3551, Label: 7, Prediction: [ 0.58737385  0.18412773  0.07875706]
filename : 3553, Label: 14, Prediction: [ 0.89232194  0.06473818  0.01736559]
filename : 3561, Label: 21, Prediction: [ 0.86071175  0.08338323  0.02218867]
filename : 357, Label: 29, Prediction: [ 0.99104756  0.00435391  0.0018904 ]
filename : 3581, Label: 19, Prediction: [ 0.82665676  0.09018036  0.05836725]
filename : 3589, Label: 7, Prediction: [ 0.63230836  0.35045692  0.01173074]
filename : 3596, Label: 8, Prediction: [ 0.98501498  0.00411874  0.00343534]
filename : 3605, Label: 25, Prediction: [ 0.83748817  0.03670079  0.02816056]
filename : 3614, Label: 22, Prediction: [ 0.99309689  0.00156779  0.00105856]
filename : 3616, Label: 5, Prediction: [ 0.24374945  0.16506433  0.1471425 ]
filename : 3630, Label: 10, Prediction: [ 0.36046621  0.29591218  0.09681469]
filename : 3645, Label: 16, Prediction: [ 0.97589749  0.01180813  0.00318635]
filename : 3650, Label: 9, Prediction: [ 0.97772479  0.00361772  0.00340758]
filename : 3657, Label: 29, Prediction: [ 0.53762674  0.24153847  0.11108831]
filename : 3668, Label: 23, Prediction: [ 0.74670225  0.15852259  0.03180264]
filename : 3676, Label: 5, Prediction: [ 0.76332486  0.1932119   0.01568794]
filename : 3682, Label: 4, Prediction: [ 0.26770759  0.26236394  0.10966027]
filename : 3686, Label: 24, Prediction: [ 0.30064514  0.23363608  0.20467807]
filename : 3693, Label: 12, Prediction: [ 0.40975913  0.29025209  0.26748544]
filename : 3706, Label: 27, Prediction: [ 0.98890734  0.00379374  0.00232163]
filename : 3714, Label: 22, Prediction: [ 0.95807165  0.0243414   0.00472779]
filename : 3727, Label: 17, Prediction: [  9.81409073e-01   1.84421968e-02   9.42641418e-05]
filename : 3733, Label: 4, Prediction: [ 0.57308191  0.19711913  0.09774946]
filename : 3742, Label: 23, Prediction: [ 0.63380408  0.23301144  0.03021411]
filename : 3749, Label: 8, Prediction: [ 0.77193612  0.11210516  0.10534431]
filename : 375, Label: 16, Prediction: [ 0.53703761  0.34571478  0.07857919]
filename : 376, Label: 21, Prediction: [ 0.60782737  0.3219561   0.05076844]
filename : 3764, Label: 4, Prediction: [ 0.67350006  0.12461255  0.08214328]
filename : 3770, Label: 26, Prediction: [ 0.50617284  0.280956    0.08159513]
filename : 3780, Label: 22, Prediction: [ 0.38159025  0.19651656  0.16675906]
filename : 3793, Label: 28, Prediction: [ 0.31987005  0.25963682  0.14434427]
filename : 380, Label: 13, Prediction: [ 0.84231091  0.13556027  0.01343251]
filename : 3808, Label: 12, Prediction: [ 0.35898399  0.22438292  0.17359881]
filename : 381, Label: 7, Prediction: [  9.85667706e-01   1.32484185e-02   4.91716026e-04]
filename : 3828, Label: 16, Prediction: [ 0.86728227  0.10514191  0.01629263]
filename : 384, Label: 13, Prediction: [ 0.96906561  0.02692126  0.00132408]
filename : 3847, Label: 23, Prediction: [ 0.9665696   0.02071392  0.00752724]
filename : 386, Label: 3, Prediction: [ 0.72467297  0.09274425  0.06810531]
filename : 387, Label: 13, Prediction: [ 0.72090679  0.2537455   0.02017277]
filename : 388, Label: 25, Prediction: [ 0.5073877   0.23073533  0.22571331]
filename : 3890, Label: 22, Prediction: [  9.93142068e-01   3.04873753e-03   9.87191102e-04]
filename : 3891, Label: 23, Prediction: [ 0.9425329   0.0345544   0.01595061]
filename : 3902, Label: 6, Prediction: [ 0.73591906  0.05188722  0.04859282]
filename : 3915, Label: 6, Prediction: [ 0.9796164   0.0080871   0.00621401]
filename : 3923, Label: 29, Prediction: [ 0.83263683  0.04624938  0.03566756]
filename : 3929, Label: 5, Prediction: [ 0.5166387   0.37468073  0.04982836]
filename : 3938, Label: 5, Prediction: [ 0.94679856  0.01448303  0.0133977 ]
filename : 3950, Label: 8, Prediction: [ 0.61388958  0.31976262  0.02940064]
filename : 3957, Label: 7, Prediction: [ 0.46929643  0.45751059  0.02691641]
filename : 3958, Label: 29, Prediction: [ 0.97091132  0.01595427  0.00914058]
filename : 3964, Label: 7, Prediction: [ 0.92544192  0.02624049  0.01034315]
filename : 3973, Label: 6, Prediction: [ 0.83947527  0.03179098  0.02568978]
filename : 3979, Label: 8, Prediction: [ 0.668836    0.22414464  0.02724655]
filename : 399, Label: 1, Prediction: [ 0.62344414  0.17410514  0.13946879]
filename : 400, Label: 13, Prediction: [ 0.59203076  0.38273934  0.01035068]
filename : 4012, Label: 2, Prediction: [ 0.42146981  0.37854505  0.08204827]
filename : 4024, Label: 22, Prediction: [ 0.5934146   0.16760108  0.11955511]
filename : 4027, Label: 28, Prediction: [ 0.53328824  0.379044    0.03151652]
filename : 4032, Label: 29, Prediction: [ 0.25580826  0.2358748   0.15734901]
filename : 4041, Label: 29, Prediction: [ 0.96770692  0.0100775   0.00988648]
filename : 4052, Label: 2, Prediction: [ 0.9655385   0.01141117  0.00852285]
filename : 4062, Label: 23, Prediction: [ 0.38195565  0.22278997  0.15739574]
filename : 4068, Label: 26, Prediction: [ 0.65988684  0.25542113  0.05434133]
filename : 4074, Label: 19, Prediction: [ 0.62750006  0.30995518  0.03492274]
filename : 4080, Label: 29, Prediction: [ 0.63784426  0.25344321  0.09864965]
filename : 4081, Label: 11, Prediction: [ 0.52961653  0.22493999  0.07233117]
filename : 4089, Label: 5, Prediction: [ 0.52923137  0.20520703  0.14481182]
filename : 4099, Label: 7, Prediction: [ 0.96421599  0.01773753  0.01309573]
filename : 4103, Label: 21, Prediction: [ 0.59352553  0.22728761  0.09071158]
filename : 411, Label: 8, Prediction: [  9.92098093e-01   5.31312451e-03   6.77580945e-04]
filename : 4115, Label: 17, Prediction: [ 0.57344788  0.31080809  0.05166131]
filename : 4124, Label: 18, Prediction: [ 0.65245068  0.26253617  0.05946543]
filename : 413, Label: 12, Prediction: [  9.97678459e-01   4.85167926e-04   3.66484601e-04]
filename : 4132, Label: 16, Prediction: [ 0.95889282  0.01753861  0.00901378]
filename : 4142, Label: 16, Prediction: [ 0.52670795  0.07603123  0.07386674]
filename : 4150, Label: 27, Prediction: [  9.99998569e-01   5.20394849e-07   4.45393312e-07]
filename : 4167, Label: 12, Prediction: [ 0.40948105  0.40323761  0.07894026]
filename : 4181, Label: 2, Prediction: [ 0.98347694  0.00748228  0.00228625]
filename : 4189, Label: 4, Prediction: [ 0.57428241  0.1536108   0.08627242]
filename : 4202, Label: 3, Prediction: [ 0.83632541  0.12640755  0.00924341]
filename : 4214, Label: 6, Prediction: [ 0.7859447   0.05425812  0.04718225]
filename : 4216, Label: 28, Prediction: [ 0.54937494  0.2265233   0.09284412]
filename : 4229, Label: 11, Prediction: [ 0.8727318   0.07903406  0.03609886]
filename : 4235, Label: 12, Prediction: [  9.91912365e-01   5.19458018e-03   8.58358457e-04]
filename : 4245, Label: 19, Prediction: [ 0.75489134  0.06948376  0.05128399]
filename : 4257, Label: 10, Prediction: [ 0.66195267  0.0690343   0.04538269]
filename : 4264, Label: 16, Prediction: [ 0.99096304  0.003088    0.00307583]
filename : 428, Label: 4, Prediction: [ 0.57934791  0.21436463  0.11291087]
filename : 4289, Label: 24, Prediction: [ 0.57725388  0.22176589  0.15607592]
filename : 429, Label: 5, Prediction: [ 0.3950845   0.18314002  0.09976652]
filename : 4300, Label: 8, Prediction: [  9.88018632e-01   9.88773163e-03   7.50597566e-04]
filename : 4313, Label: 6, Prediction: [ 0.54475349  0.13491155  0.11680423]
filename : 4321, Label: 3, Prediction: [ 0.53861356  0.09829517  0.09214669]
filename : 4334, Label: 21, Prediction: [ 0.76036495  0.0852582   0.06595124]
filename : 4347, Label: 11, Prediction: [ 0.51017058  0.23171036  0.10659115]
filename : 4355, Label: 14, Prediction: [ 0.4980028   0.3274487   0.08587163]
filename : 4361, Label: 26, Prediction: [ 0.76071417  0.21467304  0.01219077]
filename : 4362, Label: 29, Prediction: [ 0.63225609  0.32844937  0.02265183]
filename : 4372, Label: 23, Prediction: [ 0.78106904  0.09431607  0.08556346]
filename : 4385, Label: 9, Prediction: [ 0.61781687  0.1448884   0.06044845]
filename : 4394, Label: 26, Prediction: [ 0.95501357  0.02351614  0.00918987]
filename : 440, Label: 25, Prediction: [ 0.95554805  0.01780803  0.01035293]
filename : 4407, Label: 20, Prediction: [ 0.43936679  0.3500123   0.09654657]
filename : 4415, Label: 11, Prediction: [ 0.48472425  0.37186256  0.07435857]
filename : 4432, Label: 27, Prediction: [ 0.50877702  0.3582055   0.05098519]
filename : 4433, Label: 11, Prediction: [ 0.96850812  0.02240412  0.00566255]
filename : 4441, Label: 11, Prediction: [ 0.46278727  0.1624327   0.13252151]
filename : 4453, Label: 4, Prediction: [ 0.89680439  0.0285289   0.020166  ]
filename : 4469, Label: 12, Prediction: [ 0.44597381  0.23571511  0.1747939 ]
filename : 4478, Label: 24, Prediction: [ 0.80386734  0.06225814  0.05497613]
filename : 4489, Label: 16, Prediction: [ 0.60223973  0.30505452  0.0344195 ]
filename : 4506, Label: 7, Prediction: [  9.96209621e-01   1.92155305e-03   4.97325382e-04]
filename : 4516, Label: 12, Prediction: [ 0.51468474  0.18955578  0.06227718]
filename : 4518, Label: 18, Prediction: [ 0.99492526  0.00321279  0.00099661]
filename : 4527, Label: 14, Prediction: [ 0.65567029  0.26098815  0.03480316]
filename : 4538, Label: 29, Prediction: [  9.95828450e-01   1.63271686e-03   8.15319770e-04]
filename : 4549, Label: 27, Prediction: [ 0.34951797  0.20198785  0.11311044]
filename : 4555, Label: 6, Prediction: [ 0.91015249  0.02652166  0.01915888]
filename : 4567, Label: 2, Prediction: [ 0.77185458  0.0929507   0.05458933]
filename : 4572, Label: 27, Prediction: [ 0.34428516  0.26889947  0.12431828]
filename : 4586, Label: 10, Prediction: [ 0.90304762  0.08423562  0.00510964]
filename : 4587, Label: 29, Prediction: [ 0.71056312  0.09746772  0.09017588]
filename : 4599, Label: 25, Prediction: [ 0.40410733  0.2764999   0.08474129]
filename : 4608, Label: 10, Prediction: [ 0.89176881  0.07659704  0.01779304]
filename : 462, Label: 2, Prediction: [ 0.99078357  0.00288397  0.00166514]
filename : 4629, Label: 21, Prediction: [ 0.57939792  0.2393093   0.0764009 ]
filename : 4633, Label: 26, Prediction: [ 0.91801429  0.0535049   0.00602379]
filename : 4645, Label: 27, Prediction: [ 0.98512739  0.00351035  0.00340318]
filename : 4650, Label: 24, Prediction: [ 0.32083282  0.22896886  0.11086776]
filename : 4651, Label: 19, Prediction: [ 0.5047313   0.15465538  0.14351629]
filename : 4661, Label: 28, Prediction: [ 0.42720753  0.20521571  0.14429444]
filename : 467, Label: 2, Prediction: [ 0.47626218  0.18720378  0.15562057]
filename : 4680, Label: 24, Prediction: [ 0.9652102   0.01608778  0.00617425]
filename : 4695, Label: 12, Prediction: [ 0.98695612  0.00741072  0.00215548]
filename : 4705, Label: 21, Prediction: [ 0.25091991  0.20193334  0.18248199]
filename : 4719, Label: 6, Prediction: [ 0.41693011  0.28428072  0.20070277]
filename : 4729, Label: 5, Prediction: [ 0.64436191  0.16667971  0.1176153 ]
filename : 473, Label: 10, Prediction: [ 0.50606191  0.38832548  0.02174352]
filename : 4738, Label: 6, Prediction: [ 0.834822    0.07489114  0.02900896]
filename : 4744, Label: 1, Prediction: [ 0.88508284  0.03056693  0.02348027]
filename : 4758, Label: 20, Prediction: [ 0.89752471  0.03377976  0.03034125]
filename : 4770, Label: 4, Prediction: [ 0.68618059  0.1845957   0.10642143]
filename : 4775, Label: 25, Prediction: [ 0.84604049  0.12528461  0.00986981]
filename : 4780, Label: 19, Prediction: [ 0.44794348  0.39176881  0.08226368]
filename : 4788, Label: 29, Prediction: [ 0.80965376  0.08456496  0.04295253]
filename : 4789, Label: 24, Prediction: [ 0.94047016  0.03189597  0.01031103]
filename : 4796, Label: 4, Prediction: [ 0.2284146   0.20933032  0.17408997]
filename : 4811, Label: 11, Prediction: [  8.33948195e-01   1.64107010e-01   4.03572369e-04]
filename : 4821, Label: 14, Prediction: [ 0.44359055  0.16835107  0.125422  ]
filename : 4829, Label: 12, Prediction: [ 0.93562531  0.01347366  0.01130156]
filename : 4838, Label: 6, Prediction: [ 0.26430887  0.19653609  0.13220069]
filename : 4844, Label: 11, Prediction: [ 0.72696733  0.18282495  0.0436344 ]
filename : 4854, Label: 26, Prediction: [ 0.79691046  0.05987144  0.03754672]
filename : 486, Label: 19, Prediction: [ 0.67598021  0.14332668  0.09190919]
filename : 4867, Label: 19, Prediction: [ 0.45519957  0.20299773  0.15909286]
filename : 4874, Label: 3, Prediction: [ 0.54399157  0.21630147  0.1303806 ]
filename : 4882, Label: 2, Prediction: [ 0.35371152  0.19532977  0.10629211]
filename : 4890, Label: 13, Prediction: [ 0.94720578  0.04751206  0.00296508]
filename : 4905, Label: 29, Prediction: [ 0.99592042  0.00184083  0.00128241]
filename : 4914, Label: 23, Prediction: [ 0.66109324  0.21176112  0.07371164]
filename : 4921, Label: 16, Prediction: [ 0.92867285  0.01893401  0.01806578]
filename : 4922, Label: 12, Prediction: [ 0.71439803  0.07568053  0.05127479]
filename : 493, Label: 5, Prediction: [ 0.28022197  0.22749032  0.1623618 ]
filename : 4940, Label: 18, Prediction: [ 0.93953657  0.01746304  0.01117086]
filename : 4952, Label: 2, Prediction: [ 0.99347937  0.00297863  0.00142297]
filename : 4963, Label: 6, Prediction: [ 0.47849861  0.19933482  0.1568395 ]
filename : 4972, Label: 21, Prediction: [ 0.49470028  0.39710099  0.02100654]
filename : 4981, Label: 7, Prediction: [  9.86175716e-01   1.19938450e-02   6.22499792e-04]
filename : 4989, Label: 17, Prediction: [ 0.41555247  0.41206819  0.05676994]
filename : 499, Label: 26, Prediction: [ 0.23549944  0.19146597  0.1884623 ]
filename : 50, Label: 22, Prediction: [ 0.75450629  0.09046812  0.05454149]
filename : 5006, Label: 19, Prediction: [ 0.36248854  0.3406356   0.06177028]
filename : 5017, Label: 24, Prediction: [ 0.46471652  0.35106727  0.06401886]
filename : 5026, Label: 22, Prediction: [ 0.58691382  0.14587396  0.12727015]
filename : 5034, Label: 8, Prediction: [ 0.31830025  0.26879334  0.23359698]
filename : 5044, Label: 12, Prediction: [ 0.98373771  0.00877947  0.00317414]
filename : 5055, Label: 2, Prediction: [ 0.49416414  0.12890063  0.08158695]
filename : 5057, Label: 17, Prediction: [ 0.75493962  0.13586779  0.07759178]
filename : 5067, Label: 1, Prediction: [ 0.45989242  0.3368631   0.147503  ]
filename : 5082, Label: 27, Prediction: [  9.99978542e-01   1.09171133e-05   6.23316828e-06]
filename : 5088, Label: 8, Prediction: [ 0.38078102  0.38011342  0.08059105]
filename : 5093, Label: 4, Prediction: [ 0.46815085  0.37108466  0.07071464]
filename : 5101, Label: 10, Prediction: [ 0.95817661  0.01044571  0.01022422]
filename : 5109, Label: 16, Prediction: [ 0.81988764  0.14689483  0.01654596]
filename : 5119, Label: 26, Prediction: [ 0.66447514  0.06770892  0.06768701]
filename : 5121, Label: 8, Prediction: [ 0.53061926  0.27227148  0.04806969]
filename : 5130, Label: 24, Prediction: [ 0.96502888  0.00687505  0.0054479 ]
filename : 5140, Label: 27, Prediction: [ 0.39963895  0.39563632  0.0592509 ]
filename : 515, Label: 21, Prediction: [ 0.50943577  0.11322889  0.08474205]
filename : 5160, Label: 26, Prediction: [ 0.33669856  0.2549012   0.22245777]
filename : 5169, Label: 16, Prediction: [ 0.59167469  0.28239277  0.06438605]
filename : 5176, Label: 10, Prediction: [ 0.39750776  0.32526675  0.12466224]
filename : 5182, Label: 29, Prediction: [ 0.94679773  0.01759205  0.00890289]
filename : 5186, Label: 28, Prediction: [ 0.98786271  0.00587188  0.00316821]
filename : 5192, Label: 26, Prediction: [ 0.27854487  0.11449162  0.10536812]
filename : 520, Label: 7, Prediction: [ 0.849711    0.04636174  0.03635817]
filename : 5205, Label: 3, Prediction: [ 0.98211116  0.01014143  0.00475565]
filename : 5215, Label: 2, Prediction: [  9.98401225e-01   1.34076469e-03   9.07297217e-05]
filename : 5224, Label: 29, Prediction: [ 0.95462245  0.02096043  0.01248379]
filename : 5237, Label: 5, Prediction: [ 0.55043548  0.3224875   0.05895494]
filename : 5249, Label: 28, Prediction: [ 0.92055297  0.07344648  0.0033707 ]
filename : 525, Label: 22, Prediction: [ 0.3367081   0.18288718  0.12346796]
filename : 5259, Label: 14, Prediction: [ 0.7534101   0.06255085  0.06136649]
filename : 5266, Label: 28, Prediction: [ 0.55357862  0.29846841  0.07957158]
filename : 5274, Label: 29, Prediction: [ 0.82662672  0.0373686   0.03587282]
filename : 5282, Label: 29, Prediction: [ 0.29983604  0.24126606  0.08527351]
filename : 5299, Label: 25, Prediction: [ 0.35711133  0.20870997  0.15573542]
filename : 5309, Label: 21, Prediction: [ 0.5914312   0.32674524  0.03643129]
filename : 5317, Label: 25, Prediction: [ 0.30628458  0.24091817  0.08543343]
filename : 5320, Label: 26, Prediction: [ 0.23466009  0.12380786  0.10735162]
filename : 5326, Label: 22, Prediction: [ 0.4184083   0.32106164  0.06850789]
filename : 5337, Label: 17, Prediction: [ 0.93808734  0.0583782   0.00234982]
filename : 5341, Label: 2, Prediction: [ 0.8439042   0.09163761  0.04106715]
filename : 5352, Label: 2, Prediction: [ 0.41942012  0.40593088  0.05805226]
filename : 5363, Label: 27, Prediction: [ 0.93140656  0.02758983  0.01327248]
filename : 5375, Label: 9, Prediction: [ 0.79256457  0.13108167  0.02195024]
filename : 5386, Label: 13, Prediction: [ 0.86335707  0.09810567  0.02509652]
filename : 539, Label: 25, Prediction: [ 0.42051938  0.180407    0.11031089]
filename : 540, Label: 8, Prediction: [ 0.97810125  0.0064516   0.00481891]
filename : 5405, Label: 4, Prediction: [ 0.8298226   0.06379552  0.03980312]
filename : 541, Label: 21, Prediction: [ 0.7990272   0.10219708  0.0172976 ]
filename : 5415, Label: 20, Prediction: [ 0.5052377   0.19369827  0.08713968]
filename : 5420, Label: 18, Prediction: [ 0.59175408  0.24597749  0.07297196]
filename : 5430, Label: 25, Prediction: [ 0.60861033  0.20141169  0.08687542]
filename : 5440, Label: 27, Prediction: [ 0.98627901  0.00730959  0.00369877]
filename : 5441, Label: 14, Prediction: [ 0.358798    0.33904439  0.05765253]
filename : 5453, Label: 27, Prediction: [ 0.48857191  0.23500502  0.18978801]
filename : 5458, Label: 15, Prediction: [ 0.44128078  0.318831    0.05670493]
filename : 5464, Label: 27, Prediction: [ 0.80497766  0.05221428  0.04478128]
filename : 5470, Label: 21, Prediction: [ 0.46938494  0.38068649  0.03736839]
filename : 5479, Label: 12, Prediction: [ 0.97522688  0.01026937  0.00665557]
filename : 5489, Label: 16, Prediction: [ 0.84559864  0.12341553  0.0138065 ]
filename : 5495, Label: 2, Prediction: [ 0.77952999  0.11718861  0.03529866]
filename : 5496, Label: 11, Prediction: [ 0.69248313  0.12755044  0.059099  ]
filename : 5501, Label: 16, Prediction: [ 0.92866832  0.02721304  0.0086771 ]
filename : 5507, Label: 19, Prediction: [ 0.93575704  0.01648382  0.00990535]
filename : 5517, Label: 20, Prediction: [ 0.33028662  0.24301429  0.22145545]
filename : 5524, Label: 5, Prediction: [ 0.42294645  0.13171786  0.07619451]
filename : 5533, Label: 14, Prediction: [ 0.73421478  0.18513493  0.01854314]
filename : 5543, Label: 22, Prediction: [ 0.81782043  0.14703251  0.01626838]
filename : 5555, Label: 18, Prediction: [ 0.95828134  0.02228164  0.01045117]
filename : 5557, Label: 17, Prediction: [ 0.58341652  0.10991347  0.07735124]
filename : 5563, Label: 20, Prediction: [ 0.45704034  0.21376961  0.1283633 ]
filename : 5569, Label: 4, Prediction: [ 0.73888129  0.24668796  0.00542736]
filename : 5573, Label: 2, Prediction: [ 0.96684831  0.02085348  0.00838504]
filename : 5583, Label: 23, Prediction: [ 0.37175828  0.28566626  0.23025094]
filename : 559, Label: 22, Prediction: [ 0.57636857  0.24802154  0.15514155]
filename : 5598, Label: 12, Prediction: [ 0.69756806  0.10477108  0.06406886]
filename : 5606, Label: 19, Prediction: [ 0.83005387  0.10624225  0.01660061]
filename : 5607, Label: 5, Prediction: [ 0.98559976  0.00784118  0.00246364]
filename : 5615, Label: 9, Prediction: [ 0.57900673  0.39242455  0.00624006]
filename : 562, Label: 23, Prediction: [ 0.57299155  0.29856199  0.03845824]
filename : 5627, Label: 16, Prediction: [ 0.84924346  0.10532357  0.01939496]
filename : 5633, Label: 27, Prediction: [  9.91465926e-01   8.41970276e-03   2.95786631e-05]
filename : 5641, Label: 22, Prediction: [ 0.27114862  0.24782361  0.24068925]
filename : 5650, Label: 22, Prediction: [ 0.72324681  0.22296719  0.0297297 ]
filename : 5659, Label: 27, Prediction: [ 0.77293664  0.13276669  0.04287285]
filename : 566, Label: 14, Prediction: [ 0.1720992   0.11963471  0.10083073]
filename : 5665, Label: 10, Prediction: [  9.97642577e-01   1.37006596e-03   1.93319662e-04]
filename : 568, Label: 16, Prediction: [ 0.40656215  0.2247539   0.17474207]
filename : 5689, Label: 12, Prediction: [ 0.70802408  0.14129344  0.06618497]
filename : 570, Label: 2, Prediction: [ 0.66732591  0.12427822  0.09106862]
filename : 5708, Label: 13, Prediction: [ 0.96834129  0.02873085  0.00114864]
filename : 5717, Label: 25, Prediction: [ 0.92915505  0.04515248  0.0140685 ]
filename : 5722, Label: 1, Prediction: [ 0.41430944  0.32779545  0.09516052]
filename : 5724, Label: 25, Prediction: [ 0.50802583  0.3199513   0.06327277]
filename : 5730, Label: 7, Prediction: [ 0.99338657  0.00463255  0.00136969]
filename : 5738, Label: 12, Prediction: [ 0.57039201  0.14124663  0.09980737]
filename : 5747, Label: 19, Prediction: [ 0.58715397  0.28151336  0.06238595]
filename : 5757, Label: 8, Prediction: [  9.98509824e-01   1.16055156e-03   1.11661968e-04]
filename : 5771, Label: 22, Prediction: [ 0.77034593  0.21202053  0.01215628]
filename : 5783, Label: 16, Prediction: [ 0.4253239   0.26391014  0.12642914]
filename : 580, Label: 21, Prediction: [ 0.54531616  0.20334382  0.08323673]
filename : 5800, Label: 14, Prediction: [ 0.95172489  0.03529407  0.00447482]
filename : 5809, Label: 16, Prediction: [ 0.73014158  0.15738446  0.05280932]
filename : 5818, Label: 12, Prediction: [ 0.84801245  0.09949391  0.01454551]
filename : 5828, Label: 26, Prediction: [ 0.37216926  0.36476848  0.1445988 ]
filename : 5833, Label: 6, Prediction: [ 0.92583668  0.04395972  0.01478379]
filename : 5848, Label: 5, Prediction: [ 0.98853368  0.00446751  0.00272951]
filename : 5855, Label: 7, Prediction: [ 0.42644095  0.19027063  0.08509549]
filename : 5866, Label: 13, Prediction: [ 0.48966455  0.46070325  0.03133387]
filename : 5868, Label: 26, Prediction: [ 0.44168016  0.24641247  0.20872249]
filename : 5875, Label: 1, Prediction: [ 0.34650177  0.15300539  0.08165676]
filename : 5886, Label: 23, Prediction: [ 0.8564086   0.03987348  0.03543837]
filename : 5897, Label: 4, Prediction: [ 0.60161018  0.21037403  0.08930967]
filename : 5904, Label: 14, Prediction: [ 0.74449378  0.19130844  0.04211466]
filename : 5915, Label: 19, Prediction: [ 0.80775744  0.07417604  0.03562791]
filename : 5928, Label: 23, Prediction: [ 0.50585991  0.20313977  0.11017212]
filename : 5935, Label: 13, Prediction: [ 0.91611814  0.06835379  0.00763658]
filename : 5936, Label: 3, Prediction: [ 0.41056132  0.15258364  0.10117823]
filename : 5942, Label: 22, Prediction: [ 0.99478698  0.00161447  0.00132043]
filename : 5952, Label: 7, Prediction: [ 0.908925    0.03568014  0.02675668]
filename : 5961, Label: 23, Prediction: [ 0.33492535  0.22338235  0.1610029 ]
filename : 5969, Label: 27, Prediction: [ 0.73258322  0.15516222  0.05686378]
filename : 5985, Label: 11, Prediction: [ 0.96490413  0.01858239  0.00430567]
filename : 5992, Label: 24, Prediction: [ 0.37384626  0.22218932  0.07009118]
filename : 5998, Label: 21, Prediction: [ 0.8159951   0.09553015  0.03718798]
filename : 6, Label: 12, Prediction: [ 0.26022086  0.23068896  0.15885006]
filename : 613, Label: 5, Prediction: [  9.97414708e-01   1.19591912e-03   7.03371887e-04]
filename : 622, Label: 19, Prediction: [ 0.80917549  0.05154931  0.04569928]
filename : 629, Label: 5, Prediction: [ 0.94730079  0.02222568  0.00853367]
filename : 636, Label: 29, Prediction: [ 0.97764164  0.01281917  0.0029357 ]
filename : 645, Label: 21, Prediction: [ 0.46481982  0.37704211  0.09151438]
filename : 658, Label: 17, Prediction: [ 0.98488957  0.00337464  0.00331242]
filename : 663, Label: 24, Prediction: [ 0.47482291  0.18480569  0.08488086]
filename : 665, Label: 27, Prediction: [ 0.71412861  0.26480806  0.00990654]
filename : 670, Label: 23, Prediction: [ 0.70050746  0.20493026  0.0267181 ]
filename : 680, Label: 4, Prediction: [ 0.6394732   0.28557238  0.0393651 ]
filename : 691, Label: 23, Prediction: [ 0.49857771  0.19319788  0.12420453]
filename : 701, Label: 28, Prediction: [ 0.73402441  0.26012895  0.00177271]
filename : 711, Label: 3, Prediction: [ 0.53305495  0.26922524  0.13224903]
filename : 718, Label: 27, Prediction: [ 0.49370471  0.47813103  0.02704166]
filename : 725, Label: 9, Prediction: [ 0.85566878  0.12555748  0.00317312]
filename : 727, Label: 7, Prediction: [ 0.33304474  0.30072299  0.14273643]
filename : 735, Label: 25, Prediction: [ 0.64748329  0.11651118  0.07716596]
filename : 746, Label: 18, Prediction: [  9.87059236e-01   1.18803009e-02   8.15268315e-04]
filename : 753, Label: 14, Prediction: [ 0.49892798  0.28021306  0.11883206]
filename : 762, Label: 22, Prediction: [ 0.59023452  0.2219588   0.07078755]
filename : 772, Label: 7, Prediction: [ 0.68478912  0.26737154  0.02310004]
filename : 780, Label: 5, Prediction: [ 0.51878172  0.24573176  0.20407933]
filename : 787, Label: 14, Prediction: [ 0.24405074  0.21254423  0.14978972]
filename : 790, Label: 26, Prediction: [ 0.55840898  0.09224529  0.08594824]
filename : 8, Label: 6, Prediction: [ 0.5835917   0.28087425  0.04761493]
filename : 808, Label: 7, Prediction: [ 0.56745285  0.41165707  0.00995364]
filename : 82, Label: 21, Prediction: [ 0.38502741  0.15118019  0.14659323]
filename : 828, Label: 11, Prediction: [ 0.29755649  0.27989173  0.11629921]
filename : 837, Label: 29, Prediction: [ 0.95465958  0.02777104  0.00572465]
filename : 844, Label: 26, Prediction: [ 0.36656731  0.36361694  0.09194412]
filename : 853, Label: 29, Prediction: [ 0.22958246  0.22142193  0.21855178]
filename : 854, Label: 21, Prediction: [ 0.30649537  0.11916263  0.09450886]
filename : 864, Label: 27, Prediction: [ 0.76513493  0.11285703  0.05133753]
filename : 871, Label: 2, Prediction: [ 0.56194454  0.12902135  0.10702721]
filename : 880, Label: 25, Prediction: [ 0.35275525  0.08855043  0.06817575]
filename : 890, Label: 8, Prediction: [ 0.2833209   0.24003285  0.23853984]
filename : 90, Label: 8, Prediction: [ 0.46266168  0.22983839  0.22386672]
filename : 905, Label: 10, Prediction: [ 0.98062176  0.01087037  0.00295095]
filename : 910, Label: 16, Prediction: [ 0.41245919  0.21742655  0.11727168]
filename : 911, Label: 4, Prediction: [ 0.53680074  0.12864524  0.06658953]
filename : 922, Label: 16, Prediction: [ 0.97924888  0.01078976  0.00868534]
filename : 932, Label: 29, Prediction: [ 0.90699744  0.03398693  0.01876897]
filename : 939, Label: 16, Prediction: [ 0.62890857  0.19760002  0.0549264 ]
filename : 949, Label: 14, Prediction: [ 0.91511965  0.05740939  0.01525132]
filename : 958, Label: 29, Prediction: [ 0.73700035  0.05185803  0.05041476]
filename : 966, Label: 6, Prediction: [ 0.66535306  0.26364774  0.03371517]
filename : 975, Label: 17, Prediction: [ 0.89060569  0.03443697  0.02653889]
