filename : 10, Label: 27, Prediction: [ 0.83508587  0.08461527  0.01643439]
filename : 1005, Label: 29, Prediction: [ 0.67461842  0.17796567  0.05426947]
filename : 1013, Label: 15, Prediction: [ 0.29752478  0.21465731  0.08991873]
filename : 1021, Label: 29, Prediction: [ 0.65359139  0.21052544  0.06542014]
filename : 103, Label: 14, Prediction: [ 0.47310394  0.18245733  0.11950135]
filename : 1037, Label: 13, Prediction: [  7.72451520e-01   2.26068392e-01   4.94804000e-04]
filename : 1048, Label: 4, Prediction: [ 0.82218289  0.09424905  0.02958722]
filename : 1059, Label: 4, Prediction: [ 0.52270019  0.15277845  0.13375191]
filename : 106, Label: 22, Prediction: [ 0.7848295   0.10804593  0.1050409 ]
filename : 1070, Label: 27, Prediction: [  9.99425530e-01   2.11871738e-04   1.70396728e-04]
filename : 1078, Label: 4, Prediction: [ 0.82150376  0.06288193  0.0595148 ]
filename : 1086, Label: 15, Prediction: [ 0.53719872  0.34771186  0.07509603]
filename : 1093, Label: 8, Prediction: [ 0.45364934  0.19471347  0.18781549]
filename : 1102, Label: 24, Prediction: [ 0.71064234  0.27584752  0.0036635 ]
filename : 1113, Label: 7, Prediction: [ 0.91750413  0.02370365  0.01297466]
filename : 1122, Label: 19, Prediction: [ 0.45554015  0.17511241  0.14107689]
filename : 1128, Label: 15, Prediction: [ 0.39581677  0.11943419  0.09821054]
filename : 1138, Label: 11, Prediction: [  9.98474658e-01   1.45766255e-03   4.37957315e-05]
filename : 1145, Label: 14, Prediction: [ 0.96218234  0.01120306  0.00603089]
filename : 1154, Label: 23, Prediction: [ 0.73156261  0.11508776  0.07126121]
filename : 1168, Label: 15, Prediction: [ 0.87996852  0.03909093  0.02037371]
filename : 118, Label: 24, Prediction: [ 0.74648678  0.24851164  0.00103502]
filename : 1187, Label: 13, Prediction: [ 0.42409495  0.25494504  0.24448472]
filename : 1194, Label: 3, Prediction: [ 0.76172841  0.09177712  0.07328473]
filename : 1196, Label: 13, Prediction: [ 0.64586031  0.14278604  0.07123069]
filename : 1202, Label: 13, Prediction: [ 0.58763891  0.31242517  0.08709677]
filename : 1213, Label: 6, Prediction: [ 0.82159144  0.08940401  0.03744506]
filename : 1222, Label: 29, Prediction: [ 0.94876325  0.02944652  0.006476  ]
filename : 1230, Label: 6, Prediction: [ 0.40734434  0.1102419   0.10697893]
filename : 124, Label: 26, Prediction: [ 0.41582111  0.25915077  0.14285879]
filename : 1248, Label: 24, Prediction: [ 0.82401329  0.09403776  0.0377145 ]
filename : 1254, Label: 14, Prediction: [ 0.9061386   0.03769353  0.01733465]
filename : 1256, Label: 13, Prediction: [  9.96775925e-01   2.02595373e-03   7.84986245e-04]
filename : 1262, Label: 19, Prediction: [ 0.63404429  0.32309538  0.01530208]
filename : 1271, Label: 29, Prediction: [ 0.68009281  0.16624224  0.07193962]
filename : 1284, Label: 5, Prediction: [ 0.92250508  0.03291593  0.01904168]
filename : 1291, Label: 13, Prediction: [ 0.88520497  0.07581105  0.02361374]
filename : 1309, Label: 11, Prediction: [ 0.93803459  0.02638001  0.00839602]
filename : 1316, Label: 24, Prediction: [ 0.70886588  0.1373287   0.10674608]
filename : 1321, Label: 26, Prediction: [  9.98341203e-01   6.17852900e-04   4.04737075e-04]
filename : 1327, Label: 11, Prediction: [ 0.48173243  0.16487683  0.16029248]
filename : 1340, Label: 7, Prediction: [ 0.33000973  0.27786848  0.15647487]
filename : 1350, Label: 14, Prediction: [ 0.9515093   0.01428128  0.01043322]
filename : 1363, Label: 23, Prediction: [ 0.93362796  0.05731489  0.0023951 ]
filename : 1371, Label: 5, Prediction: [ 0.96739286  0.01262727  0.00536592]
filename : 1379, Label: 19, Prediction: [ 0.91186529  0.04291103  0.01163033]
filename : 1386, Label: 8, Prediction: [ 0.7234394   0.21734078  0.01750483]
filename : 1393, Label: 4, Prediction: [ 0.78449756  0.08683449  0.08324745]
filename : 1396, Label: 20, Prediction: [ 0.9624514   0.03148971  0.004794  ]
filename : 1401, Label: 14, Prediction: [ 0.46086243  0.36211711  0.06907596]
filename : 141, Label: 6, Prediction: [ 0.69652051  0.10379146  0.0734175 ]
filename : 1420, Label: 27, Prediction: [ 0.51011235  0.29504803  0.09819026]
filename : 1428, Label: 2, Prediction: [ 0.95637304  0.02986202  0.00267456]
filename : 1436, Label: 1, Prediction: [ 0.70929933  0.10740852  0.06361992]
filename : 1449, Label: 2, Prediction: [ 0.14748883  0.14155741  0.1392187 ]
filename : 1455, Label: 22, Prediction: [ 0.40015897  0.26143304  0.20503345]
filename : 1457, Label: 22, Prediction: [ 0.72943944  0.07886636  0.05538716]
filename : 1466, Label: 5, Prediction: [ 0.40550449  0.22277273  0.09714694]
filename : 1475, Label: 8, Prediction: [ 0.60686702  0.17882076  0.04072576]
filename : 1482, Label: 24, Prediction: [  6.07911527e-01   3.91022235e-01   3.14147619e-04]
filename : 1491, Label: 28, Prediction: [ 0.33999068  0.31152016  0.30141389]
filename : 1501, Label: 7, Prediction: [ 0.56607825  0.31598228  0.05306749]
filename : 1511, Label: 5, Prediction: [ 0.86987382  0.09927764  0.01361248]
filename : 1521, Label: 13, Prediction: [  9.99292016e-01   6.06320275e-04   2.25227723e-05]
filename : 1526, Label: 25, Prediction: [ 0.43062487  0.27827594  0.05794986]
filename : 1533, Label: 6, Prediction: [ 0.59206283  0.19916865  0.05310628]
filename : 1539, Label: 23, Prediction: [  5.87206721e-01   4.11797374e-01   2.47747434e-04]
filename : 1548, Label: 9, Prediction: [ 0.69314611  0.188164    0.09415696]
filename : 1561, Label: 27, Prediction: [  9.99962926e-01   1.69478189e-05   1.09562425e-05]
filename : 157, Label: 11, Prediction: [ 0.73300135  0.15240942  0.05680727]
filename : 1575, Label: 6, Prediction: [ 0.59848338  0.19096002  0.04276707]
filename : 1583, Label: 14, Prediction: [ 0.49254149  0.4732039   0.00790455]
filename : 1585, Label: 16, Prediction: [ 0.60031426  0.31810743  0.03975625]
filename : 1592, Label: 25, Prediction: [ 0.58956945  0.27323294  0.06980065]
filename : 16, Label: 13, Prediction: [ 0.50851136  0.49016729  0.00054512]
filename : 1603, Label: 12, Prediction: [ 0.70798779  0.14451894  0.07122753]
filename : 1610, Label: 23, Prediction: [ 0.84208202  0.11091012  0.03773213]
filename : 1615, Label: 16, Prediction: [ 0.45155385  0.25632191  0.06594012]
filename : 1622, Label: 28, Prediction: [ 0.64936656  0.22497697  0.08896729]
filename : 163, Label: 12, Prediction: [ 0.60618073  0.14529362  0.08529583]
filename : 1633, Label: 16, Prediction: [ 0.69210339  0.18360953  0.05813305]
filename : 164, Label: 13, Prediction: [ 0.85942793  0.13492657  0.00484275]
filename : 1645, Label: 17, Prediction: [ 0.91432387  0.03935037  0.01477011]
filename : 1660, Label: 11, Prediction: [ 0.54777443  0.1822219   0.09482415]
filename : 1666, Label: 1, Prediction: [ 0.76423186  0.08522141  0.0593814 ]
filename : 1672, Label: 10, Prediction: [ 0.40773973  0.3948116   0.12566103]
filename : 168, Label: 4, Prediction: [ 0.97895736  0.00813776  0.00311499]
filename : 1689, Label: 24, Prediction: [ 0.60136503  0.2187196   0.04661186]
filename : 1691, Label: 23, Prediction: [ 0.61824232  0.24295294  0.02749075]
filename : 170, Label: 27, Prediction: [  9.99992609e-01   2.24184146e-06   1.97017539e-06]
filename : 1704, Label: 22, Prediction: [ 0.70028245  0.15636632  0.038441  ]
filename : 1712, Label: 6, Prediction: [ 0.99033606  0.00315728  0.00286499]
filename : 1721, Label: 16, Prediction: [ 0.88149142  0.10903142  0.00496256]
filename : 173, Label: 16, Prediction: [ 0.51695871  0.13009953  0.104576  ]
filename : 1740, Label: 3, Prediction: [ 0.66097599  0.11024074  0.10902166]
filename : 1754, Label: 5, Prediction: [ 0.63438416  0.10703029  0.07154862]
filename : 1759, Label: 6, Prediction: [ 0.9757145   0.00748133  0.00544427]
filename : 1766, Label: 27, Prediction: [  9.99943256e-01   2.39140099e-05   7.00832697e-06]
filename : 1777, Label: 1, Prediction: [ 0.91249382  0.03912273  0.01440407]
filename : 1784, Label: 14, Prediction: [ 0.74185127  0.08484073  0.05237594]
filename : 1790, Label: 10, Prediction: [  9.98472869e-01   7.63165008e-04   2.37885062e-04]
filename : 18, Label: 22, Prediction: [ 0.68474907  0.14526609  0.08533335]
filename : 1804, Label: 26, Prediction: [  9.98514712e-01   5.75265090e-04   4.72662738e-04]
filename : 1815, Label: 24, Prediction: [ 0.57190353  0.26166496  0.13143075]
filename : 1817, Label: 15, Prediction: [ 0.23507816  0.17468333  0.1481638 ]
filename : 1826, Label: 21, Prediction: [ 0.81760687  0.06585711  0.02661589]
filename : 1834, Label: 26, Prediction: [ 0.99187523  0.00495272  0.00162591]
filename : 1842, Label: 16, Prediction: [ 0.74211752  0.17076522  0.01953455]
filename : 1848, Label: 14, Prediction: [ 0.96455783  0.0137609   0.0097436 ]
filename : 1855, Label: 13, Prediction: [ 0.44679683  0.20597088  0.18115391]
filename : 1864, Label: 5, Prediction: [ 0.91639495  0.05737946  0.01577217]
filename : 1879, Label: 5, Prediction: [ 0.48316675  0.24391934  0.14830607]
filename : 1881, Label: 1, Prediction: [ 0.43142465  0.23128326  0.13847911]
filename : 1892, Label: 18, Prediction: [ 0.3574017   0.16131894  0.10305741]
filename : 1900, Label: 27, Prediction: [  9.99996185e-01   1.28362365e-06   1.24032294e-06]
filename : 1908, Label: 8, Prediction: [ 0.60180598  0.21828268  0.10320875]
filename : 1923, Label: 5, Prediction: [ 0.78275657  0.10984304  0.03474813]
filename : 1929, Label: 14, Prediction: [ 0.43835914  0.36069945  0.06179791]
filename : 1939, Label: 5, Prediction: [ 0.53747576  0.07457151  0.06988567]
filename : 1945, Label: 2, Prediction: [ 0.2929683   0.24441074  0.19293706]
filename : 1948, Label: 24, Prediction: [ 0.90765887  0.02676845  0.02265692]
filename : 1960, Label: 29, Prediction: [ 0.50225824  0.31178084  0.16202486]
filename : 1969, Label: 13, Prediction: [ 0.87846094  0.0505139   0.02704563]
filename : 1979, Label: 19, Prediction: [ 0.4579179   0.23376283  0.09516814]
filename : 1988, Label: 20, Prediction: [ 0.94876403  0.04280107  0.00434094]
filename : 1997, Label: 11, Prediction: [ 0.73560369  0.18914978  0.06176564]
filename : 2001, Label: 3, Prediction: [ 0.75295007  0.10324349  0.02996263]
filename : 2013, Label: 5, Prediction: [ 0.71419227  0.21555497  0.01703618]
filename : 2014, Label: 16, Prediction: [ 0.37098369  0.32083592  0.071585  ]
filename : 2021, Label: 5, Prediction: [ 0.97730708  0.01502355  0.00531055]
filename : 2029, Label: 15, Prediction: [ 0.61345875  0.3203114   0.04489341]
filename : 2038, Label: 2, Prediction: [ 0.42290598  0.41315478  0.05220544]
filename : 2046, Label: 9, Prediction: [ 0.95293015  0.02934438  0.01224535]
filename : 2054, Label: 28, Prediction: [ 0.46803963  0.39209312  0.02995759]
filename : 2066, Label: 29, Prediction: [ 0.91220492  0.0668748   0.0197682 ]
filename : 2076, Label: 28, Prediction: [ 0.94577104  0.02760323  0.01704633]
filename : 2078, Label: 14, Prediction: [ 0.36244103  0.29103789  0.20785266]
filename : 2091, Label: 5, Prediction: [ 0.60401237  0.11390267  0.08399638]
filename : 21, Label: 21, Prediction: [  9.88362134e-01   1.05812121e-02   2.86381779e-04]
filename : 2108, Label: 11, Prediction: [ 0.79900157  0.05856142  0.04201518]
filename : 2117, Label: 11, Prediction: [ 0.21872859  0.20618939  0.18384115]
filename : 2131, Label: 2, Prediction: [ 0.92635238  0.01710319  0.01541967]
filename : 2138, Label: 14, Prediction: [ 0.97518051  0.00976876  0.00479103]
filename : 2149, Label: 25, Prediction: [ 0.82727563  0.03678366  0.02274091]
filename : 2151, Label: 18, Prediction: [ 0.6991654   0.12078087  0.06770533]
filename : 2158, Label: 22, Prediction: [  9.99994040e-01   3.67390749e-06   9.12585904e-07]
filename : 2167, Label: 14, Prediction: [ 0.43821928  0.11230315  0.1066379 ]
filename : 2174, Label: 23, Prediction: [ 0.77321601  0.14125243  0.02274318]
filename : 2183, Label: 29, Prediction: [ 0.98836398  0.00268393  0.00190804]
filename : 2191, Label: 13, Prediction: [  9.99993086e-01   3.94523113e-06   2.27448572e-06]
filename : 2197, Label: 14, Prediction: [ 0.42950913  0.35434806  0.11731764]
filename : 2201, Label: 29, Prediction: [ 0.64832574  0.26183933  0.05352887]
filename : 2202, Label: 2, Prediction: [  9.94340897e-01   1.22909644e-03   9.47527529e-04]
filename : 221, Label: 15, Prediction: [ 0.84752589  0.05451529  0.0432342 ]
filename : 2218, Label: 4, Prediction: [ 0.76048881  0.19532201  0.01175357]
filename : 2228, Label: 22, Prediction: [ 0.98212254  0.00748791  0.00182636]
filename : 2238, Label: 8, Prediction: [ 0.72108662  0.17733194  0.06771941]
filename : 2248, Label: 21, Prediction: [ 0.82783508  0.04980434  0.04557018]
filename : 2256, Label: 26, Prediction: [ 0.87739712  0.06208579  0.0541087 ]
filename : 2265, Label: 14, Prediction: [ 0.85543025  0.06615861  0.05378176]
filename : 2266, Label: 9, Prediction: [ 0.51168013  0.45567107  0.01720058]
filename : 2278, Label: 9, Prediction: [ 0.75397992  0.12470303  0.03773466]
filename : 2287, Label: 17, Prediction: [  9.99826372e-01   8.24173767e-05   8.16699248e-05]
filename : 2297, Label: 2, Prediction: [ 0.36101058  0.2254694   0.07764437]
filename : 2300, Label: 25, Prediction: [ 0.53988039  0.29940313  0.0658185 ]
filename : 2312, Label: 23, Prediction: [ 0.54240674  0.37679806  0.07054049]
filename : 2327, Label: 12, Prediction: [ 0.97669798  0.0137935   0.00354544]
filename : 2336, Label: 16, Prediction: [ 0.71885866  0.05732126  0.05335247]
filename : 2337, Label: 28, Prediction: [ 0.7894333   0.14517754  0.01550089]
filename : 2344, Label: 2, Prediction: [ 0.4368234   0.23567872  0.13691904]
filename : 2351, Label: 29, Prediction: [ 0.48337913  0.4743793   0.0244849 ]
filename : 2364, Label: 14, Prediction: [ 0.93232071  0.05841798  0.00599197]
filename : 2371, Label: 13, Prediction: [ 0.89804298  0.05843192  0.02731223]
filename : 2380, Label: 13, Prediction: [ 0.96580839  0.01642667  0.0067769 ]
filename : 2389, Label: 25, Prediction: [ 0.50194591  0.22776081  0.17238078]
filename : 2402, Label: 14, Prediction: [ 0.47529635  0.27794003  0.11637654]
filename : 2403, Label: 29, Prediction: [ 0.86701846  0.12675276  0.00166819]
filename : 2414, Label: 13, Prediction: [  9.90727425e-01   8.85757897e-03   2.00626018e-04]
filename : 242, Label: 12, Prediction: [ 0.44233733  0.29251015  0.19578788]
filename : 2433, Label: 15, Prediction: [ 0.65742946  0.20639995  0.08906066]
filename : 2446, Label: 19, Prediction: [ 0.82329583  0.05452647  0.05004304]
filename : 2453, Label: 11, Prediction: [ 0.75977111  0.07068522  0.04663142]
filename : 246, Label: 29, Prediction: [ 0.62521982  0.19346294  0.15273078]
filename : 2467, Label: 5, Prediction: [ 0.96235657  0.01251042  0.00884623]
filename : 2470, Label: 13, Prediction: [  5.91262579e-01   4.07182723e-01   3.59301106e-04]
filename : 2477, Label: 12, Prediction: [ 0.84951913  0.09848661  0.0135864 ]
filename : 2484, Label: 27, Prediction: [ 0.95661801  0.0229693   0.01119234]
filename : 2499, Label: 19, Prediction: [ 0.35940906  0.31012371  0.18732166]
filename : 251, Label: 14, Prediction: [ 0.79568547  0.1191334   0.04081158]
filename : 2515, Label: 2, Prediction: [ 0.79128367  0.17081183  0.02547958]
filename : 2523, Label: 17, Prediction: [ 0.45195007  0.15408583  0.14341575]
filename : 2541, Label: 6, Prediction: [ 0.94915265  0.04872452  0.00148425]
filename : 2542, Label: 29, Prediction: [ 0.92429483  0.07228129  0.00184263]
filename : 2553, Label: 4, Prediction: [ 0.70619541  0.14049439  0.09996131]
filename : 2569, Label: 6, Prediction: [  9.96865571e-01   1.56308804e-03   5.32752019e-04]
filename : 2574, Label: 28, Prediction: [ 0.37617397  0.25740671  0.15422881]
filename : 2580, Label: 9, Prediction: [ 0.75672919  0.15992865  0.06839593]
filename : 2585, Label: 1, Prediction: [  9.91964817e-01   6.60788734e-03   6.11733762e-04]
filename : 26, Label: 13, Prediction: [ 0.87881792  0.09961484  0.01916945]
filename : 2607, Label: 14, Prediction: [ 0.23848382  0.18747345  0.12138116]
filename : 2608, Label: 6, Prediction: [ 0.98430079  0.00402707  0.00400051]
filename : 2618, Label: 28, Prediction: [ 0.49804294  0.28729391  0.14073549]
filename : 2630, Label: 9, Prediction: [ 0.94837046  0.02263625  0.00614475]
filename : 264, Label: 19, Prediction: [ 0.17207998  0.12478394  0.11315587]
filename : 2650, Label: 10, Prediction: [ 0.50664711  0.31491098  0.06237371]
filename : 266, Label: 22, Prediction: [ 0.64209944  0.11954231  0.08969092]
filename : 2668, Label: 16, Prediction: [ 0.37851146  0.24639134  0.20250279]
filename : 2675, Label: 11, Prediction: [  9.62435842e-01   3.43521833e-02   7.37978145e-04]
filename : 2676, Label: 28, Prediction: [ 0.50849479  0.14193204  0.10900947]
filename : 2681, Label: 16, Prediction: [ 0.43334645  0.14926472  0.06431727]
filename : 2686, Label: 9, Prediction: [ 0.68274266  0.17461091  0.10026302]
filename : 2699, Label: 19, Prediction: [ 0.68690902  0.1163717   0.03533693]
filename : 2711, Label: 11, Prediction: [ 0.39031661  0.27752113  0.22497918]
filename : 2726, Label: 6, Prediction: [ 0.7305268   0.20384026  0.05195586]
filename : 2734, Label: 8, Prediction: [ 0.65871942  0.16774318  0.10120803]
filename : 274, Label: 17, Prediction: [ 0.75942624  0.07914433  0.03739016]
filename : 2740, Label: 11, Prediction: [ 0.72331232  0.09597915  0.05949305]
filename : 2750, Label: 24, Prediction: [ 0.64524496  0.15023822  0.05853935]
filename : 2765, Label: 10, Prediction: [ 0.70927328  0.13018207  0.11288374]
filename : 2773, Label: 14, Prediction: [ 0.98994291  0.00770348  0.00175877]
filename : 2789, Label: 18, Prediction: [ 0.57037914  0.24045011  0.12732421]
filename : 2797, Label: 22, Prediction: [ 0.98024029  0.00663409  0.00278358]
filename : 2805, Label: 14, Prediction: [ 0.52284843  0.23854022  0.117382  ]
filename : 2813, Label: 12, Prediction: [ 0.55697173  0.26685107  0.10772087]
filename : 2815, Label: 29, Prediction: [ 0.44227949  0.26811191  0.15136425]
filename : 2822, Label: 26, Prediction: [ 0.39023954  0.27596897  0.13177466]
filename : 2830, Label: 27, Prediction: [ 0.83864588  0.0776443   0.06892733]
filename : 2838, Label: 6, Prediction: [ 0.92069334  0.05259321  0.01243125]
filename : 2845, Label: 21, Prediction: [ 0.55544466  0.13321587  0.10356042]
filename : 2858, Label: 4, Prediction: [ 0.73771572  0.09025361  0.06057318]
filename : 2869, Label: 9, Prediction: [ 0.31790423  0.27852017  0.24017647]
filename : 2877, Label: 9, Prediction: [ 0.61003649  0.12309866  0.07007454]
filename : 2878, Label: 25, Prediction: [ 0.43049034  0.1077036   0.09182129]
filename : 2894, Label: 22, Prediction: [ 0.97269338  0.00762207  0.00508946]
filename : 2902, Label: 17, Prediction: [ 0.95826143  0.01049321  0.00804332]
filename : 2912, Label: 13, Prediction: [  9.99168515e-01   7.98229768e-04   8.02399973e-06]
filename : 292, Label: 7, Prediction: [ 0.23612061  0.1808719   0.17174606]
filename : 293, Label: 27, Prediction: [  9.99918461e-01   7.81295385e-05   1.18141531e-06]
filename : 2940, Label: 15, Prediction: [ 0.98839021  0.00747787  0.00172304]
filename : 2946, Label: 8, Prediction: [ 0.17186454  0.16593887  0.09851854]
filename : 2948, Label: 14, Prediction: [ 0.44076955  0.1476382   0.10426739]
filename : 2956, Label: 4, Prediction: [ 0.87508559  0.06856178  0.02104563]
filename : 2964, Label: 7, Prediction: [ 0.39821595  0.12510154  0.10826548]
filename : 2970, Label: 3, Prediction: [ 0.48985735  0.1421162   0.11284221]
filename : 2983, Label: 13, Prediction: [ 0.35065195  0.17276622  0.14243217]
filename : 2993, Label: 22, Prediction: [ 0.69243765  0.11713679  0.07979987]
filename : 3000, Label: 24, Prediction: [ 0.52573454  0.31818557  0.10124622]
filename : 3011, Label: 15, Prediction: [ 0.68813187  0.11754097  0.05155928]
filename : 3013, Label: 1, Prediction: [ 0.28484687  0.26695481  0.25688481]
filename : 3021, Label: 15, Prediction: [ 0.72717255  0.1235258   0.0650813 ]
filename : 3026, Label: 16, Prediction: [ 0.30449411  0.25601494  0.1493139 ]
filename : 3034, Label: 29, Prediction: [ 0.96162015  0.01578265  0.01479995]
filename : 3042, Label: 6, Prediction: [ 0.36365014  0.34516841  0.08341181]
filename : 305, Label: 29, Prediction: [ 0.91944665  0.05453673  0.00560868]
filename : 3059, Label: 25, Prediction: [ 0.30424669  0.2165045   0.16873267]
filename : 3063, Label: 3, Prediction: [ 0.67046112  0.12704192  0.06504691]
filename : 3064, Label: 26, Prediction: [ 0.79087365  0.16887765  0.02148153]
filename : 307, Label: 29, Prediction: [  9.98234034e-01   8.05614574e-04   3.00007989e-04]
filename : 3083, Label: 11, Prediction: [ 0.54788846  0.26041445  0.07589559]
filename : 3091, Label: 15, Prediction: [ 0.61569643  0.13483085  0.05501351]
filename : 31, Label: 24, Prediction: [ 0.5976913   0.05451157  0.05034186]
filename : 3108, Label: 8, Prediction: [ 0.37076423  0.23032503  0.07528547]
filename : 3119, Label: 22, Prediction: [ 0.72236842  0.25008568  0.01257232]
filename : 3125, Label: 5, Prediction: [ 0.83088702  0.10919366  0.02190785]
filename : 3126, Label: 17, Prediction: [ 0.51208639  0.22488229  0.13952097]
filename : 3132, Label: 24, Prediction: [ 0.95385182  0.03350459  0.00932748]
filename : 3139, Label: 2, Prediction: [ 0.73604929  0.20804091  0.02457433]
filename : 3148, Label: 25, Prediction: [ 0.74102944  0.19635543  0.02593054]
filename : 3157, Label: 8, Prediction: [ 0.86222523  0.0654282   0.03075914]
filename : 3161, Label: 2, Prediction: [ 0.54521084  0.17162421  0.05817338]
filename : 3168, Label: 16, Prediction: [ 0.9219141   0.05626182  0.01009864]
filename : 3177, Label: 4, Prediction: [ 0.50365859  0.24819881  0.17245549]
filename : 3179, Label: 10, Prediction: [ 0.8907069   0.0581079   0.03950754]
filename : 3187, Label: 27, Prediction: [ 0.63197845  0.28382066  0.03657198]
filename : 3195, Label: 14, Prediction: [ 0.96384257  0.02235628  0.00372264]
filename : 3200, Label: 2, Prediction: [ 0.82298613  0.08155992  0.0686423 ]
filename : 321, Label: 15, Prediction: [ 0.33167708  0.25206581  0.15823907]
filename : 3218, Label: 19, Prediction: [ 0.59185338  0.38091412  0.01207099]
filename : 3232, Label: 23, Prediction: [ 0.99473166  0.00270346  0.00135002]
filename : 3240, Label: 13, Prediction: [ 0.42142144  0.27146736  0.1587856 ]
filename : 3242, Label: 23, Prediction: [ 0.84713542  0.04773283  0.04316714]
filename : 3248, Label: 6, Prediction: [ 0.36521411  0.30141482  0.12648153]
filename : 3256, Label: 22, Prediction: [ 0.7470507   0.12121055  0.07885942]
filename : 3262, Label: 27, Prediction: [ 0.82970774  0.08402675  0.02224696]
filename : 3276, Label: 6, Prediction: [ 0.69942671  0.11436933  0.0791913 ]
filename : 3283, Label: 3, Prediction: [ 0.60238802  0.12985781  0.10066362]
filename : 3291, Label: 14, Prediction: [  9.98434365e-01   6.42468629e-04   3.73649673e-04]
filename : 3300, Label: 13, Prediction: [  9.97472346e-01   2.41431571e-03   7.37682276e-05]
filename : 3301, Label: 19, Prediction: [ 0.43618479  0.26372361  0.11485501]
filename : 3310, Label: 29, Prediction: [ 0.82108748  0.09148882  0.06453589]
filename : 3322, Label: 27, Prediction: [ 0.29950327  0.23389685  0.12315282]
filename : 3331, Label: 29, Prediction: [ 0.83651131  0.07138854  0.05328709]
filename : 3348, Label: 23, Prediction: [ 0.96626472  0.0249968   0.00497355]
filename : 3352, Label: 19, Prediction: [ 0.62284565  0.10853461  0.08763722]
filename : 3364, Label: 28, Prediction: [ 0.53573078  0.15218493  0.11029395]
filename : 3377, Label: 10, Prediction: [ 0.3312833   0.17060001  0.15071513]
filename : 3380, Label: 1, Prediction: [ 0.82637501  0.14746659  0.00858957]
filename : 339, Label: 14, Prediction: [ 0.3706488   0.2365983   0.12652183]
filename : 3395, Label: 19, Prediction: [ 0.89940321  0.02750309  0.02307298]
filename : 3410, Label: 29, Prediction: [ 0.31100598  0.15269494  0.11529598]
filename : 3416, Label: 25, Prediction: [ 0.65025026  0.18403307  0.06717499]
filename : 3421, Label: 22, Prediction: [ 0.81827611  0.0696445   0.05885848]
filename : 3433, Label: 4, Prediction: [ 0.98474747  0.00958412  0.00215185]
filename : 344, Label: 27, Prediction: [  9.99998331e-01   5.15353690e-07   2.78120666e-07]
filename : 3440, Label: 6, Prediction: [ 0.42891729  0.2068084   0.10583756]
filename : 3448, Label: 16, Prediction: [ 0.95545703  0.02250295  0.01389399]
filename : 3454, Label: 27, Prediction: [ 0.33852324  0.23673236  0.17589168]
filename : 3462, Label: 16, Prediction: [ 0.27536768  0.20704292  0.12198164]
filename : 347, Label: 6, Prediction: [ 0.34439757  0.26464567  0.07514392]
filename : 3474, Label: 3, Prediction: [ 0.97476429  0.00893135  0.00589992]
filename : 3482, Label: 16, Prediction: [ 0.97644901  0.00742221  0.00335592]
filename : 3489, Label: 23, Prediction: [  9.90216851e-01   9.10470914e-03   3.34817509e-04]
filename : 3491, Label: 12, Prediction: [ 0.80845219  0.03333568  0.02548299]
filename : 350, Label: 3, Prediction: [ 0.8978945   0.08422451  0.01412951]
filename : 3506, Label: 17, Prediction: [ 0.92589206  0.05942939  0.00573738]
filename : 3519, Label: 29, Prediction: [ 0.69901639  0.17578244  0.07493778]
filename : 3523, Label: 17, Prediction: [ 0.49041691  0.23490965  0.13513738]
filename : 3535, Label: 5, Prediction: [ 0.92033702  0.04803298  0.01459042]
filename : 3547, Label: 19, Prediction: [ 0.70494145  0.19430973  0.02285788]
filename : 3551, Label: 28, Prediction: [ 0.34777915  0.11192714  0.10879672]
filename : 3553, Label: 14, Prediction: [  9.95811939e-01   1.89368869e-03   7.72216765e-04]
filename : 3561, Label: 21, Prediction: [ 0.91360331  0.02661138  0.01948027]
filename : 357, Label: 13, Prediction: [ 0.85166717  0.04803495  0.03419889]
filename : 3581, Label: 19, Prediction: [ 0.90222436  0.05561037  0.03711777]
filename : 3589, Label: 7, Prediction: [ 0.59966296  0.20079862  0.15650143]
filename : 3596, Label: 8, Prediction: [ 0.46571326  0.28978342  0.08692036]
filename : 3605, Label: 27, Prediction: [ 0.52002579  0.36836025  0.03188524]
filename : 3614, Label: 22, Prediction: [  9.92884278e-01   5.06862020e-03   7.60782626e-04]
filename : 3616, Label: 5, Prediction: [ 0.44853675  0.25687486  0.08699957]
filename : 3630, Label: 10, Prediction: [ 0.9128446   0.02897453  0.02129367]
filename : 3645, Label: 7, Prediction: [ 0.67648369  0.21672979  0.02332062]
filename : 3650, Label: 6, Prediction: [ 0.51379752  0.40389097  0.02892308]
filename : 3657, Label: 23, Prediction: [ 0.93898916  0.04568031  0.01019546]
filename : 3668, Label: 23, Prediction: [ 0.45031115  0.19512817  0.11780723]
filename : 3676, Label: 3, Prediction: [ 0.75703937  0.14330158  0.04121031]
filename : 3682, Label: 23, Prediction: [ 0.54450041  0.39488468  0.01828262]
filename : 3686, Label: 28, Prediction: [ 0.31233039  0.3039659   0.2630603 ]
filename : 3693, Label: 20, Prediction: [ 0.90120518  0.09298277  0.00366012]
filename : 3706, Label: 18, Prediction: [ 0.19157481  0.18674058  0.15530577]
filename : 3714, Label: 4, Prediction: [ 0.98638725  0.00973711  0.00125118]
filename : 3727, Label: 17, Prediction: [  9.99781311e-01   1.74166329e-04   2.86095928e-05]
filename : 3733, Label: 24, Prediction: [ 0.31346184  0.2139474   0.16490242]
filename : 3742, Label: 19, Prediction: [ 0.5943644   0.10441347  0.06692639]
filename : 3749, Label: 5, Prediction: [ 0.82142258  0.08073287  0.04038973]
filename : 375, Label: 16, Prediction: [ 0.43705034  0.3284075   0.20506358]
filename : 376, Label: 26, Prediction: [ 0.99475563  0.00234658  0.00102438]
filename : 3764, Label: 4, Prediction: [ 0.91551036  0.07198802  0.00341547]
filename : 3770, Label: 26, Prediction: [ 0.58728957  0.20246296  0.13183311]
filename : 3780, Label: 25, Prediction: [ 0.91606802  0.0452181   0.02469569]
filename : 3793, Label: 14, Prediction: [ 0.33536965  0.20608334  0.19319384]
filename : 380, Label: 13, Prediction: [ 0.99178481  0.00385406  0.00283407]
filename : 3808, Label: 19, Prediction: [ 0.5090518   0.26228851  0.11325928]
filename : 381, Label: 7, Prediction: [ 0.72631514  0.26013929  0.00595663]
filename : 3828, Label: 17, Prediction: [ 0.76991338  0.10837562  0.03692285]
filename : 384, Label: 13, Prediction: [ 0.77007043  0.21335959  0.00965446]
filename : 3847, Label: 23, Prediction: [ 0.58132941  0.14561825  0.08417014]
filename : 386, Label: 14, Prediction: [ 0.68919861  0.13733122  0.06510057]
filename : 387, Label: 20, Prediction: [  6.46687627e-01   3.51547569e-01   4.80978109e-04]
filename : 388, Label: 5, Prediction: [ 0.67019886  0.17359345  0.12060998]
filename : 3890, Label: 22, Prediction: [ 0.87827003  0.07968301  0.01531136]
filename : 3891, Label: 23, Prediction: [ 0.83555335  0.10669995  0.03471002]
filename : 3902, Label: 5, Prediction: [ 0.46674708  0.3783792   0.07307427]
filename : 3915, Label: 6, Prediction: [  9.97048080e-01   2.75287218e-03   1.37081690e-04]
filename : 3923, Label: 13, Prediction: [ 0.87324184  0.05356851  0.02980285]
filename : 3929, Label: 4, Prediction: [ 0.72127032  0.13195613  0.09878205]
filename : 3938, Label: 5, Prediction: [ 0.90622771  0.08209502  0.00539193]
filename : 3950, Label: 14, Prediction: [ 0.97320527  0.01063549  0.00591936]
filename : 3957, Label: 6, Prediction: [ 0.36080444  0.17003506  0.0983505 ]
filename : 3958, Label: 29, Prediction: [ 0.82927871  0.11600269  0.04841658]
filename : 3964, Label: 7, Prediction: [ 0.5227502   0.12761606  0.11659528]
filename : 3973, Label: 6, Prediction: [ 0.55047107  0.21327876  0.0711643 ]
filename : 3979, Label: 14, Prediction: [ 0.52379566  0.33208084  0.06544796]
filename : 399, Label: 1, Prediction: [ 0.97320968  0.01756732  0.00493243]
filename : 400, Label: 13, Prediction: [ 0.51957208  0.39433134  0.07895324]
filename : 4012, Label: 20, Prediction: [ 0.97194934  0.01350552  0.00645576]
filename : 4024, Label: 19, Prediction: [ 0.81747031  0.09769813  0.0640927 ]
filename : 4027, Label: 3, Prediction: [ 0.83463961  0.15873057  0.00556116]
filename : 4032, Label: 27, Prediction: [ 0.19540076  0.16741897  0.14824104]
filename : 4041, Label: 29, Prediction: [ 0.88504118  0.07836769  0.01707186]
filename : 4052, Label: 5, Prediction: [ 0.43365574  0.30237165  0.15063585]
filename : 4062, Label: 15, Prediction: [ 0.31380552  0.24021116  0.1575823 ]
filename : 4068, Label: 10, Prediction: [ 0.74961579  0.1056939   0.05731171]
filename : 4074, Label: 19, Prediction: [ 0.42317235  0.40094343  0.05662464]
filename : 4080, Label: 11, Prediction: [ 0.99399066  0.00445077  0.00100894]
filename : 4081, Label: 11, Prediction: [ 0.74743086  0.12627906  0.05891348]
filename : 4089, Label: 19, Prediction: [ 0.57337087  0.21004683  0.13430782]
filename : 4099, Label: 12, Prediction: [ 0.43674326  0.25659099  0.11786028]
filename : 4103, Label: 3, Prediction: [ 0.83129615  0.04312541  0.04076804]
filename : 411, Label: 8, Prediction: [ 0.63422185  0.2794638   0.04515852]
filename : 4115, Label: 16, Prediction: [ 0.46490169  0.35306963  0.05415152]
filename : 4124, Label: 18, Prediction: [ 0.64892483  0.24124561  0.105429  ]
filename : 413, Label: 12, Prediction: [  9.99539614e-01   1.41594937e-04   9.73512142e-05]
filename : 4132, Label: 16, Prediction: [ 0.81526476  0.13268369  0.02599953]
filename : 4142, Label: 6, Prediction: [ 0.67813408  0.06341206  0.05148637]
filename : 4150, Label: 27, Prediction: [  9.99968767e-01   1.40886241e-05   8.02244995e-06]
filename : 4167, Label: 6, Prediction: [ 0.514341    0.44172662  0.01075714]
filename : 4181, Label: 2, Prediction: [ 0.84738541  0.0626643   0.01966744]
filename : 4189, Label: 4, Prediction: [ 0.96445459  0.01872657  0.00750152]
filename : 4202, Label: 3, Prediction: [ 0.9438405   0.03160729  0.01235865]
filename : 4214, Label: 9, Prediction: [ 0.95548731  0.02069645  0.01295027]
filename : 4216, Label: 22, Prediction: [ 0.36140013  0.32293165  0.05373288]
filename : 4229, Label: 29, Prediction: [ 0.79273593  0.15843196  0.03387514]
filename : 4235, Label: 12, Prediction: [  9.99168515e-01   2.74785882e-04   1.33835158e-04]
filename : 4245, Label: 19, Prediction: [  9.95135844e-01   2.60600145e-03   7.35739945e-04]
filename : 4257, Label: 11, Prediction: [ 0.67683589  0.08363676  0.03874137]
filename : 4264, Label: 16, Prediction: [ 0.98400903  0.01205764  0.00170482]
filename : 428, Label: 4, Prediction: [ 0.87730104  0.07695435  0.03822562]
filename : 4289, Label: 24, Prediction: [ 0.38839269  0.29971492  0.15434022]
filename : 429, Label: 25, Prediction: [  9.98486876e-01   3.88225686e-04   2.16230226e-04]
filename : 4300, Label: 12, Prediction: [ 0.44284433  0.35065585  0.16672599]
filename : 4313, Label: 24, Prediction: [ 0.75870532  0.18786515  0.01358218]
filename : 4321, Label: 22, Prediction: [ 0.29470855  0.15427999  0.15164655]
filename : 4334, Label: 17, Prediction: [ 0.22056025  0.21530232  0.16130905]
filename : 4347, Label: 11, Prediction: [ 0.96728253  0.00448608  0.00442915]
filename : 4355, Label: 16, Prediction: [ 0.67590624  0.14305107  0.05641766]
filename : 4361, Label: 26, Prediction: [ 0.87062812  0.10064608  0.00713254]
filename : 4362, Label: 29, Prediction: [ 0.92515296  0.0294354   0.02570645]
filename : 4372, Label: 23, Prediction: [ 0.65660912  0.29348797  0.02463414]
filename : 4385, Label: 9, Prediction: [ 0.96819913  0.01280303  0.00476278]
filename : 4394, Label: 26, Prediction: [ 0.95710611  0.02149823  0.00456583]
filename : 440, Label: 22, Prediction: [ 0.57508194  0.20173274  0.15475157]
filename : 4407, Label: 17, Prediction: [ 0.20837431  0.19616091  0.12198681]
filename : 4415, Label: 11, Prediction: [ 0.56066579  0.13364072  0.06642817]
filename : 4432, Label: 27, Prediction: [ 0.87160254  0.10154596  0.01063605]
filename : 4433, Label: 11, Prediction: [ 0.30249831  0.22226448  0.20403507]
filename : 4441, Label: 7, Prediction: [ 0.39014474  0.11975658  0.09995949]
filename : 4453, Label: 4, Prediction: [ 0.62019253  0.23269507  0.06209499]
filename : 4469, Label: 19, Prediction: [ 0.6006642   0.23670761  0.06386408]
filename : 4478, Label: 4, Prediction: [ 0.73808008  0.19453259  0.03075942]
filename : 4489, Label: 7, Prediction: [ 0.34874859  0.22522764  0.0951841 ]
filename : 4506, Label: 6, Prediction: [ 0.38732359  0.20440966  0.16613686]
filename : 4516, Label: 6, Prediction: [ 0.41537336  0.3109372   0.10311657]
filename : 4518, Label: 29, Prediction: [ 0.97012931  0.01478967  0.01048305]
filename : 4527, Label: 16, Prediction: [ 0.66493434  0.1072208   0.10622501]
filename : 4538, Label: 29, Prediction: [  9.93220806e-01   4.69695404e-03   8.24492832e-04]
filename : 4549, Label: 27, Prediction: [ 0.70634764  0.11901991  0.05484932]
filename : 4555, Label: 19, Prediction: [ 0.40827498  0.17762049  0.12768769]
filename : 4567, Label: 2, Prediction: [ 0.99046016  0.00291751  0.00214653]
filename : 4572, Label: 27, Prediction: [ 0.88413322  0.04952844  0.0317664 ]
filename : 4586, Label: 13, Prediction: [ 0.97178608  0.00672201  0.00622297]
filename : 4587, Label: 29, Prediction: [ 0.81779003  0.08604842  0.0491784 ]
filename : 4599, Label: 25, Prediction: [ 0.45031744  0.34640619  0.06835391]
filename : 4608, Label: 13, Prediction: [  9.98737633e-01   1.06103974e-03   6.68587745e-05]
filename : 462, Label: 2, Prediction: [ 0.81952763  0.11506681  0.02183198]
filename : 4629, Label: 21, Prediction: [ 0.68745846  0.19686632  0.03091367]
filename : 4633, Label: 26, Prediction: [ 0.58478588  0.31426519  0.03190395]
filename : 4645, Label: 8, Prediction: [ 0.56523615  0.28342575  0.11208702]
filename : 4650, Label: 10, Prediction: [ 0.23076239  0.18827891  0.16186525]
filename : 4651, Label: 21, Prediction: [ 0.35949066  0.3297812   0.10954949]
filename : 4661, Label: 6, Prediction: [ 0.4154985   0.12648624  0.08952932]
filename : 467, Label: 13, Prediction: [ 0.75729513  0.10617752  0.05944386]
filename : 4680, Label: 27, Prediction: [ 0.52355641  0.41180542  0.01828517]
filename : 4695, Label: 12, Prediction: [ 0.88831103  0.06438694  0.02489462]
filename : 4705, Label: 19, Prediction: [ 0.50872517  0.10054541  0.09284688]
filename : 4719, Label: 22, Prediction: [ 0.46303138  0.26509404  0.16460754]
filename : 4729, Label: 25, Prediction: [ 0.71600866  0.1377636   0.08127628]
filename : 473, Label: 10, Prediction: [ 0.39472592  0.27649346  0.21678691]
filename : 4738, Label: 6, Prediction: [  9.96675849e-01   1.17484934e-03   7.73602747e-04]
filename : 4744, Label: 26, Prediction: [  9.87971961e-01   8.90420843e-03   8.48613447e-04]
filename : 4758, Label: 20, Prediction: [ 0.81872588  0.0961831   0.01587583]
filename : 4770, Label: 5, Prediction: [ 0.440999    0.29058897  0.26478809]
filename : 4775, Label: 19, Prediction: [ 0.66450489  0.28932673  0.03013199]
filename : 4780, Label: 19, Prediction: [ 0.49139029  0.36749136  0.05340658]
filename : 4788, Label: 20, Prediction: [ 0.57898688  0.36805877  0.02463111]
filename : 4789, Label: 24, Prediction: [ 0.65282726  0.17051695  0.08578337]
filename : 4796, Label: 3, Prediction: [ 0.91616428  0.05026591  0.01811516]
filename : 4811, Label: 29, Prediction: [ 0.46391302  0.27483884  0.25284642]
filename : 4821, Label: 16, Prediction: [ 0.19668229  0.1645126   0.15496251]
filename : 4829, Label: 17, Prediction: [ 0.32359493  0.19811909  0.15305643]
filename : 4838, Label: 16, Prediction: [ 0.408903    0.27093562  0.11426046]
filename : 4844, Label: 11, Prediction: [ 0.886464    0.03793812  0.03476405]
filename : 4854, Label: 27, Prediction: [ 0.63789433  0.12830295  0.05914454]
filename : 486, Label: 5, Prediction: [ 0.89049792  0.0619846   0.01949836]
filename : 4867, Label: 17, Prediction: [ 0.42704523  0.30561155  0.15961359]
filename : 4874, Label: 3, Prediction: [ 0.50267476  0.46249801  0.01848923]
filename : 4882, Label: 15, Prediction: [ 0.54564476  0.15738344  0.08820294]
filename : 4890, Label: 13, Prediction: [ 0.85797918  0.12644541  0.00894416]
filename : 4905, Label: 29, Prediction: [ 0.40236604  0.32702121  0.20480187]
filename : 4914, Label: 24, Prediction: [ 0.92707098  0.02583628  0.01329504]
filename : 4921, Label: 6, Prediction: [ 0.36328468  0.31883684  0.15041366]
filename : 4922, Label: 9, Prediction: [ 0.87497032  0.07267364  0.03431774]
filename : 493, Label: 22, Prediction: [ 0.27181199  0.21923712  0.20064746]
filename : 4940, Label: 11, Prediction: [ 0.92091161  0.03765925  0.01875816]
filename : 4952, Label: 2, Prediction: [ 0.99007696  0.00492754  0.0018687 ]
filename : 4963, Label: 6, Prediction: [ 0.77216208  0.09721769  0.06911969]
filename : 4972, Label: 17, Prediction: [ 0.21721838  0.21298099  0.12295003]
filename : 4981, Label: 7, Prediction: [ 0.31642777  0.11804415  0.10850728]
filename : 4989, Label: 16, Prediction: [ 0.82216299  0.07134058  0.03486315]
filename : 499, Label: 17, Prediction: [ 0.69627094  0.09268171  0.07600331]
filename : 50, Label: 5, Prediction: [ 0.25115559  0.23364735  0.22413205]
filename : 5006, Label: 5, Prediction: [ 0.2022019   0.09160031  0.08742123]
filename : 5017, Label: 1, Prediction: [ 0.52327222  0.22014672  0.1207441 ]
filename : 5026, Label: 22, Prediction: [ 0.55888057  0.13969968  0.05688806]
filename : 5034, Label: 15, Prediction: [ 0.31384045  0.21781023  0.21647926]
filename : 5044, Label: 12, Prediction: [  9.82144117e-01   1.58286281e-02   5.19059889e-04]
filename : 5055, Label: 2, Prediction: [ 0.42149493  0.3944397   0.07602903]
filename : 5057, Label: 22, Prediction: [ 0.93017578  0.04801337  0.00793337]
filename : 5067, Label: 28, Prediction: [ 0.70183265  0.14975798  0.10567062]
filename : 5082, Label: 27, Prediction: [  9.99895930e-01   6.78075448e-05   1.39984977e-05]
filename : 5088, Label: 9, Prediction: [ 0.69891006  0.25706512  0.03204228]
filename : 5093, Label: 4, Prediction: [ 0.54509509  0.23853578  0.13694519]
filename : 5101, Label: 29, Prediction: [ 0.45226526  0.34088719  0.07667908]
filename : 5109, Label: 28, Prediction: [ 0.34435967  0.32412836  0.10686933]
filename : 5119, Label: 26, Prediction: [ 0.81198192  0.04501326  0.03174205]
filename : 5121, Label: 12, Prediction: [ 0.8659938   0.11240289  0.01027842]
filename : 5130, Label: 28, Prediction: [ 0.50931549  0.25001591  0.21070249]
filename : 5140, Label: 8, Prediction: [ 0.26177788  0.11322831  0.08938204]
filename : 515, Label: 21, Prediction: [ 0.57843548  0.1918952   0.0430989 ]
filename : 5160, Label: 16, Prediction: [ 0.37895691  0.17186639  0.14453121]
filename : 5169, Label: 16, Prediction: [ 0.85254407  0.07575595  0.03255391]
filename : 5176, Label: 12, Prediction: [ 0.71845907  0.25482339  0.01031435]
filename : 5182, Label: 23, Prediction: [ 0.98112088  0.01544767  0.00277819]
filename : 5186, Label: 28, Prediction: [ 0.49477404  0.17351665  0.13521108]
filename : 5192, Label: 25, Prediction: [ 0.51801568  0.10011979  0.07889482]
filename : 520, Label: 27, Prediction: [ 0.52133322  0.16613328  0.15444125]
filename : 5205, Label: 3, Prediction: [  9.99540329e-01   2.33437619e-04   1.57873787e-04]
filename : 5215, Label: 2, Prediction: [  9.99845862e-01   8.04591618e-05   5.07776313e-05]
filename : 5224, Label: 29, Prediction: [ 0.79549062  0.17528988  0.01255273]
filename : 5237, Label: 5, Prediction: [ 0.83012778  0.05170351  0.02912261]
filename : 5249, Label: 25, Prediction: [ 0.31647947  0.18484755  0.1584173 ]
filename : 525, Label: 24, Prediction: [ 0.36795986  0.32981023  0.08409949]
filename : 5259, Label: 15, Prediction: [ 0.43195453  0.21410865  0.17963654]
filename : 5266, Label: 7, Prediction: [ 0.25300279  0.24207908  0.18541771]
filename : 5274, Label: 29, Prediction: [ 0.51083237  0.46695104  0.01447059]
filename : 5282, Label: 17, Prediction: [ 0.37864542  0.09375627  0.09115282]
filename : 5299, Label: 22, Prediction: [ 0.69092351  0.28121454  0.01684973]
filename : 5309, Label: 26, Prediction: [ 0.73648787  0.25593242  0.00377194]
filename : 5317, Label: 27, Prediction: [ 0.63367462  0.16409943  0.08655762]
filename : 5320, Label: 17, Prediction: [ 0.22437009  0.20026559  0.16189757]
filename : 5326, Label: 24, Prediction: [ 0.69050807  0.07704981  0.06023811]
filename : 5337, Label: 29, Prediction: [  7.57370174e-01   2.40536675e-01   6.05244015e-04]
filename : 5341, Label: 28, Prediction: [ 0.77622014  0.04553857  0.03515247]
filename : 5352, Label: 1, Prediction: [ 0.69957954  0.18441965  0.0735337 ]
filename : 5363, Label: 27, Prediction: [ 0.98576713  0.00397616  0.00280305]
filename : 5375, Label: 8, Prediction: [ 0.73918003  0.11817159  0.09303918]
filename : 5386, Label: 20, Prediction: [ 0.49492601  0.23216979  0.12846337]
filename : 539, Label: 19, Prediction: [ 0.67232305  0.12125357  0.08951712]
filename : 540, Label: 11, Prediction: [ 0.44828105  0.35586712  0.0724273 ]
filename : 5405, Label: 4, Prediction: [ 0.72931248  0.17668726  0.02656542]
filename : 541, Label: 20, Prediction: [ 0.25956559  0.21471979  0.12279447]
filename : 5415, Label: 26, Prediction: [ 0.3409104   0.22367555  0.17188004]
filename : 5420, Label: 19, Prediction: [ 0.36301392  0.19372159  0.1675739 ]
filename : 5430, Label: 6, Prediction: [ 0.27024749  0.2600022   0.24567935]
filename : 5440, Label: 27, Prediction: [ 0.97501874  0.02093455  0.00272508]
filename : 5441, Label: 14, Prediction: [ 0.42332968  0.35228536  0.06678965]
filename : 5453, Label: 8, Prediction: [ 0.93347734  0.03164776  0.02276835]
filename : 5458, Label: 29, Prediction: [ 0.47530201  0.20370683  0.14316888]
filename : 5464, Label: 27, Prediction: [ 0.8611142   0.06597452  0.03554004]
filename : 5470, Label: 21, Prediction: [ 0.73359931  0.10613993  0.06689537]
filename : 5479, Label: 12, Prediction: [ 0.53549582  0.4025673   0.01938519]
filename : 5489, Label: 28, Prediction: [ 0.29376373  0.24995176  0.23934831]
filename : 5495, Label: 24, Prediction: [ 0.80294532  0.14991421  0.03388845]
filename : 5496, Label: 23, Prediction: [ 0.54276335  0.2445409   0.08171715]
filename : 5501, Label: 28, Prediction: [ 0.49903437  0.43401852  0.03458009]
filename : 5507, Label: 13, Prediction: [ 0.74276447  0.09018692  0.07604519]
filename : 5517, Label: 17, Prediction: [ 0.67417359  0.05920783  0.05101456]
filename : 5524, Label: 1, Prediction: [ 0.29142985  0.19426909  0.1565773 ]
filename : 5533, Label: 14, Prediction: [ 0.8743763   0.0685112   0.01055116]
filename : 5543, Label: 4, Prediction: [ 0.98747456  0.00355842  0.00246839]
filename : 5555, Label: 18, Prediction: [ 0.47270012  0.43072802  0.02140123]
filename : 5557, Label: 17, Prediction: [ 0.20644657  0.1426848   0.13851234]
filename : 5563, Label: 6, Prediction: [ 0.43436581  0.18462147  0.11336157]
filename : 5569, Label: 2, Prediction: [ 0.80779481  0.1078551   0.05809887]
filename : 5573, Label: 2, Prediction: [ 0.52594692  0.20044331  0.10913108]
filename : 5583, Label: 19, Prediction: [ 0.68295693  0.1042593   0.06900188]
filename : 559, Label: 5, Prediction: [ 0.64493763  0.20886371  0.05750147]
filename : 5598, Label: 6, Prediction: [ 0.38517427  0.20776686  0.20226143]
filename : 5606, Label: 11, Prediction: [ 0.85506332  0.03639582  0.02907363]
filename : 5607, Label: 5, Prediction: [ 0.99394846  0.00347567  0.00110935]
filename : 5615, Label: 15, Prediction: [  9.25368726e-01   7.40812272e-02   9.87706298e-05]
filename : 562, Label: 23, Prediction: [ 0.72897917  0.10822576  0.04516733]
filename : 5627, Label: 16, Prediction: [ 0.22962999  0.19880643  0.18565647]
filename : 5633, Label: 27, Prediction: [  9.98862147e-01   8.05980060e-04   1.40135904e-04]
filename : 5641, Label: 12, Prediction: [ 0.60476947  0.15118417  0.10169192]
filename : 5650, Label: 6, Prediction: [ 0.96680343  0.01271322  0.01065933]
filename : 5659, Label: 11, Prediction: [ 0.6735689   0.11985461  0.0624674 ]
filename : 566, Label: 3, Prediction: [ 0.98016113  0.00750207  0.0036924 ]
filename : 5665, Label: 27, Prediction: [ 0.54898435  0.26699317  0.07214008]
filename : 568, Label: 13, Prediction: [ 0.55501992  0.25541118  0.07236585]
filename : 5689, Label: 19, Prediction: [ 0.61490357  0.15755948  0.05544408]
filename : 570, Label: 4, Prediction: [ 0.60818523  0.11723021  0.10213887]
filename : 5708, Label: 13, Prediction: [  9.99990225e-01   5.52992424e-06   1.77212337e-06]
filename : 5717, Label: 25, Prediction: [ 0.75337058  0.05869637  0.03954598]
filename : 5722, Label: 1, Prediction: [  9.96115208e-01   2.71407631e-03   4.07121930e-04]
filename : 5724, Label: 25, Prediction: [ 0.66593772  0.2288802   0.05173929]
filename : 5730, Label: 12, Prediction: [ 0.53704882  0.24254546  0.09560578]
filename : 5738, Label: 14, Prediction: [ 0.56503016  0.13076384  0.09584702]
filename : 5747, Label: 23, Prediction: [  9.94092166e-01   5.12470538e-03   4.42211749e-04]
filename : 5757, Label: 3, Prediction: [ 0.9515155   0.03244443  0.00481759]
filename : 5771, Label: 25, Prediction: [ 0.66814029  0.22231311  0.05549914]
filename : 5783, Label: 16, Prediction: [ 0.89471376  0.01904892  0.01482039]
filename : 580, Label: 4, Prediction: [ 0.5031327   0.28307608  0.04570202]
filename : 5800, Label: 14, Prediction: [  9.97295082e-01   1.28084701e-03   3.59306519e-04]
filename : 5809, Label: 16, Prediction: [ 0.32241607  0.19822381  0.13386303]
filename : 5818, Label: 28, Prediction: [ 0.43493316  0.23570526  0.1795823 ]
filename : 5828, Label: 26, Prediction: [ 0.50204623  0.33702284  0.06290206]
filename : 5833, Label: 6, Prediction: [ 0.99445856  0.00309636  0.00118572]
filename : 5848, Label: 5, Prediction: [ 0.98361868  0.01279573  0.00227891]
filename : 5855, Label: 1, Prediction: [ 0.24945983  0.16224132  0.13667434]
filename : 5866, Label: 20, Prediction: [ 0.81044042  0.09073833  0.08012401]
filename : 5868, Label: 27, Prediction: [ 0.58091736  0.38123468  0.02108001]
filename : 5875, Label: 23, Prediction: [ 0.21408817  0.16194932  0.07836622]
filename : 5886, Label: 12, Prediction: [ 0.60423827  0.12772587  0.10068701]
filename : 5897, Label: 5, Prediction: [ 0.63364786  0.21185277  0.07068074]
filename : 5904, Label: 14, Prediction: [ 0.96051174  0.02573627  0.00769827]
filename : 5915, Label: 19, Prediction: [ 0.6535114   0.17704199  0.04173773]
filename : 5928, Label: 23, Prediction: [ 0.82724726  0.0923399   0.05319311]
filename : 5935, Label: 13, Prediction: [ 0.91324484  0.05524541  0.01720828]
filename : 5936, Label: 21, Prediction: [ 0.36929375  0.09023651  0.07542766]
filename : 5942, Label: 22, Prediction: [ 0.9645555   0.02116632  0.00479561]
filename : 5952, Label: 7, Prediction: [ 0.77422881  0.13253333  0.03499051]
filename : 5961, Label: 11, Prediction: [ 0.36053285  0.21499163  0.12586533]
filename : 5969, Label: 29, Prediction: [ 0.44935676  0.40027407  0.09384399]
filename : 5985, Label: 11, Prediction: [ 0.83450043  0.04787439  0.03104165]
filename : 5992, Label: 24, Prediction: [ 0.83005089  0.02950555  0.02631867]
filename : 5998, Label: 21, Prediction: [ 0.39260006  0.13235797  0.1257022 ]
filename : 6, Label: 29, Prediction: [ 0.6135903   0.13696212  0.08326306]
filename : 613, Label: 5, Prediction: [ 0.98990142  0.00274285  0.00249003]
filename : 622, Label: 17, Prediction: [ 0.27621624  0.18214057  0.12143143]
filename : 629, Label: 5, Prediction: [ 0.84907955  0.08549359  0.03537341]
filename : 636, Label: 29, Prediction: [ 0.9927367   0.00379788  0.00179885]
filename : 645, Label: 17, Prediction: [ 0.45428246  0.16843529  0.10399473]
filename : 658, Label: 17, Prediction: [ 0.58696252  0.26079723  0.02756235]
filename : 663, Label: 22, Prediction: [ 0.88662261  0.08639243  0.01071138]
filename : 665, Label: 27, Prediction: [ 0.97917491  0.01257301  0.00339061]
filename : 670, Label: 23, Prediction: [ 0.80129039  0.1554132   0.01373054]
filename : 680, Label: 5, Prediction: [ 0.61326683  0.38009983  0.00323115]
filename : 691, Label: 18, Prediction: [ 0.38454276  0.1165363   0.11512414]
filename : 701, Label: 27, Prediction: [ 0.90522021  0.08712764  0.00499939]
filename : 711, Label: 3, Prediction: [ 0.5013653   0.33029693  0.10866004]
filename : 718, Label: 27, Prediction: [ 0.98780572  0.0053932   0.0033813 ]
filename : 725, Label: 15, Prediction: [  7.25117207e-01   2.72567511e-01   4.93034429e-04]
filename : 727, Label: 26, Prediction: [ 0.20469607  0.16592745  0.15210161]
filename : 735, Label: 22, Prediction: [ 0.98529398  0.00620125  0.00169353]
filename : 746, Label: 15, Prediction: [ 0.3258718   0.29969913  0.14463411]
filename : 753, Label: 14, Prediction: [ 0.91311812  0.04541742  0.01414127]
filename : 762, Label: 6, Prediction: [ 0.98944759  0.00334307  0.00270474]
filename : 772, Label: 3, Prediction: [ 0.97522098  0.0083768   0.00377336]
filename : 780, Label: 5, Prediction: [  9.74677861e-01   2.38579717e-02   4.04952036e-04]
filename : 787, Label: 27, Prediction: [ 0.14134534  0.13990086  0.09262946]
filename : 790, Label: 26, Prediction: [  9.99959946e-01   3.44486762e-05   1.65007214e-06]
filename : 8, Label: 4, Prediction: [ 0.97334427  0.01387776  0.00953505]
filename : 808, Label: 7, Prediction: [ 0.35106269  0.286614    0.10348558]
filename : 82, Label: 21, Prediction: [ 0.20793174  0.16953389  0.13848406]
filename : 828, Label: 23, Prediction: [ 0.55266029  0.14909168  0.10854792]
filename : 837, Label: 29, Prediction: [ 0.56735206  0.40614024  0.01232756]
filename : 844, Label: 26, Prediction: [ 0.24951112  0.22994128  0.12217948]
filename : 853, Label: 18, Prediction: [ 0.39393011  0.31438714  0.09618028]
filename : 854, Label: 27, Prediction: [ 0.92636138  0.01486668  0.01129253]
filename : 864, Label: 27, Prediction: [ 0.97616881  0.00671808  0.00499633]
filename : 871, Label: 2, Prediction: [ 0.48468634  0.34601614  0.07148948]
filename : 880, Label: 5, Prediction: [ 0.25412667  0.18391538  0.1749557 ]
filename : 890, Label: 13, Prediction: [ 0.88386089  0.04697486  0.0140752 ]
filename : 90, Label: 8, Prediction: [ 0.50972992  0.48554537  0.00138557]
filename : 905, Label: 10, Prediction: [ 0.96894729  0.00811586  0.00455985]
filename : 910, Label: 17, Prediction: [ 0.88009578  0.0273235   0.02553044]
filename : 911, Label: 6, Prediction: [ 0.35546255  0.28597039  0.0765676 ]
filename : 922, Label: 16, Prediction: [ 0.96143019  0.01749836  0.01063008]
filename : 932, Label: 29, Prediction: [ 0.50531358  0.23372741  0.16051838]
filename : 939, Label: 12, Prediction: [ 0.24429436  0.22432081  0.18356574]
filename : 949, Label: 14, Prediction: [  9.95065153e-01   2.78246938e-03   6.54669362e-04]
filename : 958, Label: 13, Prediction: [ 0.34500897  0.30709586  0.25134104]
filename : 966, Label: 5, Prediction: [ 0.54689759  0.22336349  0.10172151]
filename : 975, Label: 16, Prediction: [ 0.37695378  0.36752227  0.07505232]
